ERROR: Can't parse Start datedf=yes2018117 as date
ERROR: Can't parse Start date20200203 as date
ERROR: Can't parse Start date20200404 as date
ERROR: Can't parse Start date200516 as date
ERROR: Can't parse 2019–04–16 as date
ERROR: Can't parse other dates20eptember 2012 as date
ERROR: Can't parse other dates20eptember 2012 16:57 as date
ERROR: Can't parse [http://en.wikipedia.org/w/index.php?title=Billboard_%28advertising%29&oldid=55345787 May 26, 2006] as date
ERROR: Can't parse 5534-57-87 as date
ERROR: Can't parse [http://en.wikipedia.org/w/index.php?title=Billboard_%28advertising%29&oldid=55345787 May 26, 2006] 17:39 as date
ERROR: Can't parse 5534-57-87 as date
ERROR: Can't parse Start date20050816 as date
ERROR: Can't parse Start date20200328 as date
ERROR: Can't parse Start datedf=yes20110523 as date
ERROR: Can't parse 2009-049 as date
ERROR: Can't parse 2009-049 25:05 as date
ERROR: Can't parse start date20200619 as date
ERROR: Can't parse Start date20200224 as date
ERROR: Can't parse 2018=06-19 as date
ERROR: Can't parse Start date2013821 as date
ERROR: Can't parse [[w:en:15 July]] [[w:en:2007]] as date
ERROR: Can't parse [[w:en:15 July]] [[w:en:2007]] 23:44 as date
ERROR: Can't parse Start date20200209 as date
ERROR: Can't parse http://en.wikipedia.org/w/index.php?title=Talk:Treaty_of_Devol&oldid=28228084 as date
ERROR: Can't parse 2822-80-84 as date
ERROR: Can't parse http://en.wikipedia.org/w/index.php?title=Talk:Treaty_of_Devol&oldid=28228084 14:03 as date
ERROR: Can't parse 2822-80-84 as date
ERROR: Can't parse Start date20050816 as date
ERROR: Can't parse 2019–04–14 as date
ERROR: Can't parse Start date20121220 as date
ERROR: Can't parse [[w:en:July 22]] [[w:en:2005]] as date
ERROR: Can't parse [[w:en:July 22]] [[w:en:2005]] 4:48 as date
ERROR: Can't parse Start date20200711 as date
ERROR: Can't parse [[w:en:2 April]] [[w:en:2007]] as date
ERROR: Can't parse [[w:en:2 April]] [[w:en:2007]] 23:37 as date
ERROR: Can't parse 22019-10-03 as date
ERROR: Can't parse 22019-10-03 2:48 as date
ERROR: Can't parse Start datedf=yes20080330 as date
ERROR: Can't parse start date20200605 as date
ERROR: Can't parse 9/01/2010 01:28 UTC as date
ERROR: Can't parse 9/01/2010 01:28 UTC 14:30 as date
ERROR: Can't parse 5/1/2009 27:32 as date
ERROR: Can't parse May 16, 2010Update inlinedate=October 2019 as date
ERROR: Can't parse Start date20061217 as date
ERROR: Can't parse Start date20080627 as date
ERROR: Can't parse [[w:en:April 26]], [[w:en:2005]] as date
ERROR: Can't parse [[w:en:April 26]], [[w:en:2005]] 26min 41sec as date
ERROR: Can't parse Start date20081114 as date
ERROR: Can't parse start date20160718 as date
ERROR: Can't parse 2016-25-01 as date
ERROR: Can't parse Start date2006329 as date
ERROR: Can't parse [http://en.wikipedia.org/w/index.php?title=Rock%2C_Paper%2C_Scissors&oldid=63582336 July 14, 2006]<!-- the actual version which was recorded cannot be stated for sure from the history. Once the date is 13th, then it's 14 but the template was inserted on 15th. Another link for the inclusion of the template: http://en.wikipedia.org/w/index.php?title=Rock%2C_Paper%2C_Scissors&oldid=63885355 --> as date
ERROR: Can't parse 6358-23-36 as date
ERROR: Can't parse [http://en.wikipedia.org/w/index.php?title=Rock%2C_Paper%2C_Scissors&oldid=63582336 July 14, 2006]<!-- the actual version which was recorded cannot be stated for sure from the history. Once the date is 13th, then it's 14 but the template was inserted on 15th. Another link for the inclusion of the template: http://en.wikipedia.org/w/index.php?title=Rock%2C_Paper%2C_Scissors&oldid=63885355 --> 28:07 as date
ERROR: Can't parse 6358-23-36 as date
ERROR: Can't parse start date20141014 as date
ERROR: Can't parse 2016-25-01 as date
ERROR: Can't parse [[w:en:1 April]] [[w:en:2007]] as date
ERROR: Can't parse [[w:en:1 April]] [[w:en:2007]] 39:32 as date
ERROR: Can't parse [[w:en:8 July]] [[w:en:2007]] as date
ERROR: Can't parse [[w:en:8 July]] [[w:en:2007]] 28:00 as date
ERROR: Can't parse [http://en.wikipedia.org/w/index.php?title=Shoe_polish&oldid=31470952 December 15th 2005] as date
ERROR: Can't parse 3147-09-52 as date
ERROR: Can't parse [http://en.wikipedia.org/w/index.php?title=Shoe_polish&oldid=31470952 December 15th 2005] 15:23 as date
ERROR: Can't parse 3147-09-52 as date
ERROR: Can't parse Start date20140416df=y as date
ERROR: Can't parse Start date20100106 as date
ERROR: Can't parse right as date
ERROR: Can't parse start date20200530 as date
ERROR: Can't parse 2012-07-91 as date
ERROR: Can't parse 2012-07-91 13:32 as date
ERROR: Can't parse 30-08-19 as date
ERROR: Can't parse Start date2011816 as date
ERROR: Can't parse [http://en.wikipedia.org/w/index.php?title=Western_%28genre%29&oldid=54658245 May 22, 2006] as date
ERROR: Can't parse 5465-82-45 as date
ERROR: Can't parse [http://en.wikipedia.org/w/index.php?title=Western_%28genre%29&oldid=54658245 May 22, 2006] 16:02 as date
ERROR: Can't parse 5465-82-45 as date
ERROR: Can't parse [[w:en:25 February]] [[w:en:2007]] as date
ERROR: Can't parse [[w:en:25 February]] [[w:en:2007]] 26:25 as date
ERROR: Can't parse [[w:en:7 March]] [[w:en:2007]] as date
ERROR: Can't parse [[w:en:7 March]] [[w:en:2007]] 3:07 as date
ERROR: Can't parse Start date20131012 as date
ERROR: Can't parse 2016-29-01 as date
ERROR: Can't parse Start date20070520df=y as date
ERROR: Can't parse [[w:en:20 May]] [[w:en:2007]] as date
ERROR: Can't parse [[w:en:20 May]] [[w:en:2007]] 30:31 as date
