nohup: ignoring input
INFO:root:label_path: /home/dzubke/awni_speech/data/speak_train/2020-12-29/metadata-with-url_2020-12-24.tsv
INFO:root:len of auddio_trans: 1030000
INFO:root:entering write_json for speak-train_test_2020-12-28. writing json to /home/dzubke/awni_speech/data/speak_train/2020-12-29/speak-train_test_2020-12-28.json
header:  ['id', 'text', 'lessonId', 'lineId', 'uid', 'redWords_score', 'date']
100000 examples collected
100000 examples collected
200000 examples collected
200000 examples collected
300000 examples collected
300000 examples collected
300000 examples collected
300000 examples collected
300000 examples collected
300000 examples collected
300000 examples collected
300000 examples collected
300000 examples collected
400000 examples collected
400000 examples collected
400000 examples collected
400000 examples collected
400000 examples collected
400000 examples collected
400000 examples collected
500000 examples collected
500000 examples collected
500000 examples collected
500000 examples collected
500000 examples collected
600000 examples collected
600000 examples collected
600000 examples collected
600000 examples collected
600000 examples collected
600000 examples collected
600000 examples collected
700000 examples collected
700000 examples collected
700000 examples collected
800000 examples collected
800000 examples collected
800000 examples collected
800000 examples collected
800000 examples collected
900000 examples collected
1000000 examples collected
  0%|          | 0/12 [00:00<?, ?it/s]  8%|▊         | 1/12 [17:16<3:10:03, 1036.66s/it]