nohup: ignoring input
type: <class '__main__.SpeakTrainDownloader'>
last_id: 1BB8955C-162E-4352-A644-C94D7427C974 at count: 5000
script duration: 0.44 min
last_id: 1BC66A24-491B-484D-B803-F3A516A338C6 at count: 10000
script duration: 0.81 min
last_id: 1BD4672C-FFF3-45FB-B001-74AFEE9CCFD7 at count: 15000
script duration: 1.25 min
last_id: 1BE281C5-C964-47AE-BB43-39A2CAC8329D at count: 20000
script duration: 1.6 min
last_id: 1BF06BC8-CFA8-4CEF-98E7-2D4C20238BF6 at count: 25000
script duration: 1.96 min
last_id: 1BFE9581-9A1B-4368-8A57-339C43246779 at count: 30000
script duration: 2.33 min
last_id: 1BGN6semw0baxdfantTZGib2wEe2-1585887148 at count: 35000
script duration: 2.64 min
last_id: 1BfegOsTX0cg6yqI2QT5GJ9LutP2-1584973551 at count: 40000
script duration: 2.78 min
last_id: 1BfegOsTX0cg6yqI2QT5GJ9LutP2-1587132464 at count: 45000
script duration: 3.07 min
last_id: 1BfegOsTX0cg6yqI2QT5GJ9LutP2-1589208545 at count: 50000
script duration: 3.35 min
last_id: 1BfegOsTX0cg6yqI2QT5GJ9LutP2-1593352824 at count: 55000
script duration: 3.63 min
last_id: 1C0B765D-AC5D-407B-A725-180690552BA5 at count: 60000
script duration: 3.96 min
last_id: 1C1914A6-55A7-4598-A8EE-7C86E1504185 at count: 65000
script duration: 4.45 min
last_id: 1C22D799-8B69-4F4A-B2AF-65417225930A at count: 70000
script duration: 4.8 min
last_id: 1C311C91-325D-45D5-AB9F-9D088DE5EB76 at count: 75000
script duration: 5.27 min
last_id: 1C3F31A4-6D31-4AEF-B32E-49AD6894AE32 at count: 80000
script duration: 5.83 min
last_id: 1C4D7535-B1AE-4DB2-86A1-C69FDC1CD682 at count: 85000
script duration: 6.31 min
last_id: 1C5BEB88-E26D-4B68-AE27-1003FC8F1EC7 at count: 90000
script duration: 6.72 min
last_id: 1C6A430D-03F6-40B9-95E2-3B00325E4514 at count: 95000
script duration: 7.16 min
last_id: 1C785B9D-6E74-4FD9-9980-527607B85EF1 at count: 100000
script duration: 7.6 min
last_id: 1C866154-FA56-4C99-8634-8C2D0F9F1864 at count: 105000
script duration: 8.04 min
last_id: 1C93FAE7-5FF4-4586-BF9F-443680F63277 at count: 110000
script duration: 8.48 min
last_id: 1CA1C81B-F0CD-43C1-9803-8671F86DA016 at count: 115000
script duration: 8.9 min
last_id: 1CAFAC62-A89F-4115-A845-D8E69B12DCDD at count: 120000
script duration: 9.42 min
last_id: 1CBD6E89-43FC-4D9A-95C5-1625961BD9A1 at count: 125000
script duration: 9.83 min
last_id: 1CCBA83D-2F23-4F82-850F-BC207887464F at count: 130000
script duration: 10.34 min
last_id: 1CD992EF-801E-40B1-874A-1D00ABC9B9ED at count: 135000
script duration: 10.8 min
last_id: 1CE77544-E261-4239-BF98-2A955AC83C60 at count: 140000
script duration: 11.22 min
last_id: 1CF5DD62-9BFB-4E38-A648-967A83A213E5 at count: 145000
script duration: 11.64 min
last_id: 1CaLB2PTLzOAxaLBS669ZCaPYOQ2-1586112111 at count: 150000
script duration: 11.97 min
last_id: 1D0C47B6-94A6-400E-88E4-A4E936A8E3EC at count: 155000
script duration: 12.34 min
last_id: 1D1A1A48-79D9-42AD-A946-1A5742728C11 at count: 160000
script duration: 12.81 min
last_id: 1D283704-869E-4BDD-9FE2-593034CEA036 at count: 165000
script duration: 13.24 min
last_id: 1D367063-68E9-4A66-8280-D43495F7F13A at count: 170000
script duration: 13.66 min
last_id: 1D44AE73-E899-4D15-8B81-685AE9DA8551 at count: 175000
script duration: 14.03 min
last_id: 1D52BEB4-785B-4105-8AE2-59EC990D8E6C at count: 180000
script duration: 14.43 min
last_id: 1D6103A1-D135-458D-A41A-AD284D7D3AFF at count: 185000
script duration: 14.8 min
last_id: 1D6F05B6-588A-4CC8-BB90-A11BA6A8F811 at count: 190000
script duration: 15.22 min
last_id: 1D7D5745-A1AC-4793-9F33-806E6BF24CB7 at count: 195000
script duration: 15.58 min
last_id: 1D8B88D4-92EC-42E9-AE8D-A9545DA78677 at count: 200000
script duration: 16.03 min
last_id: 1D9999B9-6A07-438F-BDA9-517F9F9E9AB0 at count: 205000
script duration: 16.43 min
last_id: 1DA77DEB-5BD1-4B68-A3E8-25C41D9F444F at count: 210000
script duration: 16.84 min
last_id: 1DB3FAFD-B572-43A4-9DC1-CFCBA6DEC799 at count: 215000
script duration: 17.22 min
last_id: 1DC092DE-219D-497C-909A-4C219E6028BB at count: 220000
script duration: 17.58 min
last_id: 1DCED83B-B6D6-4F66-B4A6-7162C9922836 at count: 225000
script duration: 17.98 min
last_id: 1DDCEAB1-F28A-4AFC-A368-8E56F171D9BF at count: 230000
script duration: 18.32 min
last_id: 1DEAD425-4E6E-4AED-BC83-E1B41A93D8EE at count: 235000
script duration: 18.65 min
last_id: 1DF8B81B-71EF-430F-A880-BC94594E2B1D at count: 240000
script duration: 18.98 min
last_id: 1Dat4mLREecOLfEHfKvLUVtojsl2-1571204014 at count: 245000
script duration: 19.27 min
last_id: 1DvH3oO80dNl98dtB70jnqQRxMu2-1567055546 at count: 250000
script duration: 19.51 min
last_id: 1E0DAE44-1CA1-4CF5-8136-6702D2286C17 at count: 255000
script duration: 19.89 min
last_id: 1E1BB581-B110-4BC0-95E0-D90CE17DEECB at count: 260000
script duration: 20.24 min
last_id: 1E29A841-676F-4CA4-8A43-91B4DD548DF2 at count: 265000
script duration: 20.62 min
last_id: 1E37C40B-9C00-4CB0-971B-044670099B91 at count: 270000
script duration: 21.0 min
last_id: 1E45F07D-52F8-4A06-A808-C0ED089AFE15 at count: 275000
script duration: 21.39 min
last_id: 1E539406-A7C3-4F02-B68A-70C34ECDFDE3 at count: 280000
script duration: 21.81 min
last_id: 1E61F1C6-B32D-4DBA-BDB5-3A1D285ED9BA at count: 285000
script duration: 22.2 min
last_id: 1E705A7D-98CB-4C40-BED4-8B685C10E94C at count: 290000
script duration: 22.57 min
last_id: 1E7E3368-13F4-452D-922F-1AD7A525BE76 at count: 295000
script duration: 22.97 min
last_id: 1E8BF44D-6EFA-46CE-8D48-34FA71903A73 at count: 300000
script duration: 23.35 min
last_id: 1E97egqaaPhvmeBOuCASN1wcZsK2-1569825210 at count: 305000
script duration: 23.68 min
last_id: 1EA349FC-CA79-43E6-B501-0702DA3DC257 at count: 310000
script duration: 24.02 min
last_id: 1EB15BF2-1D30-4256-8A0D-7FF611474403 at count: 315000
script duration: 24.39 min
last_id: 1EBF4A12-CB85-4209-AE7B-8E8C57F4B629 at count: 320000
script duration: 24.81 min
last_id: 1ECD53E6-9443-48ED-8241-33722354D4B4 at count: 325000
script duration: 25.16 min
last_id: 1EDAFA16-6525-46DE-A7CE-A57E469CF926 at count: 330000
script duration: 25.5 min
last_id: 1EE927F1-8CF8-401E-BF0B-8B841F5FBD0C at count: 335000
script duration: 25.89 min
last_id: 1EF78BE6-E720-4718-A413-97723FAFBADC at count: 340000
script duration: 26.25 min
last_id: 1EHA9rCLc8Xbvs0rfrSgyXeek7c2-1579874178 at count: 345000
script duration: 26.63 min
last_id: 1EHA9rCLc8Xbvs0rfrSgyXeek7c2-1592572073 at count: 350000
script duration: 26.93 min
last_id: 1ErXx2wMn2gv0ThU5DnKSKnwVNl1-1564481388 at count: 355000
script duration: 27.18 min
last_id: 1F099242-4466-48A4-BFC6-54235BC29EBC at count: 360000
script duration: 27.46 min
last_id: 1F180167-DB34-4CF1-B23C-627C7CE513BE at count: 365000
script duration: 27.86 min
last_id: 1F25FD69-71E0-440F-8726-874357E3FEBB at count: 370000
script duration: 28.2 min
last_id: 1F340A1C-AC12-4DC3-8578-C4168EB2AAAF at count: 375000
script duration: 28.58 min
last_id: 1F3lkGX6T6Yg2z7zTL7qoCzBzGB3-1587108162 at count: 380000
script duration: 29.01 min
last_id: 1F44C9AA-A564-42D8-8B20-9B4BDF7C9B44 at count: 385000
script duration: 29.33 min
last_id: 1F52C5E5-F340-4C5C-A8C5-28BC4BEA4184 at count: 390000
script duration: 29.63 min
last_id: 1F60F293-42D9-436D-A67A-2C6924F1D4CE at count: 395000
script duration: 30.05 min
last_id: 1F6F29F2-A71B-4D95-903F-8C0119A687DB at count: 400000
script duration: 30.4 min
last_id: 1F7D10E0-3552-4344-A337-176BEA7C06BB at count: 405000
script duration: 30.76 min
last_id: 1F8AF893-89E4-47DC-BCB2-096F8C4929EE at count: 410000
script duration: 31.09 min
last_id: 1F98DF7B-FF02-430B-A4E1-F871655CA8D1 at count: 415000
script duration: 31.45 min
last_id: 1FA6E8CF-1148-45C0-82AA-F72FC31D245F at count: 420000
script duration: 31.8 min
last_id: 1FB4FFF5-A6E5-4499-8C20-34C94FDBAAB6 at count: 425000
script duration: 32.15 min
last_id: 1FC2E9DD-F888-4663-A927-4A715EACF6AD at count: 430000
script duration: 32.48 min
last_id: 1FD1095F-56C4-41A4-B27E-9A94CC504357 at count: 435000
script duration: 32.82 min
last_id: 1FDF8C43-28E1-4C22-B2E9-A5FA7827EB93 at count: 440000
script duration: 33.2 min
last_id: 1FED70FA-F888-475F-AFA3-5468B688FD7F at count: 445000
script duration: 33.53 min
last_id: 1FF965A4-8F8C-4DAC-B05B-91877AA67E7A at count: 450000
script duration: 33.89 min
last_id: 1FQ4ImXAStZFYCPIcJg81oN8hsg2-1579597199 at count: 455000
script duration: 34.19 min
last_id: 1Fe0CgiL6rPc0tcOnQJp21b7eon1-1581859174 at count: 460000
script duration: 34.41 min
last_id: 1GB5PsSmZpPG5WlhBK0pLNRQigA3-1589675365 at count: 465000
script duration: 34.63 min
last_id: 1GWhUr23MNglOVeA5SnRi4tDj463-1580096798 at count: 470000
script duration: 34.86 min
last_id: 1H6lI1guuheXMULmPsf2Wl24z0d2-1591491941 at count: 475000
script duration: 35.04 min
last_id: 1HMWf1CfIqQPQlKtdyJM1AqDxrb2-1542550096 at count: 480000
script duration: 35.33 min
last_id: 1HikSBnz95RKFWCeHjzrJJfn7b62-1578830504 at count: 485000
script duration: 35.52 min
last_id: 1Hwy8tmhzXP0qQqnmdHNbXPqBZ82-1569738901 at count: 490000
script duration: 35.65 min
last_id: 1Hwy8tmhzXP0qQqnmdHNbXPqBZ82-1583361329 at count: 495000
script duration: 35.92 min
last_id: 1Ir2qrEfyycStqmDmNoBqJTc4eA2-1565110369 at count: 500000
script duration: 36.11 min
last_id: 1Jnr2sFqWCNLUcRIPyHotD6Zb7J2-1569938441 at count: 505000
script duration: 36.27 min
last_id: 1KJ464vNRFMHNjasBLPdKnApy7h2-1573875067 at count: 510000
script duration: 36.48 min
last_id: 1KpSMy6jpaSVhWFyJBRzTAZnC6M2-1573857894 at count: 515000
script duration: 36.71 min
last_id: 1LmKYUnU6vVegnH7YQvz1QSVamB2-1553825344 at count: 520000
script duration: 36.91 min
last_id: 1M5ENcZJ5La9YpHcCzzYfVGi8NG3-1589378635 at count: 525000
script duration: 37.14 min
last_id: 1M5ENcZJ5La9YpHcCzzYfVGi8NG3-1592122125 at count: 530000
script duration: 37.4 min
last_id: 1MbXDJlIAfhkhlIxz6pza5o4iI92-1593088172 at count: 535000
script duration: 37.66 min
last_id: 1NbVM5b5QBVsvimYfncxKL94Biw1-1587347371 at count: 540000
script duration: 37.83 min
last_id: 1NtoVMsShsOzKogqQTw9RT9beXD2-1583881260 at count: 545000
script duration: 38.07 min
last_id: 1NtoVMsShsOzKogqQTw9RT9beXD2-1588312327 at count: 550000
script duration: 38.38 min
last_id: 1NwxSvCwuoVrM0Uql1pXtRahppN2-1573431367 at count: 555000
script duration: 38.71 min
last_id: 1NwxSvCwuoVrM0Uql1pXtRahppN2-1578115756 at count: 560000
script duration: 38.94 min
last_id: 1Ofr8VWwINW1EKIddUjaENFmlTU2-1562081538 at count: 565000
script duration: 39.25 min
last_id: 1PoqzGuNcAbwUQK1JMc5DefwF8p2-1575192299 at count: 570000
script duration: 39.47 min
last_id: 1QOm6phdA3TiYGUSHJOr12YI45p2-1562122181 at count: 575000
script duration: 39.61 min
last_id: 1QOm6phdA3TiYGUSHJOr12YI45p2-1567497211 at count: 580000
script duration: 39.72 min
last_id: 1Qoq4whr5iTFJQ4jEGndYfmErmC2-1581325034 at count: 585000
script duration: 39.88 min
last_id: 1RHUy2HuYGhKGoRa4BJDbbivDrF2-1581231497 at count: 590000
script duration: 40.08 min
last_id: 1RHUy2HuYGhKGoRa4BJDbbivDrF2-1592914621 at count: 595000
script duration: 40.43 min
last_id: 1S1Qc8CfeEZkXroI9K9dW8niIAb2-1553119086 at count: 600000
script duration: 40.64 min
last_id: 1S1Qc8CfeEZkXroI9K9dW8niIAb2-1560120245 at count: 605000
script duration: 40.74 min
last_id: 1S1Qc8CfeEZkXroI9K9dW8niIAb2-1577826896 at count: 610000
script duration: 40.85 min
last_id: 1S2TeXyTZ2bvxbcoEJI0fwPEsoi1-1562308524 at count: 615000
script duration: 41.2 min
last_id: 1SMSvJFLlvfCipL39rbvn5w0NOx1-1588483005 at count: 620000
script duration: 41.5 min
last_id: 1Ss7nlSflIgBNPkqWTpa4yyVjA22-1580520201 at count: 625000
script duration: 41.78 min
last_id: 1Ss7nlSflIgBNPkqWTpa4yyVjA22-1584714432 at count: 630000
script duration: 42.14 min
last_id: 1TK6lNI8QFSFqSBAo6DvgREhmjA3-1575909399 at count: 635000
script duration: 42.37 min
last_id: 1Ts1nYXHQtYBNqt1rEfQ4P4AUi53-1541142311 at count: 640000
script duration: 42.55 min
last_id: 1TviBDlU07bkfyCgYqMicN08e5G3-1550316921 at count: 645000
script duration: 42.67 min
last_id: 1UPyLXvliRZNMYhHVFz6aqfhYRe2-1558022151 at count: 650000
script duration: 42.96 min
last_id: 1VpUqOX19Sc1k99fmPj6JvlHmpI2-1571314211 at count: 655000
script duration: 43.13 min
last_id: 1Wn7XdXZX0Nt81AOtx4nQLxFTRK2-1593353477 at count: 660000
script duration: 43.38 min
last_id: 1WtjHlz2WJRnJq6xVCcohDbEIOj2-1581687934 at count: 665000
script duration: 43.74 min
last_id: 1WtjHlz2WJRnJq6xVCcohDbEIOj2-1586266333 at count: 670000
script duration: 44.23 min
last_id: 1WvmzSeAZYQ3W3Sbr91q3d9GdMh1-1577860398 at count: 675000
script duration: 44.6 min
last_id: 1XHkwVra4NRMwyJCRk7RhIu9tXl2-1585717263 at count: 680000
script duration: 44.85 min
last_id: 1XNgdBpwVAW8uldNdOIEfhsf3h52-1581468115 at count: 685000
script duration: 45.17 min
last_id: 1Xa2Q4vonPYTCyhm0yG8XQEjqQR2-1586355885 at count: 690000
script duration: 45.53 min
last_id: 1Xa2Q4vonPYTCyhm0yG8XQEjqQR2-1591020186 at count: 695000
script duration: 45.94 min
last_id: 1XeJrC7d5hc8ZMZ8uVJcUGhgTzk1-1586066100 at count: 700000
script duration: 46.24 min
last_id: 1XpaTJDIgTZhJynXNqW6s1NCqMQ2-1582203756 at count: 705000
script duration: 46.6 min
last_id: 1YNULYvH3dZ9AT0hrxu1S5bolA02-1574943622 at count: 710000
script duration: 46.9 min
last_id: 1Ygt2r9KfIguslaZOp7YgoN35383-1557458949 at count: 715000
script duration: 47.07 min
last_id: 1Z72vrhKV5MvD1etZGPKwXFoFS53-1578310239 at count: 720000
script duration: 47.21 min
last_id: 1ZeSlVxQzwPBrVBErown5foVRsT2-1578849195 at count: 725000
script duration: 47.36 min
last_id: 1aPskfImldddOVj05V6s8qXDRR12-1591101285 at count: 730000
script duration: 47.61 min
last_id: 1aURUFt4ZERfisyXsGkcXKkXH7u2-1578753756 at count: 735000
script duration: 47.93 min
last_id: 1aURUFt4ZERfisyXsGkcXKkXH7u2-1582434724 at count: 740000
script duration: 48.23 min
last_id: 1aURUFt4ZERfisyXsGkcXKkXH7u2-1587190236 at count: 745000
script duration: 48.59 min
last_id: 1aZyxurATJP7WLRT7W5e99b9GWA2-1593018350 at count: 750000
script duration: 48.9 min
last_id: 1bAOAijTTAPqVDqKWTP3H5yZECi1-1574329377 at count: 755000
script duration: 49.08 min
last_id: 1bkEDvUVQfNVI4sU9DWk5Dzesma2-1595259175 at count: 760000
script duration: 49.32 min
last_id: 1cR2df1YQKU4KjvNNsQuZGtre3Y2-1570018189 at count: 765000
script duration: 49.43 min
last_id: 1dEQGOpAo0MA8XG60RHzlx0L5Lp1-1586545364 at count: 770000
script duration: 49.58 min
last_id: 1dpm81VeByWJ13jr00AcbHlSwOW2-1572319340 at count: 775000
script duration: 49.8 min
last_id: 1e4ubhj8RrhgRMQhvwhIK6Yocck1-1571747064 at count: 780000
script duration: 50.04 min
last_id: 1ehTUApH9sQBITXwUBARLGZHvPh2-1558881150 at count: 785000
script duration: 50.19 min
last_id: 1ehTUApH9sQBITXwUBARLGZHvPh2-1565447645 at count: 790000
script duration: 50.29 min
last_id: 1ehTUApH9sQBITXwUBARLGZHvPh2-1587642224 at count: 795000
script duration: 50.58 min
last_id: 1fAQ7Lz84eURUWFAvuMiTbyCbYx1-1565662087 at count: 800000
script duration: 50.92 min
last_id: 1fZulPq9SMe3nVyYzu9L0yw8XC83-1582381119 at count: 805000
script duration: 51.13 min
last_id: 1flEmS2E6yRQMXA3J2N4LUV4edx2-1587478374 at count: 810000
script duration: 51.45 min
last_id: 1gm9AEFBHJVlaEOozLoCaMWPDwN2-1578591775 at count: 815000
script duration: 51.63 min
last_id: 1gqsOBhJl5hswZkqh1omzfZcWpg1-1581779557 at count: 820000
script duration: 51.75 min
last_id: 1hW8LbaOsQUhHTyuSUcd9VxMvyc2-1586699371 at count: 825000
script duration: 52.01 min
last_id: 1htJFUOX8gR0jqX5OrUbCqLW5TG3-1576117641 at count: 830000
script duration: 52.35 min
last_id: 1hwccleTqETxMm8a3veeigfjejm1-1592485824 at count: 835000
script duration: 52.61 min
last_id: 1i8dcTGhC4W0ugVx8hLYK2dysO12-1569940577 at count: 840000
script duration: 52.75 min
last_id: 1iF3EptH1nXz6lXB4vnL3etlddH2-1579159697 at count: 845000
script duration: 53.0 min
last_id: 1iF3EptH1nXz6lXB4vnL3etlddH2-1581849753 at count: 850000
script duration: 53.21 min
last_id: 1iF3EptH1nXz6lXB4vnL3etlddH2-1582194566 at count: 855000
script duration: 53.52 min
last_id: 1iF3EptH1nXz6lXB4vnL3etlddH2-1582458785 at count: 860000
script duration: 53.81 min
last_id: 1iF3EptH1nXz6lXB4vnL3etlddH2-1583224486 at count: 865000
script duration: 54.13 min
last_id: 1iF3EptH1nXz6lXB4vnL3etlddH2-1583733140 at count: 870000
script duration: 54.41 min
last_id: 1iF3EptH1nXz6lXB4vnL3etlddH2-1584521946 at count: 875000
script duration: 54.7 min
last_id: 1iF3EptH1nXz6lXB4vnL3etlddH2-1585702518 at count: 880000
script duration: 55.03 min
last_id: 1iF3EptH1nXz6lXB4vnL3etlddH2-1587527208 at count: 885000
script duration: 55.38 min
last_id: 1iF3EptH1nXz6lXB4vnL3etlddH2-1589437508 at count: 890000
script duration: 55.67 min
last_id: 1iF3EptH1nXz6lXB4vnL3etlddH2-1592314074 at count: 895000
script duration: 55.97 min
last_id: 1iF3EptH1nXz6lXB4vnL3etlddH2-1593067741 at count: 900000
script duration: 56.26 min
last_id: 1iPQhTXfDmcqVC9qvSbcgQopHMz1-1582116344 at count: 905000
script duration: 56.49 min
last_id: 1iRcIiz9sOfqm3FW1dWoLb5iw943-1566811184 at count: 910000
script duration: 56.6 min
last_id: 1itDsGdQ5oUgPY8fU5bEm5KP4nJ3-1590793928 at count: 915000
script duration: 56.75 min
last_id: 1itDsGdQ5oUgPY8fU5bEm5KP4nJ3-1592485199 at count: 920000
script duration: 57.0 min
last_id: 1jQzr3xOM6XBG1l8H03QKVn5OF02-1567757913 at count: 925000
script duration: 57.22 min
last_id: 1jXNrG2DqXYiwDyA0u8MTzd6Rx73-1589621956 at count: 930000
script duration: 57.56 min
last_id: 1jpC1cSJzmRyxqbIwLqjsdIj7Fk2-1578966253 at count: 935000
script duration: 57.69 min
last_id: 1k4TS60X48fYUnSdRJibn7CkzY13-1584522758 at count: 940000
script duration: 57.95 min
last_id: 1k4TS60X48fYUnSdRJibn7CkzY13-1587472992 at count: 945000
script duration: 58.28 min
last_id: 1k4TS60X48fYUnSdRJibn7CkzY13-1592100615 at count: 950000
script duration: 58.58 min
last_id: 1kYxOGEIB2gnpuHyj3cuOnzRCbA3-1582983338 at count: 955000
script duration: 58.79 min
last_id: 1khJiTxMkNg2OXbRYZHKMRjhTFH3-1577765231 at count: 960000
script duration: 59.15 min
last_id: 1lIckzK1ByUk9X1tAFMMZZ8sSYA3-1592128683 at count: 965000
script duration: 59.37 min
last_id: 1lhJUuUBaZYHYlb5bK6dUyUNs2p2-1579591178 at count: 970000
script duration: 59.64 min
last_id: 1mDEe5HIOUXd40AfXiVCpdJ3RMf1-1566196240 at count: 975000
script duration: 59.76 min
last_id: 1mGx7uzKVuViib3WQ1s4Eoy1EGP2-1569241433 at count: 980000
script duration: 59.87 min
last_id: 1nZmzRENL1XH1qOlVFXRKIy7oC73-1593467561 at count: 985000
script duration: 60.07 min
last_id: 1nj8unfJsKTmBaEPaREqaAYAOPk2-1549894163 at count: 990000
script duration: 60.19 min
last_id: 1nj8unfJsKTmBaEPaREqaAYAOPk2-1566269234 at count: 995000
script duration: 60.29 min
last_id: 1o7YmzlaQ7P1awF6BXQjzrrJQg12-1581783074 at count: 1000000
script duration: 60.49 min
last_id: 1od1j6U1xzLIjg1KXHBjS8BUVMy2-1584451082 at count: 1005000
script duration: 60.63 min
last_id: 1p15dicM93Y3IKb9k1OtSXjxDcw2-1585236639 at count: 1010000
script duration: 61.01 min
last_id: 1pGOvCh1dfcHFpHCqLFbIROeXt53-1584791648 at count: 1015000
script duration: 61.35 min
last_id: 1pQbdILuY0aVXdxaTJcDLpA5Xfk1-1573402621 at count: 1020000
script duration: 61.67 min
last_id: 1qISnf3g9ceg5tEJFkfGhaUkWDf1-1584506351 at count: 1025000
script duration: 61.82 min
last_id: 1qQwtfIIUZXEbDfrHSlSDn0OUro2-1589788451 at count: 1030000
script duration: 62.15 min
last_id: 1qxrh5Xqmvcj0UnSRPC1rP8sMBp2-1588939032 at count: 1035000
script duration: 62.36 min
last_id: 1rteXTICJDaSPe2fYTcgexgb7wI2-1570406322 at count: 1040000
script duration: 62.59 min
last_id: 1sMPruuYhLdAjw5nmXubbZlp8UV2-1572588715 at count: 1045000
script duration: 62.75 min
last_id: 1sMPruuYhLdAjw5nmXubbZlp8UV2-1576222364 at count: 1050000
script duration: 62.86 min
last_id: 1sMPruuYhLdAjw5nmXubbZlp8UV2-1589411347 at count: 1055000
script duration: 62.98 min
last_id: 1sUbDvrrnmZZjegzcwNKLGgnz9B2-1588932395 at count: 1060000
script duration: 63.3 min
last_id: 1sxfDWyJGFNd7uiKwdCY0AuP6ku1-1584449446 at count: 1065000
script duration: 63.63 min
last_id: 1tRlgILMSqdbRE3xYw9W7kQB1qb2-1540800701 at count: 1070000
script duration: 63.98 min
last_id: 1uQnqjNIs4Ujcxk0wVgradX6Fab2-1564310872 at count: 1075000
script duration: 64.13 min
last_id: 1vZBQe7aT1P99OB2B1oEdzVKs4h1-1576733587 at count: 1080000
script duration: 64.33 min
last_id: 1vZBQe7aT1P99OB2B1oEdzVKs4h1-1583159761 at count: 1085000
script duration: 64.59 min
last_id: 1vgPLOVq6jbqnLKmE8flVcZYFqA3-1580907299 at count: 1090000
script duration: 64.89 min
last_id: 1vgPLOVq6jbqnLKmE8flVcZYFqA3-1581839029 at count: 1095000
script duration: 65.17 min
last_id: 1vkzxxpUsahvU9NdjVSuDD7jAGF2-1593008041 at count: 1100000
script duration: 65.54 min
last_id: 1w5DiGnQOMMX1jx4ntCUYlcZRao2-1587325043 at count: 1105000
script duration: 65.77 min
last_id: 1wf7oFsE0SU26MkQkkEDIGqlA8Z2-1578647517 at count: 1110000
script duration: 66.03 min
last_id: 1wyRdUBUMZf0xNUWDhdtAYuPCfA2-1579445704 at count: 1115000
script duration: 66.2 min
last_id: 1y0WLTegj9TxjPXgeC2oZhev1QE3-1581333281 at count: 1120000
script duration: 66.51 min
last_id: 1ytnq7K9QkOOQXEXVyl7atxTkHt2-1572425961 at count: 1125000
script duration: 66.69 min
last_id: 1z15OXsIUaNs3xu8guAf00OYyWr1-1571974963 at count: 1130000
script duration: 66.88 min
last_id: 1zHucla4CyRogFjBK1AUzEo0EN22-1547211258 at count: 1135000
script duration: 67.05 min
last_id: 1zqjjIvMzpYzRdNEsJCuxQXohc42-1583293443 at count: 1140000
script duration: 67.23 min
last_id: 2005049B-8ECF-43F6-92B8-3763A9754EA6 at count: 1145000
script duration: 67.53 min
last_id: 2012B397-5612-4132-AAB8-0E51EC462C5B at count: 1150000
script duration: 67.92 min
last_id: 2020EEA1-E04F-4D9E-922E-A00448EBF899 at count: 1155000
script duration: 68.32 min
last_id: 202F3D50-A3AC-467E-B48A-B7986A62B7E1 at count: 1160000
script duration: 68.7 min
last_id: 203D948C-2698-4713-93D2-E2AB11ECCFCC at count: 1165000
script duration: 69.09 min
last_id: 204BB54D-58A0-4BD5-B0A2-4991519D095C at count: 1170000
script duration: 69.49 min
last_id: 2059BC91-4931-4F6B-BF29-6381BDF5BDDD at count: 1175000
script duration: 69.82 min
last_id: 20683BAC-0ED9-4456-ACD9-351E6B4E2FE9 at count: 1180000
script duration: 70.22 min
last_id: 207635AC-096A-4C46-8441-73E8AADE42AF at count: 1185000
script duration: 70.55 min
last_id: 20840790-BB9A-4F67-887C-6E2066BD8A54 at count: 1190000
script duration: 70.9 min
last_id: 209252E1-9A12-49AC-A361-A5EA7D13DCEA at count: 1195000
script duration: 71.21 min
last_id: 20A04863-8D29-4524-A451-FD6BE288CC81 at count: 1200000
script duration: 71.51 min
last_id: 20AE3B1D-1BF7-4CA6-90EB-AE6B1A9ED15D at count: 1205000
script duration: 71.82 min
last_id: 20BC69BB-CEB5-4496-B6DD-0AA4422FB5CD at count: 1210000
script duration: 72.14 min
last_id: 20CACAE0-4C6C-40B3-B549-04526F8097F1 at count: 1215000
script duration: 72.45 min
last_id: 20D8DC22-6DFC-42E3-9B0C-91D62AE247CF at count: 1220000
script duration: 72.82 min
last_id: 20E6E0E5-C3AA-47DD-AE8C-D495FC932C27 at count: 1225000
script duration: 73.13 min
last_id: 20F495EC-892D-4E92-9DD7-02AB84BECCD1 at count: 1230000
script duration: 73.55 min
last_id: 20fUUVjbapd0t8dyn2VfC04rGaB3-1582453714 at count: 1235000
script duration: 73.89 min
last_id: 210A591F-3744-4B0A-BDE5-B9AD66979500 at count: 1240000
script duration: 74.19 min
last_id: 21183B54-C11A-4030-AD64-6CB548BFAF86 at count: 1245000
script duration: 74.54 min
last_id: 21263182-9806-4142-9F84-F9DE9DEFB4BD at count: 1250000
script duration: 74.85 min
last_id: 21346A4A-EC6E-4110-BB68-1A2A7A728E01 at count: 1255000
script duration: 75.19 min
last_id: 21424F72-A9E7-4580-BEAF-586695F22F63 at count: 1260000
script duration: 75.56 min
last_id: 21503FD4-F096-469D-A6AF-FDCFCCCF0627 at count: 1265000
script duration: 75.87 min
last_id: 215E94F1-1A1F-4222-8E90-279B043A1922 at count: 1270000
script duration: 76.2 min
last_id: 216C5B76-AF29-4AE2-8DCE-4390D79CF757 at count: 1275000
script duration: 76.57 min
last_id: 217A7642-5287-46C9-BC35-B2D403621AC6 at count: 1280000
script duration: 76.95 min
last_id: 2188452E-8ECC-4E65-815D-0CBAD272B50B at count: 1285000
script duration: 77.36 min
last_id: 21960D23-77DE-4B54-9630-2EB60F75C703 at count: 1290000
script duration: 77.71 min
last_id: 21A439D3-E01F-4E11-B109-95CC44322F25 at count: 1295000
script duration: 78.04 min
last_id: 21B230D1-EDFD-4602-943B-9BBA2F5699E3 at count: 1300000
script duration: 78.37 min
last_id: 21C04B7C-A9DD-4BB2-82B0-0B91CB2E1020 at count: 1305000
script duration: 78.79 min
last_id: 21CE1C38-5299-4AB7-951D-9F9D9421B342 at count: 1310000
script duration: 79.16 min
last_id: 21DC63F4-9E1F-4DDA-8737-171F40385C25 at count: 1315000
script duration: 79.53 min
last_id: 21EAC966-70D3-4692-968C-BFD767F11889 at count: 1320000
script duration: 79.9 min
last_id: 21F815C0-DA2B-4965-BDE6-25B339DC30B9 at count: 1325000
script duration: 80.26 min
last_id: 21tpya5YQQZIhyz2XMOpisetdj32-1570590101 at count: 1330000
script duration: 80.61 min
last_id: 2209EE0C-711C-4D3E-9B05-8778AD6DDD0D at count: 1335000
script duration: 81.0 min
last_id: 22176C8E-4259-42A5-B4F9-6FEA6D480712 at count: 1340000
script duration: 81.43 min
last_id: 2225113C-DA23-401E-B9A9-BA785F019B06 at count: 1345000
script duration: 81.84 min
last_id: 2232BE1C-F28D-43E6-9A1D-7F053A2104FF at count: 1350000
script duration: 82.3 min
last_id: 2240B898-D96E-4783-BF7D-9424B7857543 at count: 1355000
script duration: 82.71 min
last_id: 224F107F-1D06-4ED3-920E-AE3DED7D21E0 at count: 1360000
script duration: 83.09 min
last_id: 225CF0FF-6E82-493B-B629-53589E3B84AC at count: 1365000
script duration: 83.53 min
last_id: 226ACBDB-5488-4601-ACA8-2B9BD0A07133 at count: 1370000
script duration: 83.94 min
last_id: 2278F6BF-F970-48E4-AFFE-CB3861641272 at count: 1375000
script duration: 84.35 min
last_id: 22872F76-9429-41FC-A9C3-06D2991A39FF at count: 1380000
script duration: 84.79 min
last_id: 22957389-2A6A-4E44-87CA-4723EDCB519D at count: 1385000
script duration: 85.21 min
last_id: 22A31051-0742-4A76-B578-67871C870389 at count: 1390000
script duration: 85.64 min
last_id: 22B0B99D-387D-4365-8F6F-5C2B5C7A5F88 at count: 1395000
script duration: 86.02 min
last_id: 22BECE75-FC3C-44EB-A2F5-69D10E54D44B at count: 1400000
script duration: 86.4 min
last_id: 22CCE0FA-B76E-437A-8A20-D03220D5FE82 at count: 1405000
script duration: 86.77 min
last_id: 22DAE4AA-8900-41C4-8E62-D0059BCB1CA1 at count: 1410000
script duration: 87.11 min
last_id: 22E8BC14-EC1E-4CBF-8EF9-250374DC7BAF at count: 1415000
script duration: 87.48 min
last_id: 22F68DDE-4ABF-4D01-8171-F84581DDCB69 at count: 1420000
script duration: 87.83 min
last_id: 22hBxxSfNySR5Qp4BJ9xNf6Ct5F2-1581341522 at count: 1425000
script duration: 88.17 min
last_id: 23096725-0087-46FA-9CD4-C3FEB14C3EB0 at count: 1430000
script duration: 88.5 min
last_id: 2317104E-7974-469C-A342-BD7EA4539126 at count: 1435000
script duration: 88.88 min
last_id: 23249A33-8A24-4DF3-84AD-1B9B66FFBD33 at count: 1440000
script duration: 89.28 min
last_id: 2332505C-DD93-4B77-BD9F-71F27B729ABC at count: 1445000
script duration: 89.66 min
last_id: 23404236-B5DC-4831-BDFC-8D4ED9A23E45 at count: 1450000
script duration: 90.07 min
last_id: 234E3164-E32D-4B73-B473-AE583F222D15 at count: 1455000
script duration: 90.47 min
last_id: 235BDB3B-A29D-440B-9EE1-D417899FA374 at count: 1460000
script duration: 90.87 min
last_id: 2368F304-4AD6-4E9D-AF8E-2F1E157E3D9F at count: 1465000
script duration: 91.25 min
last_id: 23762B8A-B681-4350-AAC9-DE3F76440E20 at count: 1470000
script duration: 91.64 min
last_id: 2383AFA5-7DF6-4308-B0BB-F07AE237B944 at count: 1475000
script duration: 92.02 min
last_id: 2391BAE1-067D-4AC1-87D4-1A21B66F99F7 at count: 1480000
script duration: 92.42 min
last_id: 239FEE3B-0E06-4FAB-A9F8-E75874CC5170 at count: 1485000
script duration: 92.77 min
last_id: 23AE31C4-C3E1-4CC2-AF90-E39DF3061A86 at count: 1490000
script duration: 93.14 min
last_id: 23BC25DD-318F-4D12-85D2-49CF406EB40D at count: 1495000
script duration: 93.51 min
last_id: 23C9BF39-D905-405F-AD9B-2ED288DC5355 at count: 1500000
script duration: 93.86 min
last_id: 23D255B9-915D-49C7-8695-E38ECFFAA819 at count: 1505000
script duration: 94.22 min
last_id: 23E046F8-A451-4C4A-A81D-4D9525A6D00A at count: 1510000
script duration: 94.62 min
last_id: 23EE15D1-804F-4CE7-8E18-AF9BE07EC9A9 at count: 1515000
script duration: 95.0 min
last_id: 23FC9C09-D4DC-4E48-B2C3-B15133B2456D at count: 1520000
script duration: 95.39 min
last_id: 23b8WChH6DTiL4mJpCAtmMcV1o52-1584078166 at count: 1525000
script duration: 95.67 min
last_id: 24020EF6-61ED-4229-B93C-5215BA82CA8B at count: 1530000
script duration: 95.96 min
last_id: 240FEBCE-F323-40CE-9DA0-5274197726D4 at count: 1535000
script duration: 96.49 min
last_id: 241DFBA5-6C73-4F2B-9049-9D12F5DF2037 at count: 1540000
script duration: 96.87 min
last_id: 242C1B33-E192-4C25-B573-662445E5814A at count: 1545000
script duration: 97.21 min
last_id: 243A464A-66D6-4989-BB6F-73D88C2CB6CD at count: 1550000
script duration: 97.56 min
last_id: 2440FB48-AABC-4C0D-81FC-F3BA7540DAD5 at count: 1555000
script duration: 97.83 min
last_id: 244ED925-3B05-42DD-9C3A-B39D18D3E1AF at count: 1560000
script duration: 98.23 min
last_id: 245CD42B-6536-4FCF-810E-C679B40FF81D at count: 1565000
script duration: 98.59 min
last_id: 246AE087-C6F8-4E5D-9605-0E84FF31616E at count: 1570000
script duration: 98.94 min
last_id: 24734B3E-842C-4C0C-8D73-42B3DB536A60 at count: 1575000
script duration: 99.21 min
last_id: 2481848D-9A6A-4C09-AE51-FC4DAFEFE00B at count: 1580000
script duration: 99.58 min
last_id: 248F6E50-9558-43FF-A92F-41E06EB97765 at count: 1585000
script duration: 99.92 min
last_id: 249D52EF-98F4-4B5B-A388-113525A9941A at count: 1590000
script duration: 100.3 min
last_id: 24AB4EBA-4FF9-4FF3-91DE-AE2B3511BE16 at count: 1595000
script duration: 100.68 min
last_id: 24B995C1-A80F-46AB-8EE0-84ABB0D34369 at count: 1600000
script duration: 101.02 min
last_id: 24C7C0FE-0525-436E-AC5C-C01BD8AEE15C at count: 1605000
script duration: 101.37 min
last_id: 24D5CFD9-1103-4933-B93F-0FA613DE2675 at count: 1610000
script duration: 101.73 min
last_id: 24E3B9BA-FAD2-4476-BA89-0C8F92BB40D1 at count: 1615000
script duration: 102.08 min
last_id: 24F1493A-C93A-4D61-90F2-2565CE260C85 at count: 1620000
script duration: 102.43 min
last_id: 24FEFD99-0C03-4300-ACC7-A6B09317A668 at count: 1625000
script duration: 102.75 min
last_id: 24N4lZeYXJe9aCILRRWRMUcAZWu2-1572915087 at count: 1630000
script duration: 103.1 min
last_id: 24ifAssRMgNEgUB5X4BAlP8nwma2-1563696574 at count: 1635000
script duration: 103.22 min
last_id: 250B32DE-4BE8-429B-9AAD-E25F04CACE27 at count: 1640000
script duration: 103.52 min
last_id: 25195C45-EC48-445D-8491-A8FAF8B81029 at count: 1645000
script duration: 103.82 min
last_id: 25271B6E-35CF-4D20-A83E-C33AC6248611 at count: 1650000
script duration: 104.15 min
last_id: 2535490C-BCF3-405A-8B3A-8363A19FFFC9 at count: 1655000
script duration: 104.57 min
last_id: 2543A2D8-2EDC-40C2-BA2B-DBD83D8F5DE1 at count: 1660000
script duration: 104.92 min
last_id: 255085AA-6827-4E5C-8960-EC88933F7A73 at count: 1665000
script duration: 105.27 min
last_id: 255E71E1-82BC-4AC3-A400-0096B418A04C at count: 1670000
script duration: 105.63 min
last_id: 256C5D14-B232-4648-AE15-F606C78A3CCA at count: 1675000
script duration: 105.96 min
last_id: 257ABAA9-00CA-4A0B-ADCC-275538CCED85 at count: 1680000
script duration: 106.3 min
last_id: 2588648F-8DB8-4D1C-BFD2-3A2C0D695F3A at count: 1685000
script duration: 106.63 min
last_id: 2596B229-29C4-44DC-9548-D9B1D78846BA at count: 1690000
script duration: 106.95 min
last_id: 25A4C6C9-7DAC-4D58-AC43-E2F1BAC8E7E1 at count: 1695000
script duration: 107.27 min
last_id: 25B2F123-7152-43D5-A51F-698FD9118CBA at count: 1700000
script duration: 107.58 min
last_id: 25C11EF4-9C0C-47DB-B6BF-FE56BBEADFB1 at count: 1705000
script duration: 107.87 min
last_id: 25CF2DB7-A25F-45F7-AEFC-5F86C7AC54A5 at count: 1710000
script duration: 108.17 min
last_id: 25DD055C-89C8-415C-913D-9B54CDFF5FD2 at count: 1715000
script duration: 108.53 min
last_id: 25EB10EB-9518-4336-8A56-9BC8E4A9E835 at count: 1720000
script duration: 108.91 min
last_id: 25F9504D-A191-4CB6-B5E8-5953A5DE8B02 at count: 1725000
script duration: 109.27 min
last_id: 25U35r5EWggY1w1xlRKnYsHHmu52-1565506270 at count: 1730000
script duration: 109.48 min
last_id: 25cxtOca97W1JOkslxdMeRQ3mzr2-1576589298 at count: 1735000
script duration: 109.74 min
last_id: 25lrstHDUgdB4eZ173iriRLdGqu2-1559310876 at count: 1740000
script duration: 110.03 min
last_id: 26017E58-9C1E-45C2-A88E-9CB84342C2AF at count: 1745000
script duration: 110.18 min
last_id: 260F930A-AA43-4796-B273-FA7A97CFDC95 at count: 1750000
script duration: 110.59 min
last_id: 261DA65D-1870-4973-AECC-870D979630E7 at count: 1755000
script duration: 111.02 min
last_id: 262BAFC8-F0E6-4DF1-B94B-5AD670088C36 at count: 1760000
script duration: 111.43 min
last_id: 2639ADEE-15DE-4887-A7F7-8E13D171A889 at count: 1765000
script duration: 111.78 min
last_id: 264685D3-0320-4BDF-82DA-8F5D0D924C10 at count: 1770000
script duration: 112.2 min
last_id: 26548138-68F9-47DF-98F4-8B46A5E7CE25 at count: 1775000
script duration: 112.55 min
last_id: 26625728-620C-456E-9F01-09CC92B2A212 at count: 1780000
script duration: 112.86 min
last_id: 266h3HmIpIO7eWSkeUfCWfiY1nj1-1592399994 at count: 1785000
script duration: 113.2 min
last_id: 267D0692-0EFE-448D-B402-80735E5F1178 at count: 1790000
script duration: 113.54 min
last_id: 268B165D-5751-498B-8554-D05DF887D055 at count: 1795000
script duration: 113.89 min
last_id: 2699101D-AE0A-40D5-9227-8F38932FFB45 at count: 1800000
script duration: 114.27 min
last_id: 26A70CAF-D78B-4F44-B925-B05869333BB8 at count: 1805000
script duration: 114.62 min
last_id: 26B50FAF-DC69-407E-845D-F5FE3ADE25E0 at count: 1810000
script duration: 114.97 min
last_id: 26C31C12-3F77-49D6-8FAE-535094401786 at count: 1815000
script duration: 115.33 min
last_id: 26D0DC6D-ECCE-4A5D-83CD-13C295A4AFD8 at count: 1820000
script duration: 115.7 min
last_id: 26DE9E45-75D0-4BDD-8FBF-7A06214F214E at count: 1825000
script duration: 116.06 min
last_id: 26EC23C3-456C-4689-96E9-6985564697DD at count: 1830000
script duration: 116.41 min
last_id: 26F9F4E0-6E07-4FBE-A8B0-AC0D30C0E2E6 at count: 1835000
script duration: 116.82 min
last_id: 26hvibqeRwgNukVNzdWFPZ7l3eB2-1580888921 at count: 1840000
script duration: 117.07 min
last_id: 27094750-C249-4673-90E6-C8656BF71B29 at count: 1845000
script duration: 117.38 min
last_id: 271750EC-B6C0-4147-BB81-B8B611373FF7 at count: 1850000
script duration: 117.81 min
last_id: 27254DF1-9A45-44F5-A792-FD0EB20F0CC0 at count: 1855000
script duration: 118.19 min
last_id: 27331DC5-6ACF-44F8-8760-AAFEFD64CE7C at count: 1860000
script duration: 118.58 min
last_id: 2740F462-CB9F-40D1-8DE9-AA0EA27E248F at count: 1865000
script duration: 118.95 min
last_id: 274F1986-5D0F-4C3C-8766-7F44CF6BE611 at count: 1870000
script duration: 119.3 min
last_id: 275D368D-61ED-4025-A93E-B0BC1E2671CA at count: 1875000
script duration: 119.72 min
last_id: 276AF8D8-D995-48B8-8939-C191603A5BC4 at count: 1880000
script duration: 120.12 min
last_id: 2779270F-64B3-486C-84EE-9847213EC904 at count: 1885000
script duration: 120.49 min
last_id: 2786E7E0-B2BE-455A-9D8F-CE0EB1D7CE49 at count: 1890000
script duration: 120.83 min
last_id: 27953A7D-9B2E-4844-A32D-98FE1D3CA98F at count: 1895000
script duration: 121.24 min
last_id: 27A3500C-4880-4AB0-AD18-0BE11C3225F3 at count: 1900000
script duration: 121.62 min
last_id: 27AeBm93qCb9VlcetD14VwUcDt73-1576023765 at count: 1905000
script duration: 121.96 min
last_id: 27AeBm93qCb9VlcetD14VwUcDt73-1583753278 at count: 1910000
script duration: 122.31 min
last_id: 27AeBm93qCb9VlcetD14VwUcDt73-1586830986 at count: 1915000
script duration: 122.61 min
last_id: 27AeBm93qCb9VlcetD14VwUcDt73-1593318381 at count: 1920000
script duration: 122.9 min
last_id: 27B8DC20-0288-4D7B-BEEF-C2155CEA36CA at count: 1925000
script duration: 123.25 min
last_id: 27C7156D-0779-4F71-ADFA-CF0970D31B7F at count: 1930000
script duration: 123.67 min
last_id: 27D5513D-714B-4020-9431-577356CB300B at count: 1935000
script duration: 124.02 min
last_id: 27E33043-41A4-448B-9AC0-3A3BD9FF3524 at count: 1940000
script duration: 124.41 min
last_id: 27F0F902-5633-4459-A978-0AA7D6C2CF3A at count: 1945000
script duration: 124.72 min
last_id: 27FDYBuG3VhAmO3FUZk4N7wE50L2-1576805087 at count: 1950000
script duration: 125.06 min
last_id: 27HCaXrantWnncI8aAx3rVfs6Di2-1561845630 at count: 1955000
script duration: 125.22 min
last_id: 27Ikz3w4QHMwxSbqkFQLvS7pt0C3-1573291799 at count: 1960000
script duration: 125.4 min
last_id: 27r6wFJSfThB26NbKHBng1cvTfh2-1576161150 at count: 1965000
script duration: 125.55 min
last_id: 280BCBE6-E35B-4EC0-8399-EBC8CA3404B7 at count: 1970000
script duration: 125.91 min
last_id: 2819F681-64EE-40CD-87B4-A99B231E687A at count: 1975000
script duration: 126.22 min
last_id: 2827B180-5069-4CA9-A633-F5AAC8570171 at count: 1980000
script duration: 126.59 min
last_id: 283151FB-504E-4CFB-B4D4-6551B68273E2 at count: 1985000
script duration: 126.93 min
last_id: 283F8715-0CE0-4E55-B2DA-7F88AC5356FE at count: 1990000
script duration: 127.27 min
last_id: 284D24B7-CD30-4904-81B7-BBA1E93B885A at count: 1995000
script duration: 127.62 min
last_id: 285A5C46-57B9-4366-8C6D-033F85D8E79B at count: 2000000
script duration: 127.96 min
last_id: 28687386-87BD-4EA4-8FD2-657BE2D69BD2 at count: 2005000
script duration: 128.31 min
last_id: 287684CB-D910-455D-A215-61E64ACB9435 at count: 2010000
script duration: 128.67 min
last_id: 2883BEE4-A3AF-418C-876B-8693098138A1 at count: 2015000
script duration: 128.99 min
last_id: 2890B112-9889-42CD-ADB0-9111B166AA94 at count: 2020000
script duration: 129.33 min
last_id: 289E76B3-BA62-4DFE-96A0-5D68596FAA49 at count: 2025000
script duration: 129.72 min
last_id: 28AA03D8-E044-4143-B17E-D0F4BE6F2EFA at count: 2030000
script duration: 130.04 min
last_id: 28B7B354-8BE3-4985-BB19-532C8B4F8714 at count: 2035000
script duration: 130.46 min
last_id: 28C5FAC9-5EF4-4F29-AA52-BAD41281AE5B at count: 2040000
script duration: 130.84 min
last_id: 28D46711-1EA6-42C6-8293-7F3F119D9B98 at count: 2045000
script duration: 131.16 min
last_id: 28E2963D-52F3-4DAE-B918-CF73627B443C at count: 2050000
script duration: 131.52 min
last_id: 28Ewi6P3I9TT9BlYi9oH5nal2rL2-1583849500 at count: 2055000
script duration: 131.86 min
last_id: 28FCFD78-E2B8-49AF-ADF8-10B6605F8164 at count: 2060000
script duration: 132.18 min
last_id: 28Z95SW22HRmPFk8nNdPDpz5t1H3-1582469348 at count: 2065000
script duration: 132.48 min
last_id: 29067FAE-4432-4170-A8F3-008BAC822F43 at count: 2070000
script duration: 132.79 min
last_id: 2914DCEB-653B-4702-B63C-A9842DE5F22D at count: 2075000
script duration: 133.14 min
last_id: 29230C57-775D-45D8-BC5B-9D03E384A0E2 at count: 2080000
script duration: 133.52 min
last_id: 293090F8-FFEC-4626-B675-1D24AB100E4A at count: 2085000
script duration: 133.89 min
last_id: 293E9D19-6C8F-491D-96AF-9DB6270F31F0 at count: 2090000
script duration: 134.25 min
last_id: 294CDA9B-7E83-477C-93D3-BE0E2FFDAD6C at count: 2095000
script duration: 134.61 min
last_id: 295B43E8-493A-4B1B-8522-C31CED61761B at count: 2100000
script duration: 134.97 min
last_id: 29690137-7131-4AF8-88C4-9D73868E72A7 at count: 2105000
script duration: 135.35 min
last_id: 297706DB-30E0-4A1F-8C67-0D985B5A0708 at count: 2110000
script duration: 135.72 min
last_id: 29849BE6-FE25-4CAC-B17F-CCB7080F4BF7 at count: 2115000
script duration: 136.12 min
last_id: 2992BF70-90B0-40FB-A329-E248AE68890F at count: 2120000
script duration: 136.51 min
last_id: 29A10B07-0E64-4537-803C-0321369E01A4 at count: 2125000
script duration: 136.89 min
last_id: 29AF0DE6-862E-4848-90FF-332505B1253E at count: 2130000
script duration: 137.27 min
last_id: 29BD1C09-F077-457B-8254-ED6C64716039 at count: 2135000
script duration: 137.69 min
last_id: 29CB2DDF-DBD4-42BC-BD72-A43D0E49A8E6 at count: 2140000
script duration: 138.09 min
last_id: 29D99888-AB84-4CF9-8E0C-6EBBCF02472E at count: 2145000
script duration: 138.5 min
last_id: 29E793B2-EDEB-4F38-99A3-E59750E784D9 at count: 2150000
script duration: 138.85 min
last_id: 29F59156-0CDE-4744-A0A5-0F8A728A9D3F at count: 2155000
script duration: 139.25 min
last_id: 29UnJzwYTacO76gehh5ysCziKWm2-1579413143 at count: 2160000
script duration: 139.56 min
last_id: 29vNuDxDrza6zvQno9UYI2wCTc73-1557327480 at count: 2165000
script duration: 139.7 min
last_id: 2A01AB20-CBE3-40F9-A0A9-D24890DCF677 at count: 2170000
script duration: 139.83 min
last_id: 2A0FBB2B-2067-48E8-9807-F39ADA81F12D at count: 2175000
script duration: 140.27 min
last_id: 2A1E0D21-27E6-40AA-9E83-81DFD65EEB76 at count: 2180000
script duration: 140.65 min
last_id: 2A2C43D8-C27D-43E0-A557-54F7CDDBF743 at count: 2185000
script duration: 141.04 min
last_id: 2A39EB3D-5912-40B6-9E29-3422C6BF9608 at count: 2190000
script duration: 141.4 min
last_id: 2A45862C-DF9D-44CA-B7D5-CD32B88519A2 at count: 2195000
script duration: 141.79 min
last_id: 2A539DE5-2D18-4A2A-88D5-E1B3061F5269 at count: 2200000
script duration: 142.14 min
last_id: 2A620522-3FD3-4794-8870-12890870D146 at count: 2205000
script duration: 142.53 min
last_id: 2A70000A-3D4C-4810-8DE9-D985D7B876A9 at count: 2210000
script duration: 142.95 min
last_id: 2A7DA715-9F95-4911-9C35-189DE971EA3E at count: 2215000
script duration: 143.35 min
last_id: 2A8BF124-B687-4DBD-BC34-0625722F9EE9 at count: 2220000
script duration: 143.68 min
last_id: 2A999F9F-22A9-4107-9C1C-5955555ABC71 at count: 2225000
script duration: 144.05 min
last_id: 2AA2oZVieiQ8O7RtQqJw0SFWgE82-1564785955 at count: 2230000
script duration: 144.4 min
last_id: 2AA36527-D4F6-4F52-A8CA-01EBAF3B729A at count: 2235000
script duration: 144.58 min
last_id: 2AB1C5B2-F37D-4284-B3F8-DC5457889CFA at count: 2240000
script duration: 144.92 min
last_id: 2ABFDBC1-CB61-46FD-8D4E-D746DEDDFF7F at count: 2245000
script duration: 145.32 min
last_id: 2ACDEE8C-B177-40DD-8DF7-7C39574D679E at count: 2250000
script duration: 145.69 min
last_id: 2ADC16CA-2ADD-4521-8CE3-31764D408562 at count: 2255000
script duration: 145.99 min
last_id: 2AEA2637-2EAD-4E8A-AFB6-07A21E8EDA6C at count: 2260000
script duration: 146.39 min
last_id: 2AF7B326-5A5E-4CD6-AF29-89E143E69D31 at count: 2265000
script duration: 146.73 min
last_id: 2AP5vkuOpON2NLj59IUffqeLRlw2-1542039073 at count: 2270000
script duration: 147.02 min
last_id: 2AghuQfusnYdu2H9AEukv50Ms2d2-1578497428 at count: 2275000
script duration: 147.17 min
last_id: 2AghuQfusnYdu2H9AEukv50Ms2d2-1584583088 at count: 2280000
script duration: 147.47 min
last_id: 2B0697ED-12F7-4130-A90E-FC9F69F53D12 at count: 2285000
script duration: 147.82 min
last_id: 2B147364-FA18-4BC7-92D5-31B86108803B at count: 2290000
script duration: 148.22 min
last_id: 2B22B25F-0BC5-4199-AFAA-D1B2FA16ECBA at count: 2295000
script duration: 148.64 min
last_id: 2B310CA5-8733-4261-A8AD-F8117488C25C at count: 2300000
script duration: 149.04 min
last_id: 2B3F0471-FF37-4D02-9747-738C4CD452C4 at count: 2305000
script duration: 149.4 min
last_id: 2B4D18C1-F381-4950-812B-078102B358CE at count: 2310000
script duration: 149.74 min
last_id: 2B5B076A-B3DF-4B86-A406-3D9CA3463FBC at count: 2315000
script duration: 150.1 min
last_id: 2B68E0E8-5C41-4427-9255-F370C0173CCE at count: 2320000
script duration: 150.5 min
last_id: 2B7713CD-3300-4358-9D70-1D0C0C597504 at count: 2325000
script duration: 150.93 min
last_id: 2B855F10-D424-4593-AAC8-71D6E9D786E8 at count: 2330000
script duration: 151.3 min
last_id: 2B93C301-4066-475D-83B0-1AC397351F94 at count: 2335000
script duration: 151.63 min
last_id: 2BA1B5FF-0D85-4FBC-8434-B75D2EC87297 at count: 2340000
script duration: 151.97 min
last_id: 2BAFDD52-452D-47D3-A43C-D48E7CE2D86F at count: 2345000
script duration: 152.31 min
last_id: 2BBDFCCD-31ED-4687-8B33-268046FCD662 at count: 2350000
script duration: 152.66 min
last_id: 2BCC232A-C3D6-433B-836D-B6DE4537D5B8 at count: 2355000
script duration: 153.03 min
last_id: 2BD95168-AAC7-4525-ABDC-248E391C5DDA at count: 2360000
script duration: 153.38 min
last_id: 2BE5AB25-A86E-4700-84E0-F9A72126A4E4 at count: 2365000
script duration: 153.76 min
last_id: 2BF37714-A6BC-404C-A95B-3D16F7DBFEA0 at count: 2370000
script duration: 154.17 min
last_id: 2BNquYI68eQYA3ayrXTSkzfkC3K3-1560141652 at count: 2375000
script duration: 154.63 min
last_id: 2BQBMKX9VYdoJpQV4OhxQa6xlLc2-1582119538 at count: 2380000
script duration: 154.74 min
last_id: 2BQBMKX9VYdoJpQV4OhxQa6xlLc2-1588427824 at count: 2385000
script duration: 154.83 min
last_id: 2C01F2F2-0CF1-48D9-8714-782F982CEEA4 at count: 2390000
script duration: 155.05 min
last_id: 2C103FC0-2F28-4DFB-BE0C-4B89142CE7F1 at count: 2395000
script duration: 155.35 min
last_id: 2C1E4C48-9CBB-4A20-8C72-035FF98E98A2 at count: 2400000
script duration: 155.7 min
last_id: 2C2C5DB5-4286-49A8-BFD2-C01B1A89C85D at count: 2405000
script duration: 156.0 min
last_id: 2C3A7A6C-9D68-4B64-A4E9-0CE52975E6F8 at count: 2410000
script duration: 156.37 min
last_id: 2C4871EF-48DD-4809-8E64-BB1E4DCF0F15 at count: 2415000
script duration: 156.72 min
last_id: 2C563114-0F0D-4371-8D12-F3E66914828A at count: 2420000
script duration: 157.1 min
last_id: 2C63FC38-1049-4563-A2C7-7CF7537074C1 at count: 2425000
script duration: 157.45 min
last_id: 2C7225F9-DA4C-4F0A-9495-EAF3BA6D15FD at count: 2430000
script duration: 157.83 min
last_id: 2C801DC7-BA81-4E4F-9E5C-2400FC835753 at count: 2435000
script duration: 158.17 min
last_id: 2C8E13E6-7699-44B2-8742-80D890482C7F at count: 2440000
script duration: 158.55 min
last_id: 2C9B51F5-68B2-4C85-BDEE-719E31F521B8 at count: 2445000
script duration: 158.9 min
last_id: 2CA88A50-F7D7-4412-96FD-D245D302F0B1 at count: 2450000
script duration: 159.26 min
last_id: 2CB6AD73-FEAA-4D74-A336-C3053792D91F at count: 2455000
script duration: 159.62 min
last_id: 2CC4AB9E-AA4B-4044-AE9E-DB13AB8F8CD6 at count: 2460000
script duration: 159.94 min
last_id: 2CD34641-0230-478F-BC54-5DC5FC1F4304 at count: 2465000
script duration: 160.27 min
last_id: 2CE18831-5AF2-4349-9DE0-303F24E90710 at count: 2470000
script duration: 160.64 min
last_id: 2CEF9697-DB23-41D3-A118-EFE028861355 at count: 2475000
script duration: 160.97 min
last_id: 2CFDB391-CF91-4C51-B293-DF72EA751524 at count: 2480000
script duration: 161.3 min
last_id: 2CrN1uwvi1P2Hnui5884us0xU6x1-1573301410 at count: 2485000
script duration: 161.51 min
last_id: 2CrN1uwvi1P2Hnui5884us0xU6x1-1578131097 at count: 2490000
script duration: 161.79 min
last_id: 2CrN1uwvi1P2Hnui5884us0xU6x1-1584400130 at count: 2495000
script duration: 162.1 min
last_id: 2D0B04CA-75D2-4FB6-B0EA-D1883BC5AB17 at count: 2500000
script duration: 162.38 min
last_id: 2D1965C4-8721-4887-A9A6-23526206615D at count: 2505000
script duration: 162.67 min
last_id: 2D27AABF-67DB-4A6F-8AC1-C67BC0B66D3B at count: 2510000
script duration: 162.97 min
last_id: 2D359D80-53F3-446B-A4ED-0535FCD04B3F at count: 2515000
script duration: 163.45 min
last_id: 2D438081-9805-4AA2-9F31-DB8B2CDFB751 at count: 2520000
script duration: 163.76 min
last_id: 2D51ED57-13BB-45A5-B0A2-3611D24768D7 at count: 2525000
script duration: 164.08 min
last_id: 2D5WR0UcmXQFkEkROp4ULhzCAi83-1581588653 at count: 2530000
script duration: 164.41 min
last_id: 2D61E6BB-F868-49BA-8C69-CFF25309C735 at count: 2535000
script duration: 164.69 min
last_id: 2D6FD1FA-887B-46D7-8B13-C444223F18E9 at count: 2540000
script duration: 165.02 min
last_id: 2D7E0DCD-8FA0-46C5-B6B9-F8B4D5A104F4 at count: 2545000
script duration: 165.37 min
last_id: 2D8BFF1D-16BC-4FB2-9D5C-AF65B4625C44 at count: 2550000
script duration: 165.72 min
last_id: 2D9A0AFC-8AB2-4515-8F29-9CCAF332CD23 at count: 2555000
script duration: 166.04 min
last_id: 2DA7F775-7982-4690-8E24-EBE8D95C0621 at count: 2560000
script duration: 166.36 min
last_id: 2DB64049-8647-4B63-B022-D7DBB56B58E5 at count: 2565000
script duration: 166.66 min
last_id: 2DC4AF0F-5B43-45E6-BBFA-3B9238227B6C at count: 2570000
script duration: 167.12 min
last_id: 2DD2E346-196D-4307-A15A-BDFAB468CD10 at count: 2575000
script duration: 167.43 min
last_id: 2DDMTN6PX5OBJWWU5ewDh1walb93-1554536229 at count: 2580000
script duration: 167.73 min
last_id: 2DED87CF-EAD6-4984-BB43-D0262E633007 at count: 2585000
script duration: 168.07 min
last_id: 2DFA85B6-3E76-4B50-BE0B-84F09FFC21F7 at count: 2590000
script duration: 168.39 min
last_id: 2Dvutd5vWkRQ2qMEaB3KEawvbsU2-1586782736 at count: 2595000
script duration: 168.62 min
last_id: 2E09CAFE-50C0-4A51-8EBD-6DA23851337A at count: 2600000
script duration: 168.94 min
last_id: 2E17D56A-49AF-421A-9635-458DCF881292 at count: 2605000
script duration: 169.25 min
last_id: 2E2618E2-CE0F-4E8F-921F-C61882E1FFC2 at count: 2610000
script duration: 169.57 min
last_id: 2E344057-4E76-4384-ADB5-2BF76032BE04 at count: 2615000
script duration: 169.86 min
last_id: 2E4286DE-5294-4305-B45E-025D41F383E4 at count: 2620000
script duration: 170.18 min
last_id: 2E4yWkBuDhb9VGXr1g9Wwtj0bOu2-1555324094 at count: 2625000
script duration: 170.48 min
last_id: 2E5DD9F3-F77E-4F72-B84D-25AAF18053B1 at count: 2630000
script duration: 170.78 min
last_id: 2E6C17F8-9D8E-42A1-9B65-779F9377B9A8 at count: 2635000
script duration: 171.08 min
last_id: 2E7A5AFF-607B-470E-A358-940BDAF521C5 at count: 2640000
script duration: 171.4 min
last_id: 2E8804DF-EC7D-4B31-8C2A-4E75734A9689 at count: 2645000
script duration: 171.73 min
last_id: 2E965AE8-627D-4921-B0E7-415859FF2DA0 at count: 2650000
script duration: 172.08 min
last_id: 2EA3D0AB-7122-4F6C-8DDC-677C70999FB0 at count: 2655000
script duration: 172.4 min
last_id: 2EB193F8-F83F-43B1-800B-A2E58C537277 at count: 2660000
script duration: 172.69 min
last_id: 2EBFE08B-8C7C-49FA-93B2-42EB6199A3FD at count: 2665000
script duration: 173.01 min
last_id: 2ECD44A5-B1FE-49EA-AF17-4BDDFD31E86E at count: 2670000
script duration: 173.31 min
last_id: 2EDB6DFF-3D90-4F1C-860A-9D830448C72B at count: 2675000
script duration: 173.6 min
last_id: 2EE8A60D-142D-40E5-A29D-8E718405473E at count: 2680000
script duration: 173.89 min
last_id: 2EF4DB2A-E88C-43A4-A9BD-230C0D5C0E24 at count: 2685000
script duration: 174.2 min
last_id: 2ET6MLu2CtbjVa0n9fMGjTQFJrN2-1574606041 at count: 2690000
script duration: 174.49 min
last_id: 2EsXLAjtRDbVC3h3CYIb6X0utul2-1585704070 at count: 2695000
script duration: 174.69 min
last_id: 2EuHUTxTVLOebmgfVIy0xfJyx3R2-1574594060 at count: 2700000
script duration: 174.89 min
last_id: 2EuHUTxTVLOebmgfVIy0xfJyx3R2-1585912108 at count: 2705000
script duration: 175.0 min
last_id: 2EuMDaGKyoMtpfQaAKIoWBxnml72-1584780811 at count: 2710000
script duration: 175.1 min
last_id: 2F077EED-70FB-408D-B3B5-0A7E0A3CF9F9 at count: 2715000
script duration: 175.35 min
last_id: 2F159A97-7286-4AA8-915E-1BB1FB3FC77D at count: 2720000
script duration: 175.64 min
last_id: 2F236923-38A6-4A2E-A0F9-A533C73905A5 at count: 2725000
script duration: 175.97 min
last_id: 2F318514-DF44-45DD-B5C0-1FC2775890D9 at count: 2730000
script duration: 176.25 min
last_id: 2F3F8083-FE61-43B8-8903-196E45B9DC28 at count: 2735000
script duration: 176.54 min
last_id: 2F4D6D36-D00D-48A1-856B-6FAB1F9E0F56 at count: 2740000
script duration: 176.83 min
last_id: 2F5B8A1A-A208-49DD-87BF-C039686719B3 at count: 2745000
script duration: 177.13 min
last_id: 2F698389-D0E9-47BF-B7D7-365EF0B14DC8 at count: 2750000
script duration: 177.43 min
last_id: 2F77311F-BA75-475C-A286-DD195E91985E at count: 2755000
script duration: 177.79 min
last_id: 2F84DC7F-067B-4897-8D99-5F8A61365F3A at count: 2760000
script duration: 178.11 min
last_id: 2F91CBE4-647B-444D-B936-D93EA0A54625 at count: 2765000
script duration: 178.41 min
last_id: 2FA02922-F43C-4291-8F87-124084BAF7C2 at count: 2770000
script duration: 178.71 min
last_id: 2FAE094C-428D-4B8A-9075-645A6B31C4B5 at count: 2775000
script duration: 179.02 min
last_id: 2FBBDF84-1DED-46B7-A9A6-10804ABC66E1 at count: 2780000
script duration: 179.32 min
last_id: 2FC72AC5-31C8-48F2-A68A-D29A42FB12C8 at count: 2785000
script duration: 179.6 min
last_id: 2FD44849-2514-4628-B716-7C355589F52E at count: 2790000
script duration: 179.93 min
last_id: 2FE2447B-67B0-43CE-B376-C8AE938713D3 at count: 2795000
script duration: 180.25 min
last_id: 2FF06BAE-CF89-4389-842B-1BAE00BCFB13 at count: 2800000
script duration: 180.56 min
last_id: 2FFE7C11-9544-4195-94FB-BF3F3A531F9F at count: 2805000
script duration: 180.91 min
last_id: 2FShusqV3AaygkD0pLHzxBZewvS2-1592134532 at count: 2810000
script duration: 181.08 min
last_id: 2FqF85ZUJXhp3l7CK0GIjSzs7E03-1575903286 at count: 2815000
script duration: 181.22 min
last_id: 2GEA64JGWqTvdYkUTLTcIDkYOVy2-1593465162 at count: 2820000
script duration: 181.43 min
last_id: 2H9iQQIMA2YuN0O1NbQmSZVZ56i1-1564845721 at count: 2825000
script duration: 181.59 min
last_id: 2Hom2FRpSxVKpgrjXpndK13mmNG3-1577414154 at count: 2830000
script duration: 181.79 min
last_id: 2Hom2FRpSxVKpgrjXpndK13mmNG3-1580405768 at count: 2835000
script duration: 181.97 min
last_id: 2Hom2FRpSxVKpgrjXpndK13mmNG3-1583721975 at count: 2840000
script duration: 182.25 min
last_id: 2IT7rJJKsOaqUTK77XSMA20vqbj2-1577618881 at count: 2845000
script duration: 182.4 min
last_id: 2JNpUF9wx1SSPEbvqT6G53JJ7ki1-1570450985 at count: 2850000
script duration: 182.52 min
last_id: 2KYLvlADxhfpfmwQM1YLVeot3Bg2-1569767481 at count: 2855000
script duration: 182.67 min
last_id: 2Kx9vANzMceAfOWh6aLJp4Bx8r73-1579444128 at count: 2860000
script duration: 182.89 min
last_id: 2L2CLCjH50ZpTF9fD28AnpGTbor1-1579168232 at count: 2865000
script duration: 183.32 min
last_id: 2MBUWfApndTjRHSpxSK7ETVi9Kv1-1555428535 at count: 2870000
script duration: 183.55 min
last_id: 2MFLvOvOgjcMsR41LIt48kGj1FF2-1572312591 at count: 2875000
script duration: 183.68 min
last_id: 2MLmGLdiyoVKnXBgO65aep11gvG3-1591275525 at count: 2880000
script duration: 183.92 min
last_id: 2MXQmwHsROahzQ0P1m8Nv9taWlk2-1566953878 at count: 2885000
script duration: 184.09 min
last_id: 2MXvz4y0Qwez4v4CZChKhTebIM02-1582358581 at count: 2890000
script duration: 184.2 min
last_id: 2Ml2JoziqqXDQ2Oyz5ud43Mofeo1-1595420434 at count: 2895000
script duration: 184.47 min
last_id: 2MuvHCpvU4PKXcSKgCNZqv20D743-1580990294 at count: 2900000
script duration: 184.6 min
last_id: 2NS1r4hxb7T0v77SZnElegLoNOx1-1592923742 at count: 2905000
script duration: 184.74 min
last_id: 2NlCJyKoEwWa3qmcDosouLXfiTe2-1563542586 at count: 2910000
script duration: 184.9 min
last_id: 2O807UlcZfOuLUcRSAzItDUK3H32-1586674230 at count: 2915000
script duration: 185.19 min
last_id: 2OG2KJLMNmXVvBorghHwrb8sKHb2-1565760883 at count: 2920000
script duration: 185.46 min
last_id: 2PPbFszNc9V4h7NmpzS6rRnvRFj2-1584092981 at count: 2925000
script duration: 185.61 min
last_id: 2QgPr9SQ65XcLVrYFsT20LTnPiC3-1578267566 at count: 2930000
script duration: 185.75 min
last_id: 2QgPr9SQ65XcLVrYFsT20LTnPiC3-1585810616 at count: 2935000
script duration: 186.02 min
last_id: 2Qo6TENbiuUUUywmg7ksLnbcjKF2-1586431699 at count: 2940000
script duration: 186.17 min
last_id: 2RAawIQCUqTnVqbeNlzXMe7KvZX2-1557307889 at count: 2945000
script duration: 186.29 min
last_id: 2RDrD2pew5PmkW5VnDMeW69Nbiu2-1575873697 at count: 2950000
script duration: 186.4 min
last_id: 2RZjxEQkC2SrLdwo6zdskxr8V3Q2-1593680808 at count: 2955000
script duration: 186.61 min
last_id: 2Re0WRD08zYBUvagXFvPnuTKDtn1-1592056944 at count: 2960000
script duration: 186.87 min
last_id: 2S7Md8dGUXOrMk95J6Bbi8q5cFJ3-1590412153 at count: 2965000
script duration: 187.05 min
last_id: 2SoxBfaFx6YrEfjUalRnUoM8qGr1-1586087387 at count: 2970000
script duration: 187.23 min
last_id: 2T3V7BIaL0TI4X139ykCCkJMWtI3-1591223423 at count: 2975000
script duration: 187.46 min
last_id: 2TLI94TbSpSakRIUUliOmC31TTk2-1579131780 at count: 2980000
script duration: 187.59 min
last_id: 2Tb556Aq0whK2g2DyOcm190HMIE2-1578858281 at count: 2985000
script duration: 187.87 min
last_id: 2Tb556Aq0whK2g2DyOcm190HMIE2-1591297669 at count: 2990000
script duration: 188.15 min
last_id: 2UTe70TZPQNwypNZPAaYUOJJKu92-1579934703 at count: 2995000
script duration: 188.3 min
last_id: 2Vsk5kOVbHZeJhoDqPOAmUF25So1-1576641465 at count: 3000000
script duration: 188.52 min
last_id: 2WSV8lAj13hnb8kjpmpRuZ6ZrSb2-1583856060 at count: 3005000
script duration: 188.64 min
last_id: 2WswFoBTPJPSLAJzyGnv9nG1XSp1-1561126193 at count: 3010000
script duration: 188.82 min
last_id: 2Y9WpCX43Ze6bnnh9xP7FgAOwus2-1576589057 at count: 3015000
script duration: 188.96 min
last_id: 2YpVHD6uTkTK4XtHKRKjYO0osTc2-1578882353 at count: 3020000
script duration: 189.1 min
last_id: 2Z69HGd6o2UKBoBohuOPTR5rq023-1591097862 at count: 3025000
script duration: 189.26 min
last_id: 2ZBthzm4GxeSYVyWgJkLbW2FDV53-1575895047 at count: 3030000
script duration: 189.45 min
last_id: 2aFeZXiRQBQ3CaR1lp493cenF2b2-1569506243 at count: 3035000
script duration: 189.59 min
last_id: 2bLS1mBLMtVxhH9DRwMUvVsCFOR2-1587116915 at count: 3040000
script duration: 189.76 min
last_id: 2bgkbinLYMR06ofbuIjy4MZqVFj1-1559290984 at count: 3045000
script duration: 189.92 min
last_id: 2bgkbinLYMR06ofbuIjy4MZqVFj1-1560524156 at count: 3050000
script duration: 190.03 min
last_id: 2bgkbinLYMR06ofbuIjy4MZqVFj1-1562517760 at count: 3055000
script duration: 190.14 min
last_id: 2cQ2abuHlyPwbS4skOpOMxj230j1-1587275917 at count: 3060000
script duration: 190.32 min
last_id: 2clFpiEGtGbgiXXj3tWnu5qh97z2-1586911862 at count: 3065000
script duration: 190.47 min
last_id: 2dVYILZNDlSeP0kcUyJzOeADoqz1-1576714024 at count: 3070000
script duration: 190.61 min
last_id: 2dqDRzER2YO79pjqyBHySX5nOJF3-1586256790 at count: 3075000
script duration: 190.79 min
last_id: 2ebE88NuiGbY7vp6kXU7GyKm1Te2-1560543461 at count: 3080000
script duration: 190.9 min
last_id: 2ecG38VtbQWUlcYKPgwc5HfDyDo2-1576481923 at count: 3085000
script duration: 191.05 min
last_id: 2ecG38VtbQWUlcYKPgwc5HfDyDo2-1581318769 at count: 3090000
script duration: 191.34 min
last_id: 2ecG38VtbQWUlcYKPgwc5HfDyDo2-1593084005 at count: 3095000
script duration: 191.61 min
last_id: 2fJ6QtQ1BPPuDltmvX9S29dogSJ2-1554824080 at count: 3100000
script duration: 191.79 min
last_id: 2gHmCXcZkDURTOB2ljRuY1gEYk53-1585045728 at count: 3105000
script duration: 191.94 min
last_id: 2gHmCXcZkDURTOB2ljRuY1gEYk53-1592094340 at count: 3110000
script duration: 192.04 min
last_id: 2hTIKdcI3ZdENXE1p8S8bHBkuso1-1542360014 at count: 3115000
script duration: 192.23 min
last_id: 2hbwMrCmIcXrpr4mX0xSU6Fe9jk2-1577442003 at count: 3120000
script duration: 192.38 min
last_id: 2hoBwzfcHEWPs8zmN0YTYirm7mZ2-1585796267 at count: 3125000
script duration: 192.58 min
last_id: 2hoBwzfcHEWPs8zmN0YTYirm7mZ2-1587974436 at count: 3130000
script duration: 192.84 min
last_id: 2hoBwzfcHEWPs8zmN0YTYirm7mZ2-1591932227 at count: 3135000
script duration: 193.1 min
last_id: 2hw3MtYg2UXvccI7zNwYzqiCxAR2-1585202472 at count: 3140000
script duration: 193.33 min
last_id: 2iEV4yJZdsdGNtJSphXc4HDDtol1-1565653683 at count: 3145000
script duration: 193.61 min
last_id: 2iOarzoIU2X4MoO7BXxOJtdwfMG3-1586874908 at count: 3150000
script duration: 193.84 min
last_id: 2jjxE9tV65Vk3bUkVGqitKzhFp22-1578408046 at count: 3155000
script duration: 194.02 min
last_id: 2kW1YIzGhMfaOmXPuvqKUAcMKum1-1580917038 at count: 3160000
script duration: 194.31 min
last_id: 2ks6218bVGPxHafVr1wmp6x6BsK2-1584873821 at count: 3165000
script duration: 194.7 min
last_id: 2l4qvrvvTTUzDsyOkxwVuqAsTis1-1588604019 at count: 3170000
script duration: 195.06 min
last_id: 2lpLXP1Y8DXRHIrDGurzn8oaeRL2-1581895748 at count: 3175000
script duration: 195.32 min
last_id: 2mi7vih1gqbyhmb7otVUZ7Tv8QS2-1579535254 at count: 3180000
script duration: 195.59 min
last_id: 2nGaGZcFKcgNiw0Bxqs8OpFwB632-1583152974 at count: 3185000
script duration: 195.86 min
last_id: 2nN5fDSnnoZEZ8GtqA5RvOx8UZw1-1583475610 at count: 3190000
script duration: 196.21 min
last_id: 2nlXbhDzyoftfxoKsMS16ffZYnA2-1566823466 at count: 3195000
script duration: 196.51 min
last_id: 2nndu14SOOTpaXGbGlg4uoBZgHj2-1570706235 at count: 3200000
script duration: 196.62 min
last_id: 2o8Ucwj1znQ9fkiExj9yk5Xvmt03-1576038553 at count: 3205000
script duration: 196.94 min
last_id: 2ohNpgu1K3QNQT6zqKwC5EDH4eF3-1539427735 at count: 3210000
script duration: 197.17 min
last_id: 2pBMbcSkjTOKBDjqP77TpC0AYVG3-1585993873 at count: 3215000
script duration: 197.36 min
last_id: 2pvyISfdonebbwlmJHCiSK6vCSR2-1578276132 at count: 3220000
script duration: 197.59 min
last_id: 2q3ABexAVtgEBY9qbnK6zdOP8Hp1-1573314850 at count: 3225000
script duration: 197.86 min
last_id: 2qlUmmVpJkWy4X6SKiyNFBXnPpz2-1588648277 at count: 3230000
script duration: 198.01 min
last_id: 2rTh5kKxdDSNCgfh0ARs53ZKJc62-1583751122 at count: 3235000
script duration: 198.19 min
last_id: 2sUCU3Yapng7OyEH2it4mmP92CH3-1551349507 at count: 3240000
script duration: 198.45 min
last_id: 2ss7DyZSprSBlSlKR0mJV8Qexom1-1551019503 at count: 3245000
script duration: 198.61 min
last_id: 2t38QmO9a6eGVyXcPPJzXyngFhu1-1567395703 at count: 3250000
script duration: 198.73 min
last_id: 2t38QmO9a6eGVyXcPPJzXyngFhu1-1574600764 at count: 3255000
script duration: 198.92 min
last_id: 2t7XbIk4RteLWrDmoYWHB37VX2w1-1587483645 at count: 3260000
script duration: 199.22 min
last_id: 2tN8MCWlmYeV6UL1b8RMou8TIpi2-1583278791 at count: 3265000
script duration: 199.48 min
last_id: 2tVIk9KaN1VBgKXE6nTGL2idVTe2-1569242379 at count: 3270000
script duration: 199.78 min
last_id: 2u5qE7FotRTJGIag9rNGb0aZTGX2-1566526607 at count: 3275000
script duration: 199.95 min
last_id: 2u5qE7FotRTJGIag9rNGb0aZTGX2-1571201807 at count: 3280000
script duration: 200.06 min
last_id: 2utt6QVzIBUoTIffJxc14NXIPLv2-1554086864 at count: 3285000
script duration: 200.23 min
last_id: 2vaqM0Ax69csdQfVt9in2QV2RI32-1572861000 at count: 3290000
script duration: 200.35 min
last_id: 2wIQfXYz1KcT5f9m4PleXOSYfbT2-1578968830 at count: 3295000
script duration: 200.62 min
last_id: 2wSE894rlrftZK4wHPBYaj8ZV7s2-1587076965 at count: 3300000
script duration: 200.96 min
last_id: 2wt2EzvaXWNmSv9DMNCP0jdDnhg2-1586913891 at count: 3305000
script duration: 201.25 min
last_id: 2xJl6githsXQ5BnUr6IGc2ycjsh1-1583804196 at count: 3310000
script duration: 201.5 min
last_id: 2yQfeSFTWDgrc5lXcRbke5h2HEJ3-1569674555 at count: 3315000
script duration: 201.78 min
last_id: 2yqljkCBkwYJbbrWEeKCkdnEEyS2-1546528803 at count: 3320000
script duration: 202.05 min
last_id: 2z4HmjE6RqUCI8Kidd8HMRptaV03-1578307770 at count: 3325000
script duration: 202.22 min
last_id: 2zShBARTSATZ9JbrPT4yFc6rGXl2-1563122935 at count: 3330000
script duration: 202.49 min
last_id: 2zrxaUDmc0TmNQXOItd39yFNAJk1-1585375406 at count: 3335000
script duration: 202.76 min
last_id: 300B01FE-5E06-4DDB-B8DA-2D39DCE9C51F at count: 3340000
script duration: 203.13 min
last_id: 3018F332-BDCA-4D21-A5A8-15A334892999 at count: 3345000
script duration: 203.55 min
last_id: 30270EEE-A459-4137-AF60-B653FD853BCD at count: 3350000
script duration: 203.96 min
last_id: 3034BEBE-3D3B-42BF-943C-A083478DB608 at count: 3355000
script duration: 204.35 min
last_id: 304286A0-59ED-4306-BCA8-3B4306D5F953 at count: 3360000
script duration: 204.7 min
last_id: 3050C1BB-1F5E-4129-9D0F-95B25407B98A at count: 3365000
script duration: 205.06 min
last_id: 305E9EA1-C0B3-4FFF-9F5F-2906CB6F1658 at count: 3370000
script duration: 205.47 min
last_id: 306C98C6-613A-46E8-9F53-A5CCB4E32D34 at count: 3375000
script duration: 205.82 min
last_id: 307AC677-8DBC-4D0E-8F6D-79C84CBE4084 at count: 3380000
script duration: 206.02 min
last_id: 30885187-4643-42B7-9518-3173272168DD at count: 3385000
script duration: 206.23 min
last_id: 3096352C-634C-4019-A93A-43FDEBB9DD3C at count: 3390000
script duration: 206.46 min
last_id: 30A3F968-5DE0-49E0-BA82-F9A9BBD1AC8C at count: 3395000
script duration: 206.69 min
last_id: 30B22A61-9E0C-42DE-870E-235921B035AE at count: 3400000
script duration: 206.9 min
last_id: 30BMtFHD6hhDzmQN4scMNEHH2n82-1572140089 at count: 3405000
script duration: 207.14 min
last_id: 30CC92E7-807D-4412-B1B9-4A9E4BFC608D at count: 3410000
script duration: 207.32 min
last_id: 30DAA1EA-19A1-4B8B-9A6D-9A47D2365239 at count: 3415000
script duration: 207.54 min
last_id: 30E8BEF7-1E0C-43AB-9A9B-531B4A1E23C6 at count: 3420000
script duration: 207.75 min
last_id: 30F138FA-B9F4-4262-834B-7B37BE371D2C at count: 3425000
script duration: 207.97 min
last_id: 30FF0B31-73F6-4EA5-8F5D-3227591A7D1B at count: 3430000
script duration: 208.17 min
last_id: 30V1qsnbKRh3fMo5L16UgxLPFd93-1569265840 at count: 3435000
script duration: 208.34 min
last_id: 30iumBuyunVIBPDJvrVVKia4LP62-1582557530 at count: 3440000
script duration: 208.63 min
last_id: 30iumBuyunVIBPDJvrVVKia4LP62-1584039109 at count: 3445000
script duration: 209.03 min
last_id: 30iumBuyunVIBPDJvrVVKia4LP62-1587809401 at count: 3450000
script duration: 209.39 min
last_id: 31031143-2FEC-4223-9750-481AA29DEF29 at count: 3455000
script duration: 209.75 min
last_id: 31116BA9-39C0-4ECB-BFD3-E69BF3573B7C at count: 3460000
script duration: 210.16 min
last_id: 311F803D-DE35-44F9-BD89-BD545D1D49F0 at count: 3465000
script duration: 210.58 min
last_id: 312DADF9-DB6F-47F1-89B5-532A329C1109 at count: 3470000
script duration: 210.92 min
last_id: 313BC08A-6762-4973-8D8F-7F8390A62BD5 at count: 3475000
script duration: 211.18 min
last_id: 3149FE46-B8D3-4AE6-BDC6-D52DF4A46E89 at count: 3480000
script duration: 211.47 min
last_id: 3158295B-FB3D-4D6A-914B-FA4E1BF3A41A at count: 3485000
script duration: 211.73 min
last_id: 3165ED18-2610-40F9-A341-6A0968412E9B at count: 3490000
script duration: 211.98 min
last_id: 31741552-B8B5-4E68-8ADC-EC7311EB9829 at count: 3495000
script duration: 212.24 min
last_id: 3182033A-839D-4868-94FD-3868BC8F5C80 at count: 3500000
script duration: 212.51 min
last_id: 31901E53-8915-4716-A8AE-3DA2FADFB3B0 at count: 3505000
script duration: 212.8 min
last_id: 319E5210-4406-44E9-A723-34BB48A77F54 at count: 3510000
script duration: 213.16 min
last_id: 31AC8373-9AEF-441D-8DCA-1AAAAE765A21 at count: 3515000
script duration: 213.56 min
last_id: 31BA9B06-1FF2-42D7-951E-4E2C0DA6E610 at count: 3520000
script duration: 213.92 min
last_id: 31C8AD17-4643-4C9A-A51D-42FE62664AEF at count: 3525000
script duration: 214.27 min
last_id: 31D6AC57-F450-4A01-8AD2-B8BC494CBF93 at count: 3530000
script duration: 214.61 min
last_id: 31E4A431-A404-4F68-BF7C-98C5EA8008D0 at count: 3535000
script duration: 214.96 min
last_id: 31F2C648-3D90-434B-9C7F-57B042A504B6 at count: 3540000
script duration: 215.32 min
last_id: 31No9KzZIwTXPKJiQmdezPodY4k2-1585924280 at count: 3545000
script duration: 215.68 min
last_id: 31ijfzb1SFWLzspU3PwQ5IXiW613-1572871635 at count: 3550000
script duration: 215.93 min
last_id: 31uTgdfg2fbPi0tIpXmDGCiSMNu1-1566953108 at count: 3555000
script duration: 216.25 min
last_id: 320D0B13-4CF7-41D1-A589-3377CAA54113 at count: 3560000
script duration: 216.68 min
last_id: 321B1AEB-7E3D-4E1A-BECC-1A89E4699CF1 at count: 3565000
script duration: 217.02 min
last_id: 32290C81-D2D3-4970-932B-507FBAD20104 at count: 3570000
script duration: 217.37 min
last_id: 32369D84-6E6F-48E5-B112-754478C8593B at count: 3575000
script duration: 217.79 min
last_id: 32452A4B-8FE1-4314-AFBA-3CAB25EAC29E at count: 3580000
script duration: 218.14 min
last_id: 32532AE5-DD95-474B-9523-C7DE6BDA3893 at count: 3585000
script duration: 218.5 min
last_id: 32616D49-1EC6-42AD-9EC8-5A8F2A48213F at count: 3590000
script duration: 218.91 min
last_id: 326F852B-6740-4749-B07D-FBDE6EA18C2C at count: 3595000
script duration: 219.27 min
last_id: 327D8776-7598-4B6A-A065-F682ED214AB9 at count: 3600000
script duration: 219.67 min
last_id: 328B4F51-521B-4459-948C-AB3055F81E94 at count: 3605000
script duration: 220.05 min
last_id: 32996CBF-EC7B-4915-871D-A46CFA0F2D15 at count: 3610000
script duration: 220.4 min
last_id: 32A72FFE-97D0-4238-9C63-93591BD6924E at count: 3615000
script duration: 220.82 min
last_id: 32B4ED3E-0907-47E4-9644-41BF3DC3B945 at count: 3620000
script duration: 221.22 min
last_id: 32C2E977-C27F-431A-A794-8040B4D0FCE4 at count: 3625000
script duration: 221.67 min
last_id: 32D0E66F-8B9F-4E46-BF34-71B8F65579A6 at count: 3630000
script duration: 222.16 min
last_id: 32DF19B5-DACE-4165-AD37-9843377EC4D5 at count: 3635000
script duration: 222.61 min
last_id: 32EB4244-AA63-4822-91B3-1E7945A1771B at count: 3640000
script duration: 223.06 min
last_id: 32F956A2-B4AD-44FB-9DFC-3728624EC731 at count: 3645000
script duration: 223.44 min
last_id: 32xUghQ4g8fQu4wu29VjLg8ejlg1-1576338044 at count: 3650000
script duration: 223.75 min
last_id: 33073082-6ABB-4B65-BCF6-CB89393FB4E7 at count: 3655000
script duration: 224.07 min
last_id: 33151BAF-9CEF-44F2-86E7-CDFD08C44421 at count: 3660000
script duration: 224.44 min
last_id: 332366C7-D8CC-45F0-849A-F4A7CAE66E86 at count: 3665000
script duration: 224.83 min
last_id: 33317AB7-4F74-4CED-88ED-751180BA948D at count: 3670000
script duration: 225.21 min
last_id: 333FC9C2-F227-404B-9BB0-1CD9C7E33602 at count: 3675000
script duration: 225.62 min
last_id: 334DC1E9-1BEF-4774-A0CD-FEED7865AD96 at count: 3680000
script duration: 225.99 min
last_id: 335B8BAB-1ABA-4F46-8CE1-64263DE601FF at count: 3685000
script duration: 226.39 min
last_id: 3369BCC3-0BB1-4BB9-AB76-B920BCCAEF8E at count: 3690000
script duration: 226.76 min
last_id: 337797F7-20FD-4BA2-99B5-26AEA04E3238 at count: 3695000
script duration: 227.1 min
last_id: 33857622-4893-4231-B38B-57AAB56F5A3F at count: 3700000
script duration: 227.45 min
last_id: 33936584-5D88-4D50-BD01-E9F6E7B30248 at count: 3705000
script duration: 227.83 min
last_id: 33A131E1-92DE-488D-9491-C1D6F0191CC7 at count: 3710000
script duration: 228.28 min
last_id: 33AF61B9-9DFD-48CD-B4FF-7EB3FE6D4D33 at count: 3715000
script duration: 228.66 min
last_id: 33BD4FCA-DCF2-401E-A999-3198A02C99EB at count: 3720000
script duration: 229.03 min
last_id: 33CBA83E-0F9A-4132-AA0B-6BC211CCCF22 at count: 3725000
script duration: 229.39 min
last_id: 33D9C17D-64A8-4E6F-A295-EAAE0FB2C03B at count: 3730000
script duration: 229.72 min
last_id: 33E7F73A-7A36-4B5E-9CE1-6C72E317DFB8 at count: 3735000
script duration: 230.15 min
last_id: 33F5C71D-4AE1-43EC-B257-18777037735E at count: 3740000
script duration: 230.52 min
last_id: 33TBRPOYjRPSC3tPKnAGFXq7qWA2-1562227872 at count: 3745000
script duration: 230.85 min
last_id: 34040214-64C2-465F-A51F-6E654F501CAE at count: 3750000
script duration: 231.02 min
last_id: 3411E5DF-1FF5-4198-BDF9-C0FE28B9A054 at count: 3755000
script duration: 231.35 min
last_id: 341FFA9A-4B0D-4544-8C1A-6072F0E21146 at count: 3760000
script duration: 231.7 min
last_id: 342E3B9A-4AC4-4041-9ACB-0EC1103D2264 at count: 3765000
script duration: 232.06 min
last_id: 343C3459-63E3-4B8D-A176-2D4EA1F6A1F2 at count: 3770000
script duration: 232.45 min
last_id: 3449E546-E185-41CD-BD98-C575011BC370 at count: 3775000
script duration: 232.83 min
last_id: 34586D67-8AAC-462C-933C-1AEB106019B1 at count: 3780000
script duration: 233.24 min
last_id: 3466F0E6-72E4-4017-946C-D1EA2C0E27F2 at count: 3785000
script duration: 233.63 min
last_id: 34751099-0FB0-4D08-B9C4-B01C1502BF53 at count: 3790000
script duration: 234.1 min
last_id: 3482CE13-CD75-442A-91FE-E819D8E0A501 at count: 3795000
script duration: 234.53 min
last_id: 3483NN10tnNrRknkjepMqohP5wN2-1562843591 at count: 3800000
script duration: 234.67 min
last_id: 3483NN10tnNrRknkjepMqohP5wN2-1564974993 at count: 3805000
script duration: 234.77 min
last_id: 3483NN10tnNrRknkjepMqohP5wN2-1570274931 at count: 3810000
script duration: 234.88 min
last_id: 348D8572-4BF6-4264-84FF-6A8B6DB955DB at count: 3815000
script duration: 235.12 min
last_id: 349BCE88-FBF1-4260-B7AD-B25874B7A1DC at count: 3820000
script duration: 235.48 min
last_id: 34A9BC35-423D-4E40-8F6F-16A84D079252 at count: 3825000
script duration: 235.85 min
last_id: 34B7E570-A1EB-4D36-951D-14B2D0E7BEEF at count: 3830000
script duration: 236.26 min
last_id: 34C5E419-0A6F-4BB5-BE01-ECC26BC94A37 at count: 3835000
script duration: 236.81 min
last_id: 34D40845-8FE8-4DDF-90B7-1CD15736BF83 at count: 3840000
script duration: 237.27 min
last_id: 34E222E8-15B5-4723-9635-093CA4F2096E at count: 3845000
script duration: 237.65 min
last_id: 34F03EAD-F47F-4EB5-8F7D-6C990EF817F2 at count: 3850000
script duration: 238.06 min
last_id: 34FDFFFE-F3FA-4166-B76D-2A1FF3E514AC at count: 3855000
script duration: 238.43 min
last_id: 34gZUKi25GSTIrfOToykw4z9SZr1-1558099773 at count: 3860000
script duration: 238.66 min
last_id: 34gZUKi25GSTIrfOToykw4z9SZr1-1568608843 at count: 3865000
script duration: 238.77 min
last_id: 34wRwTK9WEbXfNoLnGa6fedbYkS2-1582717740 at count: 3870000
script duration: 238.98 min
last_id: 34wRwTK9WEbXfNoLnGa6fedbYkS2-1586090856 at count: 3875000
script duration: 239.35 min
last_id: 34wRwTK9WEbXfNoLnGa6fedbYkS2-1591350149 at count: 3880000
script duration: 239.67 min
last_id: 350B8F0F-9981-4105-B0FE-575FDA2D1D59 at count: 3885000
script duration: 240.06 min
last_id: 351999FC-1B14-4D9E-9D52-63D0EB66ABD1 at count: 3890000
script duration: 240.44 min
Traceback (most recent call last):
  File "/home/dzubke/miniconda3/envs/pyt_16/lib/python3.6/site-packages/google/api_core/grpc_helpers.py", line 97, in next
    return six.next(self._wrapped)
  File "/home/dzubke/miniconda3/envs/pyt_16/lib/python3.6/site-packages/grpc/_channel.py", line 416, in __next__
    return self._next()
  File "/home/dzubke/miniconda3/envs/pyt_16/lib/python3.6/site-packages/grpc/_channel.py", line 689, in _next
    raise self
grpc._channel._MultiThreadedRendezvous: <_MultiThreadedRendezvous of RPC that terminated with:
	status = StatusCode.UNAVAILABLE
	details = "The datastore operation timed out, or the data was temporarily unavailable."
	debug_error_string = "{"created":"@1608763751.632731472","description":"Error received from peer ipv4:108.177.111.95:443","file":"src/core/lib/surface/call.cc","file_line":1061,"grpc_message":"The datastore operation timed out, or the data was temporarily unavailable.","grpc_status":14}"
>

The above exception was the direct cause of the following exception:

Traceback (most recent call last):
  File "download.py", line 964, in <module>
    downloader.download_dataset()
  File "download.py", line 301, in download_dataset
    docs = list(map(lambda x: self._doc_trim_to_dict(x), next_query.stream()))
  File "/home/dzubke/miniconda3/envs/pyt_16/lib/python3.6/site-packages/google/cloud/firestore_v1/query.py", line 213, in stream
    for response in response_iterator:
  File "/home/dzubke/miniconda3/envs/pyt_16/lib/python3.6/site-packages/google/api_core/grpc_helpers.py", line 100, in next
    six.raise_from(exceptions.from_grpc_error(exc), exc)
  File "<string>", line 3, in raise_from
google.api_core.exceptions.ServiceUnavailable: 503 The datastore operation timed out, or the data was temporarily unavailable.
