nohup: ignoring input
type: <class '__main__.SpeakTrainDownloader'>
last_id: 00155E91-E0B2-4AC8-9654-BD69DDEBF071 at count: 7500
script duration: 0.36 min
last_id: 002A3496-DEC4-4277-897B-73A7D2F2C2B1 at count: 15000
script duration: 0.68 min
last_id: 003E8C1E-C154-403E-8CC0-30E908F9D1DC at count: 22500
script duration: 1.02 min
last_id: 00532D73-EDD5-48CA-9DBF-D3FE89FDB5C9 at count: 30000
script duration: 1.38 min
last_id: 00680B5B-042C-4F64-9032-F132F70E45BE at count: 37500
script duration: 1.75 min
last_id: 007C2282-BAD7-42F1-A8BC-88A4CB4F5F1F at count: 45000
script duration: 2.07 min
last_id: 00919FF4-F774-4F59-9429-7910611F9B93 at count: 52500
script duration: 2.41 min
last_id: 00A6437B-2DD5-4887-AC72-BE66C69A50C5 at count: 60000
script duration: 2.74 min
last_id: 00BB1CDE-8BF6-42C9-BA5D-FB99D93C3CCA at count: 67500
script duration: 3.26 min
last_id: 00D050DF-C7C7-4EEC-9CFD-57FE4A6CAEA8 at count: 75000
script duration: 3.84 min
last_id: 00E5AB5E-8F55-4C6C-92C7-D6445EE210D4 at count: 82500
script duration: 4.37 min
last_id: 00FA753B-1B7B-4965-9E69-3EB84ED95689 at count: 90000
script duration: 4.94 min
last_id: 00ZMaCATQtRpvLV8SyAgFT9WaO22-1581958538 at count: 97500
script duration: 5.4 min
last_id: 0107D104-15F4-41AE-BA10-15DD71FC7383 at count: 105000
script duration: 5.85 min
last_id: 011AF665-624F-46F9-AE6E-A6D2169BFD27 at count: 112500
script duration: 6.3 min
last_id: 012FC233-5F0A-4C8B-979C-EEE6C6437B7A at count: 120000
script duration: 6.78 min
last_id: 0144D2FF-F128-4C75-969F-22F6BBE0AED3 at count: 127500
script duration: 7.39 min
last_id: 0159E852-420B-4492-BC2E-093DD686FBD2 at count: 135000
script duration: 7.88 min
last_id: 016F1E0C-1393-4DF8-A29E-5A56BC33AC23 at count: 142500
script duration: 8.43 min
last_id: 018462DD-D881-44DA-B9CC-2C52C6780922 at count: 150000
script duration: 8.98 min
last_id: 01998138-20CC-442E-A470-3818E883C556 at count: 157500
script duration: 9.55 min
last_id: 01AF010B-7C7B-45DF-BAFF-F1CA0643874A at count: 165000
script duration: 10.07 min
last_id: 01C41EA3-933C-44B3-B4DD-9DA1184EC768 at count: 172500
script duration: 10.6 min
last_id: 01D93583-8975-467D-A251-649BC26AA3EB at count: 180000
script duration: 11.05 min
last_id: 01EE9762-2E30-4889-9C4D-936758383689 at count: 187500
script duration: 11.55 min
last_id: 01ZguSfLBYO8rdJ9WJTW5LqSnWO2-1563076421 at count: 195000
script duration: 11.99 min
last_id: 020824CB-CA46-4AE1-9538-B9BD09C0F946 at count: 202500
script duration: 12.4 min
last_id: 021D5755-0902-4B24-896C-73486F307FB7 at count: 210000
script duration: 12.9 min
last_id: 0231D305-7C04-46AA-82E2-648FE88FCC3B at count: 217500
script duration: 13.37 min
last_id: 024703B8-4A75-4150-AA33-439513F916E4 at count: 225000
script duration: 13.85 min
last_id: 025C42C7-60ED-4285-B812-0144F845B300 at count: 232500
script duration: 14.42 min
last_id: 02714B16-7546-4BAD-9FC6-F2CCA0790409 at count: 240000
script duration: 14.9 min
last_id: 028656E5-DE86-407F-8DE7-DE89B938E754 at count: 247500
script duration: 15.42 min
last_id: 029B8C0A-4D48-4A34-81B4-00F60AE57D38 at count: 255000
script duration: 15.92 min
last_id: 02B098FE-F8C0-4945-99DB-BD2A8856B21E at count: 262500
script duration: 16.61 min
last_id: 02C57820-9FFD-4117-A3D4-71DB1A0F209E at count: 270000
script duration: 17.17 min
last_id: 02DAC83A-B67A-4FCA-A3F2-427446EA61BA at count: 277500
script duration: 17.74 min
last_id: 02EDBDF9-D57E-4C5C-9BB0-BC2ADE5F31A2 at count: 285000
script duration: 18.31 min
last_id: 02Uks5pIIePnSlKm6ShhJU6BMqC2-1581423287 at count: 292500
script duration: 18.94 min
last_id: 030EF01B-0A4C-486B-B03B-284A31898BC5 at count: 300000
script duration: 19.52 min
last_id: 0322E4BE-DDB6-49DD-9D8F-E20D1CE20A61 at count: 307500
script duration: 20.09 min
last_id: 0337FA1B-11E9-49DF-B092-39E5CCCA7C2E at count: 315000
script duration: 20.71 min
last_id: 034CE5AF-0417-41A4-B04E-1F7AE96C43E3 at count: 322500
script duration: 21.32 min
last_id: 0361377C-2C3C-40ED-A95B-B69F25CFC5DF at count: 330000
script duration: 21.89 min
last_id: 037653AB-8FCA-4635-95EA-7744F54254FC at count: 337500
script duration: 22.6 min
last_id: 038B816F-4FBE-4D3D-A242-F1C43C4548E5 at count: 345000
script duration: 23.24 min
last_id: 039F4820-13E4-4559-8262-C036D1EAED6B at count: 352500
script duration: 23.75 min
last_id: 03B48E3B-FF39-4698-91AD-B09E07AA346B at count: 360000
script duration: 24.29 min
last_id: 03C98684-EBBD-4515-AD87-E4F039D0097D at count: 367500
script duration: 24.81 min
last_id: 03DEDEA1-DEB8-4AAE-9A45-A611ED4E5138 at count: 375000
script duration: 25.29 min
last_id: 03F3F03A-F8C4-44B3-8969-FF67FC443B11 at count: 382500
script duration: 25.79 min
last_id: 03jo1baQq1SWicKkvCxCCOkpkXs1-1563461530 at count: 390000
script duration: 26.18 min
last_id: 040B435F-8185-473E-9F01-2945AD4F044B at count: 397500
script duration: 26.53 min
last_id: 04212473-4908-466F-94F3-24F8EFFF7BFC at count: 405000
script duration: 27.03 min
last_id: 04369B74-1B9F-45CC-83C7-5B272FBD71B6 at count: 412500
script duration: 27.53 min
last_id: 044B7F74-D8DE-4191-8151-E57239450013 at count: 420000
script duration: 28.1 min
last_id: 0460DB77-7E68-4B25-90F6-6095ABB04470 at count: 427500
script duration: 28.75 min
last_id: 04764CB9-B987-4E58-B125-86667838AF52 at count: 435000
script duration: 29.33 min
last_id: 048B80F4-7916-4E95-A3DC-E497B6CC7061 at count: 442500
script duration: 29.86 min
last_id: 04988EDF-FD62-4022-BE2A-8414B68D5B7C at count: 450000
script duration: 30.39 min
last_id: 04AD6AFA-38C2-4C7E-8D2B-556A31E777BC at count: 457500
script duration: 30.93 min
last_id: 04C22D7A-CC88-4BA1-94BE-A5F01CCD5E8B at count: 465000
script duration: 31.47 min
last_id: 04D73CDF-F6A4-46EA-AB1D-6420466A2C30 at count: 472500
script duration: 31.95 min
last_id: 04EC8F32-8FBB-43FF-ACE0-E12CB9620E05 at count: 480000
script duration: 32.47 min
last_id: 04VznKtDvUTHOJJTh7AFFOBFd8m1-1589599765 at count: 487500
script duration: 32.99 min
last_id: 050F7D77-8B96-42B1-AD50-BF4F2991CC1F at count: 495000
script duration: 33.49 min
last_id: 05248D6B-A17A-432A-8B3C-1C750EDAE708 at count: 502500
script duration: 34.03 min
last_id: 0539BCE3-836E-4371-B8CF-321B94CA59A8 at count: 510000
script duration: 34.56 min
last_id: 054EC94C-92C4-4040-8E05-904C9163FBAE at count: 517500
script duration: 35.06 min
last_id: 0563F6A7-387D-46C1-BC0E-38EADCA84493 at count: 525000
script duration: 35.5 min
last_id: 0578CB43-6097-4797-985D-32B25FEC82BF at count: 532500
script duration: 35.97 min
last_id: 057g27XhjsSGakvgdZwhe7hM4Wk1-1561990485 at count: 540000
script duration: 36.24 min
last_id: 05804C3C-51FB-40EE-88E2-78555E0AB2F1 at count: 547500
script duration: 36.5 min
last_id: 0595BD8B-B3FA-4707-AFE4-CEF10CDECA52 at count: 555000
script duration: 36.94 min
last_id: 05AB62FA-BB08-44B4-BC18-E93B20F28970 at count: 562500
script duration: 37.48 min
last_id: 05BFBC73-8F17-420E-B01C-EEBD34EE5734 at count: 570000
script duration: 37.93 min
last_id: 05D4EF38-8B35-4027-9778-EB2916C0718D at count: 577500
script duration: 38.41 min
last_id: 05EA0592-7669-45AC-B749-22F93064BC8E at count: 585000
script duration: 38.89 min
last_id: 05FF5CB9-43B1-43D4-88B5-714709652BF2 at count: 592500
script duration: 39.35 min
last_id: 060C120F-A6D2-4886-8D07-881C88D8402D at count: 600000
script duration: 39.78 min
last_id: 062159C2-E0E7-4DB6-805F-DD68506B7194 at count: 607500
script duration: 40.25 min
last_id: 06369924-DE09-4024-9591-29039F3A00DA at count: 615000
script duration: 40.71 min
last_id: 0648713A-739E-467F-9066-98A872BA5527 at count: 622500
script duration: 41.16 min
last_id: 065DAA27-3805-4E40-A011-2C61CC9AFE2E at count: 630000
script duration: 41.64 min
last_id: 066F380C-8963-4E30-908B-6432CA3258F3 at count: 637500
script duration: 42.01 min
last_id: 068420CD-D8B7-4739-93E0-B2C7F08CEFB9 at count: 645000
script duration: 42.43 min
last_id: 06993996-C14B-4BA2-B31B-BCFC7FBAC45D at count: 652500
script duration: 42.89 min
last_id: 06AEA8B6-29D5-4322-957F-AFC797C33A4F at count: 660000
script duration: 43.3 min
last_id: 06C402FE-6175-48C3-B64B-D9BBEFA0E27F at count: 667500
script duration: 43.75 min
last_id: 06D8E754-9729-4685-A431-CF10990EC336 at count: 675000
script duration: 44.17 min
last_id: 06E8cQ6XynVsPIgmCYVBg9jN79O2-1608190598 at count: 682500
script duration: 44.57 min
last_id: 06FE42F5-9CB2-44C2-B03F-00EE2EC9E455 at count: 690000
script duration: 44.99 min
last_id: 070C35AD-7C70-4A8C-BE8D-E396ECCFFE0C at count: 697500
script duration: 45.33 min
last_id: 07212C57-D2CF-4C7F-B87C-70A7FC4B14D7 at count: 705000
script duration: 45.75 min
last_id: 0736E9A2-0325-4250-B12A-D2CBCD8D5CFF at count: 712500
script duration: 46.21 min
last_id: 074C3E26-6584-466C-BA96-4A55A9037D0B at count: 720000
script duration: 46.61 min
last_id: 075C1CCF-59D8-4493-8B6C-F2DEF3F3871A at count: 727500
script duration: 46.98 min
last_id: 075lLTd2NUYxJ2h6ZkSjQahXqAA2-1588061423 at count: 735000
script duration: 47.28 min
last_id: 0763A2D6-E79E-4B99-9930-FCDD5DC6788B at count: 742500
script duration: 47.68 min
last_id: 0778F8C7-08E1-48B1-99EB-C9600C7A17B1 at count: 750000
script duration: 48.13 min
last_id: 078E3603-6FE6-416D-A7C9-F7A3C0C313EF at count: 757500
script duration: 48.56 min
last_id: 07A31AD3-3700-4EA4-B385-64221F7C8A4A at count: 765000
script duration: 49.08 min
last_id: 07B83833-2431-4A19-95AB-408F66F6C956 at count: 772500
script duration: 49.49 min
last_id: 07CD76B7-0F18-418A-AD3E-8041773DBCAE at count: 780000
script duration: 49.93 min
last_id: 07E258CA-F0F8-45B9-91A8-9CD9CD124ED9 at count: 787500
script duration: 50.41 min
last_id: 07F7C7D8-AFB0-4568-AD14-FB4557F4AC4C at count: 795000
script duration: 50.86 min
last_id: 07wWph8sYSSQ4Na9BefCTDif33p1-1581852968 at count: 802500
script duration: 51.23 min
last_id: 08120ABA-1745-4071-A280-6DB7AC22AC17 at count: 810000
script duration: 51.64 min
last_id: 08272C4A-C976-4E77-8A01-7F772BBDE9CB at count: 817500
script duration: 52.04 min
last_id: 083C3E1E-3174-410D-9144-9542B4B7041B at count: 825000
script duration: 52.52 min
last_id: 0851D7CB-0D7B-49BB-BA3C-DD4CE73D452F at count: 832500
script duration: 53.02 min
last_id: 08672ECE-64C1-4EF3-8D4E-2642EEFF86B5 at count: 840000
script duration: 53.46 min
last_id: 087C8492-3A20-4CF0-90D0-D5357F7F433B at count: 847500
script duration: 53.94 min
last_id: 0891105C-EF72-4281-974A-3CF32565B241 at count: 855000
script duration: 54.38 min
last_id: 089sqjJW3pMGb68V2jUrtQ1Sbtv2-1587630644 at count: 862500
script duration: 54.84 min
last_id: 08AEC5F5-2634-43CF-90E3-5F5AE4330F29 at count: 870000
script duration: 55.28 min
last_id: 08C40C0D-8D15-4AA3-A8D9-0C68419FD030 at count: 877500
script duration: 55.79 min
last_id: 08D93891-CEC1-4461-92FF-355EE221103E at count: 885000
script duration: 56.27 min
last_id: 08EE6A0B-7EB7-43E0-9D06-C4197AA75F8F at count: 892500
script duration: 56.75 min
last_id: 08QAE13IqrQh5e7dgfz0PrhJ2Rz2-1575549985 at count: 900000
script duration: 57.15 min
last_id: 08QAE13IqrQh5e7dgfz0PrhJ2Rz2-1586388169 at count: 907500
script duration: 57.31 min
last_id: 09055B4C-FB85-4BE9-B40B-C55A9124B7F7 at count: 915000
script duration: 57.64 min
last_id: 091ACD42-E926-453B-B085-3EF6D2D3B828 at count: 922500
script duration: 58.06 min
last_id: 092FDEF7-3751-4960-8DD2-F5A5A12C582F at count: 930000
script duration: 58.47 min
last_id: 0944D7C0-76FF-4E7F-8024-C45B52ACB596 at count: 937500
script duration: 58.98 min
last_id: 0959FFA2-2DD9-4B97-8A82-AED77646D423 at count: 945000
script duration: 59.47 min
last_id: 096F7AA0-5F96-4C55-8398-2D9CB0F85913 at count: 952500
script duration: 59.95 min
last_id: 0984430E-C712-45B8-8AF2-FBBE647CA07D at count: 960000
script duration: 60.51 min
last_id: 0997386C-FBB3-4D69-B2A2-76AF610F4AE1 at count: 967500
script duration: 61.04 min
last_id: 09ACAEA2-990D-4DA9-8413-5C4322D74F6D at count: 975000
script duration: 61.55 min
last_id: 09C20F98-A2E0-421C-AAF3-62EC46E4E08C at count: 982500
script duration: 62.1 min
last_id: 09D6DFD6-8A63-45DA-AE1C-2B6A63E7528D at count: 990000
script duration: 62.63 min
last_id: 09EBD89F-1654-4498-913C-A2A1E06DA349 at count: 997500
script duration: 63.12 min
last_id: 09Pe1O9GOcXGKVIRLx18ZHNOydT2-1563182165 at count: 1005000
script duration: 63.63 min
last_id: 09sdxQSqQeRVefzgaulQGDJAxbI3-1587892162 at count: 1012500
script duration: 63.97 min
last_id: 0A106786-072F-4E03-B91D-27B9ADEF4285 at count: 1020000
script duration: 64.39 min
last_id: 0A259CFD-14C8-4BF3-A7AB-722486E92354 at count: 1027500
script duration: 64.94 min
last_id: 0A3B00CC-F210-480B-A9AD-6FC71C6E45F0 at count: 1035000
script duration: 65.38 min
last_id: 0A4spoGG8PQ6Cs1i4CkrtsIjO2F3-1583630608 at count: 1042500
script duration: 65.89 min
last_id: 0A655458-ABFD-448F-BE95-D2167D4C7654 at count: 1050000
script duration: 66.37 min
last_id: 0A7A74F5-B212-46B3-9BFA-58341523E713 at count: 1057500
script duration: 66.82 min
last_id: 0A8BA260-2DE0-4CA4-9F41-6ADC3ED32988 at count: 1065000
script duration: 67.23 min
last_id: 0AA0A738-1AE4-4174-B917-92DAA15D343C at count: 1072500
script duration: 67.72 min
last_id: 0AB5B5CF-B336-4D05-90BC-CAA17F56C1A0 at count: 1080000
script duration: 68.19 min
last_id: 0ACB7F1C-8823-4FF2-AEB0-2E2658E19352 at count: 1087500
script duration: 68.67 min
last_id: 0ADV7Z2KtSdGqIA4nbjpWhXRcVG2-1591369188 at count: 1095000
script duration: 69.15 min
last_id: 0AF3ADB5-59E8-4B97-B2C6-7FC6E1EA2294 at count: 1102500
script duration: 69.59 min
last_id: 0AOSW56FiHgaAlaS0dVMxGsuWL72-1564569106 at count: 1110000
script duration: 70.0 min
last_id: 0AU0F8ImaiZSMPmtK0EP7EexSrZ2-1561135156 at count: 1117500
script duration: 70.16 min
last_id: 0AZn2UScKxZthUA7E02snplolTC3-1579689478 at count: 1125000
script duration: 70.39 min
last_id: 0B0F6223-A7F9-400D-B53D-6E58138D89C4 at count: 1132500
script duration: 70.85 min
last_id: 0B23DF27-A0EA-4902-B6D9-13CDA7B4F700 at count: 1140000
script duration: 71.4 min
last_id: 0B391CAB-ADE2-4424-B58A-1F3809491F7F at count: 1147500
script duration: 71.93 min
last_id: 0B4EA2D8-0078-402A-A5F7-4D24600125DD at count: 1155000
script duration: 72.45 min
last_id: 0B5MHIuwC1fjoXjjx3BD9BYL3a82-1561041591 at count: 1162500
script duration: 72.91 min
last_id: 0B73B5FA-8714-43FC-AB36-4E8260143772 at count: 1170000
script duration: 73.45 min
last_id: 0B88EF13-DB99-45FA-BA20-67AE97E06C9B at count: 1177500
script duration: 74.1 min
last_id: 0B9E474B-2D48-43AC-A22B-2A1DB50DA166 at count: 1185000
script duration: 74.67 min
last_id: 0BB35BDF-E623-43B0-9848-842B98FE3179 at count: 1192500
script duration: 75.27 min
last_id: 0BC9066B-A238-4A62-B068-720A2047C3BF at count: 1200000
script duration: 75.84 min
last_id: 0BDE6E6D-D242-4E72-B1D8-318EF0B3FE1F at count: 1207500
script duration: 76.33 min
last_id: 0BF35B74-D7FF-4746-8CB9-A9AEDA2A7920 at count: 1215000
script duration: 76.88 min
last_id: 0BlxHCTIHEa5T5hMImOtPQOspOX2-1580521539 at count: 1222500
script duration: 77.3 min
last_id: 0C10E720-4DB7-4941-BC47-B2DCDB6EE1F0 at count: 1230000
script duration: 77.89 min
last_id: 0C260E8E-94BF-4071-A5D3-1E267F6C3311 at count: 1237500
script duration: 78.52 min
last_id: 0C3B223B-A754-4E34-9396-420836948F51 at count: 1245000
script duration: 79.1 min
last_id: 0C4hCcus6CUsPFPyINBauSmPtWc2-1543241500 at count: 1252500
script duration: 79.66 min
last_id: 0C595942-5E34-4E59-9FCE-06E3DA5E52F4 at count: 1260000
script duration: 80.02 min
last_id: 0C6E3844-1643-4982-9F8E-8C1F279B08C6 at count: 1267500
script duration: 80.7 min
last_id: 0C833D7B-00BA-4753-9CCC-88185E8F42BB at count: 1275000
script duration: 81.31 min
last_id: 0C981F19-8953-408F-815B-55B86EB396AC at count: 1282500
script duration: 81.86 min
last_id: 0CACAE29-DCA7-4192-8C65-EDC9D1768043 at count: 1290000
script duration: 82.44 min
last_id: 0CC1C8B9-B7AE-4601-92F2-0F2E133A3E9E at count: 1297500
script duration: 83.12 min
last_id: 0CD6F3F4-EA6D-4F35-844F-F32B84E36C8A at count: 1305000
script duration: 83.77 min
last_id: 0CECE3B2-140E-47B0-A430-00962FFBF0E6 at count: 1312500
script duration: 84.39 min
last_id: 0CIEYJyuzLR8qyWmPtl1fbU65vp1-1587398115 at count: 1320000
script duration: 84.94 min
last_id: 0D034F63-E9C0-4A81-8579-AD156311444C at count: 1327500
script duration: 85.32 min
last_id: 0D182ADF-2AC6-40EB-85A7-51820A2B70AB at count: 1335000
script duration: 85.96 min
last_id: 0D2D97A3-8A44-4D6D-9584-12E6772D990C at count: 1342500
script duration: 86.6 min
last_id: 0D408FCD-E092-490D-895D-206A6BB379D5 at count: 1350000
script duration: 87.22 min
last_id: 0D554D0C-3AA4-44A5-B0DA-84656C0E0866 at count: 1357500
script duration: 87.88 min
last_id: 0D69ED3D-EF32-48BE-8F1C-49B534ECCD4C at count: 1365000
script duration: 88.47 min
last_id: 0D7F0760-E510-4B19-9425-B1C9640E8427 at count: 1372500
script duration: 89.07 min
last_id: 0D9445D7-0780-4CBF-91B2-16433CA69DF6 at count: 1380000
script duration: 89.73 min
last_id: 0DA9A571-28E7-423A-86CD-665F53710757 at count: 1387500
script duration: 90.33 min
last_id: 0DBE381E-96E4-4FFC-B2BE-8E3032725E51 at count: 1395000
script duration: 90.99 min
last_id: 0DD327F5-FA2E-4166-B93F-529821A0CC60 at count: 1402500
script duration: 91.53 min
last_id: 0DE6A3FB-3779-4D44-947B-CEE43A95C962 at count: 1410000
script duration: 92.2 min
last_id: 0DFBD707-9D71-45D5-BAC8-6EA6FA7A3943 at count: 1417500
script duration: 92.83 min
last_id: 0DdhSwS7dCVR1ZkXxKHVG3DKnHE2-1554730489 at count: 1425000
script duration: 93.19 min
last_id: 0Dxym5MlvrOuE4F3GZFpXX693vd2-1576689447 at count: 1432500
script duration: 93.44 min
last_id: 0Dxym5MlvrOuE4F3GZFpXX693vd2-1581416364 at count: 1440000
script duration: 93.59 min
last_id: 0Dz0LSqhYNP1PE9yVI7e6gkL79m2-1579523906 at count: 1447500
script duration: 93.78 min
last_id: 0E0CE6AA-665A-4A2E-90DF-9069AA0288B0 at count: 1455000
script duration: 94.39 min
last_id: 0E21E78E-311E-455C-9C4D-9BE1AC43FBFB at count: 1462500
script duration: 94.99 min
last_id: 0E36F337-7BC3-44BD-85FE-65776FC8876E at count: 1470000
script duration: 95.57 min
last_id: 0E4B96E4-F2D6-44E3-AB9F-2CD03CB49236 at count: 1477500
script duration: 96.2 min
last_id: 0E610515-D2E3-42C5-AAC1-7B3CAEB3C0AB at count: 1485000
script duration: 96.73 min
last_id: 0E7631A9-EB3C-43C5-8B3F-1E45DC8340DC at count: 1492500
script duration: 97.25 min
last_id: 0E8B9106-8304-4E95-9216-384074E2D153 at count: 1500000
script duration: 97.83 min
last_id: 0EA1262E-A0EC-4701-9D5D-67A4950B24DC at count: 1507500
script duration: 98.4 min
last_id: 0EB69534-06B9-43B8-9DCB-057890531D1C at count: 1515000
script duration: 99.03 min
last_id: 0ECAB218-3DA2-4C09-8F0C-0CC7D429076E at count: 1522500
script duration: 99.58 min
last_id: 0EDFE2F3-A337-4282-9153-0665A8495F16 at count: 1530000
script duration: 100.17 min
last_id: 0EF52645-BD47-4CDB-943C-F61E1A5AB822 at count: 1537500
script duration: 100.74 min
last_id: 0EsdoOKHATPFxjXd9slxTu1UBVs1-1538570216 at count: 1545000
script duration: 101.13 min
last_id: 0F0C27E0-DA91-4330-9ADF-AB4F4B98E7FC at count: 1552500
script duration: 101.62 min
last_id: 0F20ooqE9OZFTEhCrHosCz43hR43-1562138411 at count: 1560000
script duration: 102.19 min
last_id: 0F35C6B2-78CF-4542-92EB-C3A75BF5279E at count: 1567500
script duration: 102.77 min
last_id: 0F4B41E7-6DD3-48F8-8CC1-D7E0DCB4A22A at count: 1575000
script duration: 103.35 min
last_id: 0F60AC85-5FD5-48FB-9CB3-6E9FFC3454AA at count: 1582500
script duration: 103.9 min
last_id: 0F761FB5-B5A0-4ACD-9A2E-DED41E299D4A at count: 1590000
script duration: 104.44 min
last_id: 0F8BA8A0-F004-40F3-A0B5-476E8CFE8979 at count: 1597500
script duration: 104.95 min
last_id: 0FA10CF8-6084-45AC-827E-22D7C6F39681 at count: 1605000
script duration: 105.44 min
last_id: 0FB61010-6B53-41FC-8075-30BD97E7A42F at count: 1612500
script duration: 105.98 min
last_id: 0FCBD974-63F3-41B0-8EC8-43FF070E0EA6 at count: 1620000
script duration: 106.48 min
last_id: 0FDgptjANQSwXPDmnj688o1w8hI2-1575984818 at count: 1627500
script duration: 106.92 min
last_id: 0FEE187E-0355-4E66-A7AE-BAF2E680D586 at count: 1635000
script duration: 107.35 min
last_id: 0FMAkuJUGhXJ8YVOLzwV7uaCBUq2-1574473231 at count: 1642500
script duration: 107.81 min
last_id: 0FUdKlbShncQIdtNCWUp6uTmTIq2-1581372636 at count: 1650000
script duration: 108.16 min
last_id: 0FVC98a9PIRZzxxdCns4Yh7RHB03-1592145640 at count: 1657500
script duration: 108.48 min
last_id: 0G4iF20ujqgNvkPWzix3axf8cUE3-1577969992 at count: 1665000
script duration: 108.77 min
last_id: 0HNhTxxrQOYjsBJKSmNbmwP2KH83-1566777729 at count: 1672500
script duration: 109.05 min
last_id: 0HcWVBmlBAgObrJVmoGbLL00u3q1-1575718444 at count: 1680000
script duration: 109.22 min
last_id: 0ICYha4LHPd0KntCPJcoopYbeeR2-1580999404 at count: 1687500
script duration: 109.48 min
last_id: 0J5a63eRDjdypBS5pNcST9mPfNL2-1580607812 at count: 1695000
script duration: 109.71 min
last_id: 0J8Kx8nX7mNfH6CEulrZdKTO6u83-1578142403 at count: 1702500
script duration: 110.08 min
last_id: 0JY1Zmymc2fOBSF7175uRvO1oYR2-1573023540 at count: 1710000
script duration: 110.47 min
last_id: 0K1RG7WzD7btJYrJZZz8mvUZ2W42-1591190094 at count: 1717500
script duration: 110.88 min
last_id: 0Ki2ER5xDaSzsOMQtiICNXW9KWe2-1571959696 at count: 1725000
script duration: 111.15 min
last_id: 0LLlt0MP80c27BgwLvFWXJTbfF73-1553097618 at count: 1732500
script duration: 111.36 min
last_id: 0LPdT1DidmetwYfCSy6dCsHYWJh2-1586346863 at count: 1740000
script duration: 111.7 min
last_id: 0LgqX8FjPidnE9yhxljcD3pGSyQ2-1562343976 at count: 1747500
script duration: 112.08 min
last_id: 0NEBlWpzWSVHBnZDG9K0TcCjXOo2-1562496162 at count: 1755000
script duration: 112.29 min
last_id: 0NTMvYqnFuaLFzxAhRhVEdL70z62-1586373737 at count: 1762500
script duration: 112.5 min
last_id: 0Nz7oP22qJYfvUwhPAp5xWRsEPz2-1589617402 at count: 1770000
script duration: 112.81 min
last_id: 0OqQFF65DHOrYR7Hltat0UgeqWU2-1581084563 at count: 1777500
script duration: 113.13 min
last_id: 0PWDthwR4QdCQuWxJPEZm1zf70l2-1572865985 at count: 1785000
script duration: 113.39 min
last_id: 0Q4VVp2t35f7DjNKULbuvtGe2Nr1-1567387105 at count: 1792500
script duration: 113.62 min
last_id: 0QZBrYHgzPO3fyTpvJYR9WR2OfU2-1578923140 at count: 1800000
script duration: 113.92 min
last_id: 0RSvrloDntauChSEzejXaK0JRtw1-1565443733 at count: 1807500
script duration: 114.14 min
last_id: 0RXSeUCuARSOxLPkBQuAtsxe6oZ2-1586775292 at count: 1815000
script duration: 114.37 min
last_id: 0RcPlJ7RG9cHgJuFVN23zDCyLmm2-1585277914 at count: 1822500
script duration: 114.7 min
last_id: 0RmgBy5nxPXkzzzJTFVfw6e1xAq1-1587626158 at count: 1830000
script duration: 115.06 min
last_id: 0SoQVYG73xaMULcNI46EqPU8VUx1-1580216230 at count: 1837500
script duration: 115.36 min
last_id: 0T9oK8EtOQNjFVkNpP6m2Jfj8ED2-1591877158 at count: 1845000
script duration: 115.55 min
last_id: 0TUfW07kxnaMUisAccvio2mUkT93-1581836432 at count: 1852500
script duration: 115.92 min
last_id: 0U2tvNIi9UgzbWgdO6cyiFfn60u2-1584495415 at count: 1860000
script duration: 116.27 min
last_id: 0U2tvNIi9UgzbWgdO6cyiFfn60u2-1593448084 at count: 1867500
script duration: 116.66 min
last_id: 0UuRaLI7r3WRN0T8fFV4N7FZG062-1585833806 at count: 1875000
script duration: 116.97 min
last_id: 0VVWLZf15fQz9enIu1thuL43aDF3-1564737930 at count: 1882500
script duration: 117.29 min
last_id: 0X24Ip69hufndjIeGwGhf6P9kNd2-1546553002 at count: 1890000
script duration: 117.52 min
last_id: 0Xty31waf6QSeNp9V8KmNFq0fdt2-1583249143 at count: 1897500
script duration: 117.77 min
last_id: 0Xty31waf6QSeNp9V8KmNFq0fdt2-1584563095 at count: 1905000
script duration: 118.23 min
last_id: 0Xty31waf6QSeNp9V8KmNFq0fdt2-1585508878 at count: 1912500
script duration: 118.68 min
last_id: 0Xty31waf6QSeNp9V8KmNFq0fdt2-1586369978 at count: 1920000
script duration: 119.13 min
last_id: 0Xty31waf6QSeNp9V8KmNFq0fdt2-1587925129 at count: 1927500
script duration: 119.6 min
last_id: 0Xty31waf6QSeNp9V8KmNFq0fdt2-1590344660 at count: 1935000
script duration: 120.03 min
last_id: 0Xty31waf6QSeNp9V8KmNFq0fdt2-1592503372 at count: 1942500
script duration: 120.52 min
last_id: 0Xty31waf6QSeNp9V8KmNFq0fdt2-1593892044 at count: 1950000
script duration: 120.94 min
last_id: 0Y1Fs0qlgORqLHY93gcNpf2eeEl2-1554854125 at count: 1957500
script duration: 121.16 min
last_id: 0Yphp4deLkOs3TR02550ef6eiCh2-1560232212 at count: 1965000
script duration: 121.34 min
last_id: 0YybFRg49yg8AYqO6X6W2dP36ho1-1593329323 at count: 1972500
script duration: 121.67 min
last_id: 0ZDRBhMvXDM4nlzf8odkGhum72q1-1591163408 at count: 1980000
script duration: 122.0 min
last_id: 0ZcJHego6RdZC9yFJoGkPFAte9y1-1566133190 at count: 1987500
script duration: 122.28 min
last_id: 0aSAuz5ivohvi6vwwddRmPsI4X22-1550586084 at count: 1995000
script duration: 122.45 min
last_id: 0aUpPgkAPceYQSyj5X0oXMVDSYg1-1556525948 at count: 2002500
script duration: 122.8 min
last_id: 0ajgyXUqhvbMhMTiS8BpgWsM3Yg2-1565084651 at count: 2010000
script duration: 122.96 min
last_id: 0bYNwSaEiZbup3icIzykJxvKWK63-1560580915 at count: 2017500
script duration: 123.13 min
last_id: 0c6m9z4rasPXSaMIjOir9iY0y882-1550446344 at count: 2025000
script duration: 123.3 min
last_id: 0cv0lDXwOVS7FwOBzMLpOrzdrBo1-1582446329 at count: 2032500
script duration: 123.48 min
last_id: 0enoFm1CWuOTpbc5vvatJw6SOTG2-1591572615 at count: 2040000
script duration: 123.74 min
last_id: 0fSPuoircgfa4npsi1VGnh7QdzH2-1576633820 at count: 2047500
script duration: 123.99 min
last_id: 0fSPuoircgfa4npsi1VGnh7QdzH2-1588662446 at count: 2055000
script duration: 124.38 min
last_id: 0flNIkUmzdZ7XxIGM9ssojtbVoe2-1588565426 at count: 2062500
script duration: 124.65 min
last_id: 0gnFFAcTdvb1AxtUzDb3iDrUJiv2-1577971365 at count: 2070000
script duration: 124.93 min
last_id: 0gqewuP2ZhdDQACn3gCIV3ddWHc2-1583818462 at count: 2077500
script duration: 125.17 min
last_id: 0h11ZfiYkAM9tByVY3wAAdBKeAv2-1589028575 at count: 2085000
script duration: 125.51 min
last_id: 0iAAdAhsAFYFu91BGsCXodMT3ui1-1590928163 at count: 2092500
script duration: 125.7 min
last_id: 0imV8e2dMXT4HSs1Lo13dqQAPBu1-1577716592 at count: 2100000
script duration: 125.98 min
last_id: 0j55JrdQT6WMghfGeT7Wf54ACWe2-1582815303 at count: 2107500
script duration: 126.18 min
last_id: 0kLQmYKn8bRL4PgDzNc7oXK6thh2-1552724210 at count: 2115000
script duration: 126.36 min
last_id: 0khuAlEjjiTDDh5WrYnL5Fsghgj1-1584348196 at count: 2122500
script duration: 126.65 min
last_id: 0liJo4kvG3Z55Lj9ykyJcEO4ytk1-1565516377 at count: 2130000
script duration: 126.88 min
last_id: 0lnwJs5ZELYQnwAEFLTrCBHArx03-1591168374 at count: 2137500
script duration: 127.12 min
last_id: 0mYAVrNir4NrgLqPlhPUx3VcwOJ2-1564335024 at count: 2145000
script duration: 127.44 min
last_id: 0mhvlOpS4MTtsx3iX9TpZKeHZ5B3-1575591126 at count: 2152500
script duration: 127.64 min
last_id: 0mhvlOpS4MTtsx3iX9TpZKeHZ5B3-1583803410 at count: 2160000
script duration: 128.0 min
last_id: 0mpEG60Jz9S7rths68r45adoFsI2-1592405270 at count: 2167500
script duration: 128.31 min
last_id: 0o1n9l9mkaR1muwy4kNgO5odp4h1-1572615563 at count: 2175000
script duration: 128.49 min
last_id: 0o1n9l9mkaR1muwy4kNgO5odp4h1-1576847400 at count: 2182500
script duration: 128.79 min
last_id: 0o1n9l9mkaR1muwy4kNgO5odp4h1-1584014994 at count: 2190000
script duration: 129.13 min
last_id: 0p1dSAuGpvhbWmd5osfQEc49k812-1585222025 at count: 2197500
script duration: 129.34 min
last_id: 0pA7bNvpD9QSbnKh8sBbHpnbBtj1-1566745193 at count: 2205000
script duration: 129.61 min
last_id: 0qfqkJIsltYksGFpFMjVsibNBwj2-1589879112 at count: 2212500
script duration: 129.9 min
last_id: 0rysRHzeeXMSM8fYmEewMqAr7Da2-1574311075 at count: 2220000
script duration: 130.17 min
last_id: 0shR8MFPKua0fKP8cF8AJieEylV2-1575014868 at count: 2227500
script duration: 130.49 min
last_id: 0txVHIrpeCdMGb9uV9MH1k12FqM2-1564113960 at count: 2235000
script duration: 130.7 min
last_id: 0uPeZ3b69pVdUQfvzDoNYy5Y7bf1-1578470061 at count: 2242500
script duration: 131.01 min
last_id: 0uPeZ3b69pVdUQfvzDoNYy5Y7bf1-1582809424 at count: 2250000
script duration: 131.17 min
last_id: 0uuyzrv92rSlrBsKbED9taJYlao2-1554212658 at count: 2257500
script duration: 131.41 min
last_id: 0vXv2bVdTvQpu543iT3IQX8SSYm2-1584012361 at count: 2265000
script duration: 131.64 min
last_id: 0vzHE7o0t8dJQMMkkwEQ0qPgZZa2-1586008679 at count: 2272500
script duration: 131.89 min
last_id: 0wgVuZ1QI6VZMIsaEjbbLylcwYd2-1589777562 at count: 2280000
script duration: 132.28 min
last_id: 0xjn1ocSnHbt8G7wqzxXu4rPCAa2-1580716174 at count: 2287500
script duration: 132.65 min
last_id: 0yZ9jstkpBV9py2cXFdo6F0qrqs2-1568758272 at count: 2295000
script duration: 132.83 min
last_id: 0z93G2EJ2NPUJL9fEHx06nEAfzC2-1583473026 at count: 2302500
script duration: 133.08 min
last_id: 0z93G2EJ2NPUJL9fEHx06nEAfzC2-1589838992 at count: 2310000
script duration: 133.47 min
last_id: 100621B7-7FA6-47B4-B70B-E99357478C37 at count: 2317500
script duration: 133.81 min
last_id: 101AB248-1EEA-4B12-A7E4-935D13E3EEFC at count: 2325000
script duration: 134.31 min
last_id: 102FA9D6-91CC-4457-B11F-417122C11783 at count: 2332500
script duration: 134.77 min
last_id: 1044818B-0DC6-4F87-BBF2-4B3850F51A57 at count: 2340000
script duration: 135.21 min
last_id: 1059AE26-D66A-4C27-93E7-5864FE82546E at count: 2347500
script duration: 135.64 min
last_id: 106E934F-D06A-492C-9B1F-321DC7933356 at count: 2355000
script duration: 136.13 min
last_id: 1084255B-3F12-4AE4-94EA-FBFC29719BC4 at count: 2362500
script duration: 136.64 min
last_id: 1099DDE9-F4F2-4F8C-B51E-E053E751F8C6 at count: 2370000
script duration: 137.18 min
last_id: 10ADgUhACccAoRgdc5VNyKMWNuC2-1540015765 at count: 2377500
script duration: 137.63 min
last_id: 10C2236B-0F5F-4FAE-99AF-66D8BAC11155 at count: 2385000
script duration: 138.07 min
last_id: 10D79F5D-4124-4B0D-97AA-1750B5A55FCE at count: 2392500
script duration: 138.59 min
last_id: 10ED271C-8796-479A-8FBD-7FCE6B428760 at count: 2400000
script duration: 139.1 min
last_id: 10T5Hu3jEYcrcQF9GfU5Z4Rzpn72-1588807933 at count: 2407500
script duration: 139.53 min
last_id: 1102A632-3203-4C4F-A6A6-471CB6BFEEFC at count: 2415000
script duration: 139.83 min
last_id: 1117B16E-74C3-4364-9370-7FFCE177B44D at count: 2422500
script duration: 140.36 min
last_id: 112CB819-DC09-4D71-94D1-BABDDC224C1F at count: 2430000
script duration: 140.85 min
last_id: 11418521-B518-4F52-B033-49A0A1D09BB3 at count: 2437500
script duration: 141.36 min
last_id: 11567B63-7F36-466E-8276-9C18EC040583 at count: 2445000
script duration: 141.86 min
last_id: 116B34DD-C3E3-4A72-91F1-99B538B89FFC at count: 2452500
script duration: 142.3 min
last_id: 11805924-2F5C-4FB3-8994-2D6B59033548 at count: 2460000
script duration: 142.75 min
last_id: 1194AEAE-0BA9-4E71-8039-9F5D71630E8B at count: 2467500
script duration: 143.22 min
last_id: 11AA03DA-790B-483B-A353-C5ED981A130D at count: 2475000
script duration: 143.63 min
last_id: 11BF2619-67E8-4745-BC3F-DC8FEC89D922 at count: 2482500
script duration: 144.14 min
last_id: 11D432B7-E7AE-4DDE-8B20-249DB36DF25F at count: 2490000
script duration: 144.67 min
last_id: 11E90190-9579-4DCF-9FAE-7BD9863331F2 at count: 2497500
script duration: 145.14 min
last_id: 11FE9C0C-0D53-412E-A269-38DB52592AAA at count: 2505000
script duration: 145.68 min
last_id: 11NjvwJ307btGay1FSPVqFnQLVT2-1594459586 at count: 2512500
script duration: 145.93 min
last_id: 120E5494-2BF9-4B51-8B44-939D2217E489 at count: 2520000
script duration: 146.36 min
last_id: 122422BC-44C7-476A-8A56-438CAA7D3633 at count: 2527500
script duration: 146.87 min
last_id: 12394E77-C57D-401B-A3A9-580F4102BBB6 at count: 2535000
script duration: 147.36 min
last_id: 124E20C7-55B5-4132-8951-456992CC53D3 at count: 2542500
script duration: 147.94 min
last_id: 12631623-22C5-4597-8C5C-35BD69642A66 at count: 2550000
script duration: 148.48 min
last_id: 127835B6-E07E-4D00-AD05-040CAFDC670B at count: 2557500
script duration: 149.02 min
last_id: 128D95E6-C369-495D-B480-2F0961127BA7 at count: 2565000
script duration: 149.6 min
last_id: 12A2A14C-913C-4F71-BF66-75E760E417CE at count: 2572500
script duration: 150.1 min
last_id: 12B83CD2-CA7F-49A5-BA51-86C13C892A32 at count: 2580000
script duration: 150.62 min
last_id: 12CD6C85-020C-414F-A3A5-76394FBDD46D at count: 2587500
script duration: 151.15 min
last_id: 12Dssgp4nISvufeP713WTvkctv92-1558707064 at count: 2595000
script duration: 151.67 min
last_id: 12F41B20-EF9E-4FA7-906F-66A6BCDBF68A at count: 2602500
script duration: 152.17 min
last_id: 12KdGQtGy0SQfBcY0DSfeY9awu63-1568042029 at count: 2610000
script duration: 152.48 min
last_id: 12KdGQtGy0SQfBcY0DSfeY9awu63-1589940624 at count: 2617500
script duration: 152.83 min
last_id: 12QFOrPTEogOkdTY3HXMasZt63J3-1572172138 at count: 2625000
script duration: 153.25 min
last_id: 12aAoYhjsmTRVXU8b7ENzUVc8gd2-1587172368 at count: 2632500
script duration: 153.59 min
last_id: 13094B6C-1AC7-4011-8D97-CC018B4B87E9 at count: 2640000
script duration: 153.99 min
last_id: 1319EA06-7A7A-41EE-837B-CE5D56EB5DD9 at count: 2647500
script duration: 154.39 min
last_id: 132F299D-BB87-492A-9790-3C17EF0B4B1C at count: 2655000
script duration: 154.88 min
last_id: 1343D313-907B-4A56-A31E-634EFD584EFD at count: 2662500
script duration: 155.38 min
last_id: 13590118-71A7-4FA2-A51E-6B12ECAEF72E at count: 2670000
script duration: 155.89 min
last_id: 136E0F48-C439-43B2-93C5-C3577B0EE9FC at count: 2677500
script duration: 156.32 min
last_id: 138301D7-3D1D-49E5-B082-4668D6A2A9DD at count: 2685000
script duration: 156.76 min
last_id: 13987B43-447C-413A-B788-D6D607568859 at count: 2692500
script duration: 157.18 min
last_id: 13A9971F-6BC6-4483-9F7D-B05490D4AF1D at count: 2700000
script duration: 157.64 min
last_id: 13BED1A3-FC12-464B-B9C0-74C64187D4B7 at count: 2707500
script duration: 158.08 min
last_id: 13D42226-A261-4C6B-9F47-187B648927E4 at count: 2715000
script duration: 158.51 min
last_id: 13E90A25-E1D8-4A1B-852D-5671300C98B9 at count: 2722500
script duration: 158.95 min
last_id: 13FDD618-D203-408F-B894-DDC3DF388A6B at count: 2730000
script duration: 159.39 min
last_id: 13LsnLadxdTRRu73UhACUCC0y5o1-1564367889 at count: 2737500
script duration: 159.58 min
last_id: 13LsnLadxdTRRu73UhACUCC0y5o1-1580946373 at count: 2745000
script duration: 159.74 min
last_id: 13LsnLadxdTRRu73UhACUCC0y5o1-1589930504 at count: 2752500
script duration: 160.08 min
last_id: 13oclBKYf6SQEfhZHeF4cLDoWCg2-1550058349 at count: 2760000
script duration: 160.46 min
last_id: 14102397-3A95-447A-B23F-C8F3489CB2BA at count: 2767500
script duration: 160.85 min
last_id: 14255F14-96FB-4494-B9BF-2C2C16EA65F0 at count: 2775000
script duration: 161.28 min
last_id: 143ADC15-2EB2-44BD-8D18-D7EB2CE36697 at count: 2782500
script duration: 161.71 min
last_id: 144F9082-0E49-448A-8930-1F5B24AFE051 at count: 2790000
script duration: 162.15 min
last_id: 146498B8-4B73-4DD3-8AE7-7D360BD1CC91 at count: 2797500
script duration: 162.61 min
last_id: 1479D343-5CB5-44EE-A1B3-034419D0959D at count: 2805000
script duration: 163.08 min
last_id: 148EEBDF-0E1C-4851-B89C-4CE70C6CAEEC at count: 2812500
script duration: 163.64 min
last_id: 14A2F35D-46F2-409D-A2D7-286FBD1006D4 at count: 2820000
script duration: 164.18 min
last_id: 14B823A4-361E-4F3E-B89D-D6A637B59AA8 at count: 2827500
script duration: 164.7 min
last_id: 14CCE45C-C6AB-4535-8CD5-305CF0E53D38 at count: 2835000
script duration: 165.14 min
last_id: 14E1705C-74FC-4D2B-947D-335899F133E2 at count: 2842500
script duration: 165.61 min
last_id: 14E84fPlt8bqUdHgw4WeagGrvnr1-1590177156 at count: 2850000
script duration: 165.99 min
last_id: 14F5225E-7442-4050-A6BC-E0120632525B at count: 2857500
script duration: 166.43 min
last_id: 1505CD22-7451-47C1-97B7-39D01CC0010B at count: 2865000
script duration: 166.88 min
last_id: 151B69EA-0C57-48F5-9196-59EC4FCE9AD9 at count: 2872500
script duration: 167.38 min
last_id: 1530CA55-466F-41D6-88F7-384B4AE8E1F5 at count: 2880000
script duration: 167.94 min
last_id: 1545E3BE-1DB2-4599-B44A-0D75385D54D9 at count: 2887500
script duration: 168.47 min
last_id: 155B41A8-F993-43DE-A10F-0A9C6E41DEB4 at count: 2895000
script duration: 168.93 min
last_id: 1570364A-3893-498E-98EC-51119079F8D5 at count: 2902500
script duration: 169.41 min
last_id: 158524A5-DB51-41E7-AE59-EB68FA951AA1 at count: 2910000
script duration: 169.88 min
last_id: 159A449D-EFFE-43BF-A6A5-04C57178FEA1 at count: 2917500
script duration: 170.43 min
last_id: 15AF984E-E1C9-45D1-BC98-1E4AED0EF301 at count: 2925000
script duration: 170.93 min
last_id: 15C4B2AE-24A7-4F24-AE56-35FAC56AF752 at count: 2932500
script duration: 171.38 min
last_id: 15DA0A78-B02F-42BE-BE3C-F7BE37C373F9 at count: 2940000
script duration: 171.84 min
last_id: 15EF03AE-4B57-428C-8B9E-BEDD541ABC01 at count: 2947500
script duration: 172.35 min
last_id: 15VZBU3El1eOOJdPRv8PHwUpqpD2-1554606777 at count: 2955000
script duration: 172.75 min
last_id: 160CB922-BE99-4E11-A104-D77A22D01B7F at count: 2962500
script duration: 173.08 min
last_id: 16215222-4101-4C1F-8B4D-FDD2F63D29F0 at count: 2970000
script duration: 173.53 min
last_id: 1636A833-CC3C-460E-96D2-4C739741D1DD at count: 2977500
script duration: 174.06 min
last_id: 164C1579-95BB-4157-9A12-15BFE4B57A67 at count: 2985000
script duration: 174.52 min
last_id: 1660A22C-97E8-43F2-B454-D7522623C397 at count: 2992500
script duration: 175.02 min
last_id: 16726832-FFEA-45DB-B670-8BA1AF925E9E at count: 3000000
script duration: 175.49 min
last_id: 16878DE1-6529-4D98-852D-FD4D4900E16C at count: 3007500
script duration: 175.96 min
last_id: 169C8262-D6F7-4AEA-B0E0-1D468DE53491 at count: 3015000
script duration: 176.41 min
last_id: 16B15E14-C438-4DAE-A056-D4CE1F9C96F4 at count: 3022500
script duration: 176.9 min
last_id: 16C667FA-1F4B-446A-B895-8CA51847D375 at count: 3030000
script duration: 177.41 min
last_id: 16DC05E1-38A1-4FB4-9195-70C52CBFABD9 at count: 3037500
script duration: 177.93 min
last_id: 16F12266-6207-4427-A2E3-D92493D7E806 at count: 3045000
script duration: 178.39 min
last_id: 16VgNFmMEOUJ1wPcfNFpjj7rYd62-1575037193 at count: 3052500
script duration: 178.76 min
last_id: 16jK8peHIjfUDPcEEn3EARtJZPA3-1565509149 at count: 3060000
script duration: 179.2 min
last_id: 16uBpwRImMT5yFFBz7jLiaRz2XY2-1577886137 at count: 3067500
script duration: 179.36 min
last_id: 170D2A16-BAA4-4CC7-9A36-2CD0393FE2D3 at count: 3075000
script duration: 179.73 min
last_id: 1721E67B-63C4-4250-B3F2-247B28ACCAFB at count: 3082500
script duration: 180.23 min
last_id: 1736F301-E6BC-4524-8405-2055F87732D8 at count: 3090000
script duration: 180.79 min
last_id: 174C348D-D90A-4901-AE10-087C7325F0BA at count: 3097500
script duration: 181.28 min
last_id: 17619221-18B0-42F9-A3F4-ADED7D0FDB05 at count: 3105000
script duration: 181.76 min
last_id: 1776D3BE-22FF-494B-AFEB-3E44729DC918 at count: 3112500
script duration: 182.25 min
last_id: 178C0378-7C88-45C8-8F9A-5DBBEE199F32 at count: 3120000
script duration: 182.74 min
last_id: 179F9D4E-760F-4F88-8DFF-D7818C274847 at count: 3127500
script duration: 183.29 min
last_id: 17B4B90B-312C-42A5-8BE2-EF89A0C272A7 at count: 3135000
script duration: 183.76 min
last_id: 17C9ECA1-52DF-4FFA-BA7F-F5860DDAB276 at count: 3142500
script duration: 184.27 min
last_id: 17DF2DE6-7E77-4D31-8F91-1494F5297A19 at count: 3150000
script duration: 184.8 min
last_id: 17F422FF-9EC3-48B8-BE1F-E83897D5C936 at count: 3157500
script duration: 185.27 min
last_id: 1802491B-72F0-42CF-B873-B06C899521F3 at count: 3165000
script duration: 185.65 min
last_id: 18174E02-7D50-4682-84F4-2D0AEBE94641 at count: 3172500
script duration: 186.19 min
last_id: 182C6A7D-09E7-430A-9029-58E46DA7B74C at count: 3180000
script duration: 186.7 min
last_id: 182ZQExNrmYIjxg5Lox3gzzqCki1-1590131830 at count: 3187500
script duration: 187.15 min
last_id: 182ZQExNrmYIjxg5Lox3gzzqCki1-1593646206 at count: 3195000
script duration: 187.6 min
last_id: 1843B47B-70E9-47E0-AC42-3F0E4A3080D3 at count: 3202500
script duration: 188.18 min
last_id: 1858AFA0-5D3C-410F-972D-5DC760603AB2 at count: 3210000
script duration: 188.73 min
last_id: 186DAB8F-20D8-4523-835C-FB65C0B81420 at count: 3217500
script duration: 189.25 min
last_id: 1882F6DB-2117-4089-8F41-810A83736752 at count: 3225000
script duration: 189.77 min
last_id: 1897878F-57FB-47C6-B563-7856EB50A0F1 at count: 3232500
script duration: 190.3 min
last_id: 18ACD75E-8ACD-4D5E-806B-F0BFCE79668A at count: 3240000
script duration: 190.86 min
last_id: 18C23CBD-8544-4CCA-A0E9-A345168AEAB8 at count: 3247500
script duration: 191.32 min
last_id: 18D73B56-27B9-4380-984E-C418CDCB1728 at count: 3255000
script duration: 191.81 min
last_id: 18EC35F3-C1DA-4A02-9E13-4D24BFCDDCE5 at count: 3262500
script duration: 192.32 min
last_id: 18QlFG2SeQTVQUby1cjY2UeRLBS2-1589206839 at count: 3270000
script duration: 192.94 min
last_id: 1905F0B4-F032-46A0-9C1D-E1BEE077F1CC at count: 3277500
script duration: 193.31 min
last_id: 191B5F4D-5BB9-4FD9-9E3E-3FF236B2128D at count: 3285000
script duration: 193.86 min
last_id: 192F8B38-DD67-4B19-835C-6A16F163B56C at count: 3292500
script duration: 194.42 min
last_id: 1944B3BA-C004-4BF6-A0E1-BAAA87ABD9C1 at count: 3300000
script duration: 194.95 min
last_id: 1959BFB0-4FA4-46DA-94C6-68A3F9FA1FAC at count: 3307500
script duration: 195.51 min
last_id: 196F5619-28AA-4CC9-A0F3-D8AC4A062775 at count: 3315000
script duration: 196.06 min
last_id: 1984D32C-C1A0-405B-BC36-61D94418EFC3 at count: 3322500
script duration: 196.71 min
last_id: 19984C4A-DA31-4B80-9288-5C9B2553B170 at count: 3330000
script duration: 197.36 min
last_id: 19AC37BD-F04E-4A29-B860-94F3FF6CF1D6 at count: 3337500
script duration: 198.08 min
last_id: 19C207D7-C615-44A5-9EE3-06F039998ECE at count: 3345000
script duration: 198.7 min
last_id: 19D78AD4-8CB4-4FBE-985B-BE9B21055DB9 at count: 3352500
script duration: 199.32 min
last_id: 19ED2C1B-60B6-4434-818A-DEBAD167E979 at count: 3360000
script duration: 199.92 min
last_id: 19Pqx3b5fzZnxkFTd7mhsLgPzHM2-1587199447 at count: 3367500
script duration: 200.55 min
last_id: 1A068176-A846-4F9E-9F64-F355857611B9 at count: 3375000
script duration: 201.01 min
last_id: 1A1BD307-B636-411C-8858-3ED33E51963D at count: 3382500
script duration: 201.68 min
last_id: 1A30FFD3-C453-4369-BE2C-090DA03115D3 at count: 3390000
script duration: 202.37 min
last_id: 1A466FB3-D3CC-45F9-9DAC-EC4A776B84CE at count: 3397500
script duration: 203.1 min
last_id: 1A5B52C5-CCFD-4CB3-8F85-11CBBE9CBBB5 at count: 3405000
script duration: 203.85 min
last_id: 1A6FC911-D4AE-4304-98EB-9E358CA8BB4D at count: 3412500
script duration: 204.62 min
last_id: 1A8546DC-00D5-46CD-9481-50E382E69AFA at count: 3420000
script duration: 205.41 min
last_id: 1A9A8571-7663-41AB-8176-56A6D88829B8 at count: 3427500
script duration: 206.18 min
last_id: 1AAFA14C-3975-46F9-9FA6-C33307962E95 at count: 3435000
script duration: 206.95 min
last_id: 1AC492F4-2942-4B90-9285-CF0958D36C83 at count: 3442500
script duration: 207.73 min
last_id: 1AD9AEC5-ECC2-4B1E-AE05-EA1E80D5D117 at count: 3450000
script duration: 208.49 min
last_id: 1AEE6776-9B21-478B-9B3A-C6BB05920403 at count: 3457500
script duration: 209.27 min
last_id: 1AGxMzZ7TcUmTqDpSzo8CUkauls2-1568536604 at count: 3465000
script duration: 209.89 min
last_id: 1B07A889-AD6D-405B-99C4-193A9233E48C at count: 3472500
script duration: 210.44 min
last_id: 1B1D1D95-7502-4970-9420-D9F97C561E9A at count: 3480000
script duration: 211.18 min
last_id: 1B2EVAMZGAgdzvh44Dt5lK3IQD73-1572261000 at count: 3487500
script duration: 211.73 min
last_id: 1B43AD5F-6DCE-4CBC-A5B7-C2FEC79477BC at count: 3495000
script duration: 212.41 min
last_id: 1B59214B-9896-48FB-9725-AC1910CD8CDF at count: 3502500
script duration: 213.12 min
last_id: 1B6E1E4C-4FC8-447B-A2E9-EFCB9342AACC at count: 3510000
script duration: 214.01 min
last_id: 1B803B1F-D12D-4BFD-944C-3E191F8EAF4C at count: 3517500
script duration: 214.6 min
last_id: 1B959597-0CC9-4E8B-8084-B668F5F7A3A0 at count: 3525000
script duration: 215.32 min
last_id: 1BAA7FA2-8FDD-4E98-B92F-F017BF321B68 at count: 3532500
script duration: 216.12 min
Traceback (most recent call last):
  File "/home/dzubke/miniconda3/envs/pyt_16/lib/python3.6/site-packages/google/api_core/grpc_helpers.py", line 97, in next
    return six.next(self._wrapped)
  File "/home/dzubke/miniconda3/envs/pyt_16/lib/python3.6/site-packages/grpc/_channel.py", line 416, in __next__
    return self._next()
  File "/home/dzubke/miniconda3/envs/pyt_16/lib/python3.6/site-packages/grpc/_channel.py", line 706, in _next
    raise self
grpc._channel._MultiThreadedRendezvous: <_MultiThreadedRendezvous of RPC that terminated with:
	status = StatusCode.UNAVAILABLE
	details = "The datastore operation timed out, or the data was temporarily unavailable."
	debug_error_string = "{"created":"@1608713370.086484128","description":"Error received from peer ipv4:172.217.214.95:443","file":"src/core/lib/surface/call.cc","file_line":1061,"grpc_message":"The datastore operation timed out, or the data was temporarily unavailable.","grpc_status":14}"
>

The above exception was the direct cause of the following exception:

Traceback (most recent call last):
  File "download.py", line 964, in <module>
    downloader.download_dataset()
  File "download.py", line 301, in download_dataset
    docs = list(map(lambda x: self._doc_trim_to_dict(x), next_query.stream()))
  File "/home/dzubke/miniconda3/envs/pyt_16/lib/python3.6/site-packages/google/cloud/firestore_v1/query.py", line 213, in stream
    for response in response_iterator:
  File "/home/dzubke/miniconda3/envs/pyt_16/lib/python3.6/site-packages/google/api_core/grpc_helpers.py", line 100, in next
    six.raise_from(exceptions.from_grpc_error(exc), exc)
  File "<string>", line 3, in raise_from
google.api_core.exceptions.ServiceUnavailable: 503 The datastore operation timed out, or the data was temporarily unavailable.
