nohup: ignoring input
type: <class '__main__.SpeakTrainDownloader'>
last_id: 09A0F713-A8DA-4C2B-9A4E-F9C071CD6ADE at count: 9000
script duration: 0.43 min
last_id: 09BA9CBE-6FD4-460C-B30E-D8BFEB2A667C at count: 18000
script duration: 0.95 min
last_id: 09D3D155-2604-4D21-A27E-894E0A7086A1 at count: 27000
script duration: 1.52 min
last_id: 09ECEF61-77B6-4454-B0D5-3FD28986B0BE at count: 36000
script duration: 2.05 min
last_id: 09fLdyPs58VaxCW3o2LbyZZVF6s1-1582426040 at count: 45000
script duration: 2.58 min
last_id: 0A04C2BC-00FB-4001-8802-85CA6ECBFFEF at count: 54000
script duration: 3.05 min
last_id: 0A1EB919-83B1-482E-A90A-84DB02C60FA9 at count: 63000
script duration: 3.61 min
last_id: 0A380AD4-99F3-4C18-855C-D506B3B61439 at count: 72000
script duration: 4.12 min
last_id: 0A5160B5-D266-48C1-827E-50923C436AC5 at count: 81000
script duration: 4.67 min
last_id: 0A6B08F6-D784-4D6C-B5C5-C15984151376 at count: 90000
script duration: 5.25 min
last_id: 0A80786E-2143-4F99-9E34-170AD671B7BF at count: 99000
script duration: 5.75 min
last_id: 0A99FAF6-EAE4-4650-A17A-E34C7CFF775C at count: 108000
script duration: 6.27 min
last_id: 0AB329CF-8F08-4AE8-8DE7-A90466EA44EA at count: 117000
script duration: 6.77 min
last_id: 0ACD4488-E8DE-4F3E-847F-E4685EB2FAB4 at count: 126000
script duration: 7.33 min
last_id: 0AE50D73-DE92-4B6B-8652-6505D2A2DBBC at count: 135000
script duration: 7.86 min
last_id: 0AFE0FE8-62B7-45A7-BA12-D6B31BD348A2 at count: 144000
script duration: 8.36 min
last_id: 0AOsKseg4lQFN6Ey73eQ3P8N9Zz2-1566285049 at count: 153000
script duration: 8.63 min
last_id: 0AZn2UScKxZthUA7E02snplolTC3-1578395602 at count: 162000
script duration: 8.84 min
last_id: 0B1113D5-7C31-4FB7-84A7-1E7320D92EC5 at count: 171000
script duration: 9.32 min
last_id: 0B2A02D1-36A2-47A2-A560-D1947EFFA0FF at count: 180000
script duration: 9.83 min
last_id: 0B43964B-371A-4064-A5D1-6BA5393C659E at count: 189000
script duration: 10.36 min
last_id: 0B5A472A-45F8-4AE8-93B6-809F8EF86016 at count: 198000
script duration: 10.77 min
last_id: 0B71A25E-65E3-414B-8714-AE662F864C7A at count: 207000
script duration: 11.27 min
last_id: 0B8B034D-11C4-4697-9618-3AA0B09DA8D5 at count: 216000
script duration: 11.79 min
last_id: 0BA4AABE-1B80-4CF1-AB7A-A838FA9E4247 at count: 225000
script duration: 12.29 min
last_id: 0BBE74D5-576F-455D-9007-A00B7D90F2AD at count: 234000
script duration: 12.81 min
last_id: 0BD80746-41FB-4C90-AF81-B1C44915CCA7 at count: 243000
script duration: 13.34 min
last_id: 0BF170FA-084A-4466-9B78-3A6EBB48C04B at count: 252000
script duration: 13.86 min
last_id: 0Bz0AVSTp5P0elSSIGy2uxe2qUP2-1557307064 at count: 261000
script duration: 14.27 min
last_id: 0C177B9D-34F5-4A35-8611-E11260A8DD63 at count: 270000
script duration: 14.84 min
last_id: 0C30E053-A13D-46B3-930E-98538ABD61BD at count: 279000
script duration: 15.38 min
last_id: 0C4A1B77-5BDA-4E99-BE1C-F8738781CE97 at count: 288000
script duration: 15.86 min
last_id: 0C57BFFD-F893-409B-96B8-42A825604BDC at count: 297000
script duration: 16.23 min
last_id: 0C70964F-E2B5-4617-85B9-C78CA7FA9274 at count: 306000
script duration: 16.78 min
last_id: 0C8A16BD-6905-4A05-B711-4FC3C0C2250D at count: 315000
script duration: 17.29 min
last_id: 0CA29A82-2B9B-4677-81A5-725368CB5677 at count: 324000
script duration: 17.8 min
last_id: 0CBC1427-B056-4BF5-B096-A69631B22B58 at count: 333000
script duration: 18.32 min
last_id: 0CD563B8-CEB0-4101-BEBA-ED0AF65D686E at count: 342000
script duration: 18.89 min
last_id: 0CEFB5D0-6E81-41A7-8C89-D7E6E2951549 at count: 351000
script duration: 19.44 min
last_id: 0CXWgB43DBRoXcQ9mwjk5AEZIa33-1583072351 at count: 360000
script duration: 19.91 min
last_id: 0D0EB412-1E36-47E0-8E0E-C5D60175A4C0 at count: 369000
script duration: 20.35 min
last_id: 0D27E8EB-21E5-4CB3-B492-3E1DB5AB656D at count: 378000
script duration: 20.94 min
last_id: 0D3HFvCizfQbk3rkebqaKNFai0w2-1582038738 at count: 387000
script duration: 21.5 min
last_id: 0D583E5B-D488-4CC1-904F-925DA0C299E3 at count: 396000
script duration: 22.05 min
last_id: 0D710CC9-49CC-484C-9775-D7D0ADB683D2 at count: 405000
script duration: 22.57 min
last_id: 0D8A920C-72EB-4CAB-97BE-DB93C89FA106 at count: 414000
script duration: 23.08 min
last_id: 0DA414D2-A302-42F6-BEFE-5FD53F80D9F9 at count: 423000
script duration: 23.62 min
last_id: 0DBD2BBB-50FA-4C19-852F-D5E0A9C6A58F at count: 432000
script duration: 24.26 min
last_id: 0DD663EB-95C8-4012-8A2A-AA95F1787B2F at count: 441000
script duration: 24.83 min
last_id: 0DEE360C-B839-4E74-9475-5FE8E6F178E9 at count: 450000
script duration: 25.38 min
last_id: 0DVFs73AmdfawhBpPXt3dYrQtB82-1544065778 at count: 459000
script duration: 25.9 min
last_id: 0DraU16wIia6irdbbcSqfYZl16N2-1578315044 at count: 468000
script duration: 26.12 min
last_id: 0Dxym5MlvrOuE4F3GZFpXX693vd2-1581181542 at count: 477000
script duration: 26.32 min
last_id: 0Dz0LSqhYNP1PE9yVI7e6gkL79m2-1581510231 at count: 486000
script duration: 26.55 min
last_id: 0E1497DB-CAB1-486A-AB13-198BF52CE071 at count: 495000
script duration: 27.15 min
last_id: 0E2DCCBF-8E96-46B6-A06A-E6AC8CB27B55 at count: 504000
script duration: 27.73 min
last_id: 0E46654B-2006-4B4C-A1E4-5339E26E4B95 at count: 513000
script duration: 28.3 min
last_id: 0E604821-9B8C-4A57-BB3B-6D9E4896B705 at count: 522000
script duration: 28.85 min
last_id: 0E79E438-379A-497A-A19B-86BFC63A2C97 at count: 531000
script duration: 29.38 min
last_id: 0E938128-6D3B-4743-9FA7-89DD7DB4E835 at count: 540000
script duration: 29.96 min
last_id: 0EAD277A-4C19-4C1F-A09B-9EEE203D4381 at count: 549000
script duration: 30.51 min
last_id: 0EC5E476-1774-4D72-9F5B-6F3D5CEFC686 at count: 558000
script duration: 31.0 min
last_id: 0EDF6524-A86D-4F9B-9175-FF165D247BF4 at count: 567000
script duration: 31.56 min
last_id: 0EF90BED-2711-49F3-8445-D3A2A992E2F7 at count: 576000
script duration: 32.11 min
last_id: 0EvWGh7UdTgJIgPNZDopgQKWUTF2-1581338783 at count: 585000
script duration: 32.54 min
last_id: 0F186377-2A9A-476D-B564-AC78B386386A at count: 594000
script duration: 33.07 min
last_id: 0F3149E5-92D2-43C0-94BE-6396BCCB05DB at count: 603000
script duration: 33.63 min
last_id: 0F4AEB98-638C-41F5-B92D-5BB315ABBC99 at count: 612000
script duration: 34.21 min
last_id: 0F64A042-FEAB-46FA-9C38-67F25ADA295C at count: 621000
script duration: 34.79 min
last_id: 0F7E9624-16D8-42BD-BDF5-C188C4D124A7 at count: 630000
script duration: 35.38 min
last_id: 0F984077-E9A9-4C7C-9396-89C0FCA74F24 at count: 639000
script duration: 36.0 min
last_id: 0FB1AD5E-3B06-46CA-AB86-56F7B57AE8A1 at count: 648000
script duration: 36.67 min
last_id: 0FCBC6FD-581C-4C9C-B621-F7DC037080F3 at count: 657000
script duration: 37.33 min
last_id: 0FDgptjANQSwXPDmnj688o1w8hI2-1579324191 at count: 666000
script duration: 37.94 min
last_id: 0FF6645D-A6E0-4990-B078-3ABF99E52AB5 at count: 675000
script duration: 38.55 min
last_id: 0FUdKlbShncQIdtNCWUp6uTmTIq2-1572923546 at count: 684000
script duration: 39.02 min
last_id: 0FVC98a9PIRZzxxdCns4Yh7RHB03-1585144036 at count: 693000
script duration: 39.48 min
last_id: 0G4iF20ujqgNvkPWzix3axf8cUE3-1577970064 at count: 702000
script duration: 39.82 min
last_id: 0HVRTF7Qf5gE46HMDT8V3R5znUk2-1572672483 at count: 711000
script duration: 40.15 min
last_id: 0HogYo75wZewGZgrvWVZcWfDk8U2-1588252968 at count: 720000
script duration: 40.34 min
last_id: 0IzBLlk8QITDxf9OBEmJFdLS4462-1555932174 at count: 729000
script duration: 40.66 min
last_id: 0J8Kx8nX7mNfH6CEulrZdKTO6u83-1577619379 at count: 738000
script duration: 41.16 min
last_id: 0JY1Zmymc2fOBSF7175uRvO1oYR2-1573023615 at count: 747000
script duration: 41.66 min
last_id: 0K1RG7WzD7btJYrJZZz8mvUZ2W42-1594043349 at count: 756000
script duration: 42.23 min
last_id: 0KmgAI8CrJbHFKBU2uK0oX30YvU2-1577795133 at count: 765000
script duration: 42.48 min
last_id: 0LOfTs4EgKfi8ByfY18hEDHr5lm2-1584108923 at count: 774000
script duration: 42.87 min
last_id: 0LSASSFS6DPhRyB67vaj4yIFdHv1-1579105103 at count: 783000
script duration: 43.42 min
last_id: 0NEBlWpzWSVHBnZDG9K0TcCjXOo2-1562496327 at count: 792000
script duration: 43.71 min
last_id: 0NU4lYQJhqP6I4u8BF9yGYlc7tn2-1581775481 at count: 801000
script duration: 44.12 min
last_id: 0OJKLdE0sLVol7MvQd5OUMsalxM2-1588426733 at count: 810000
script duration: 44.66 min
last_id: 0P97ls4vMuYR7Le5ayttjqFCyRO2-1576212733 at count: 819000
script duration: 45.2 min
last_id: 0Q4VVp2t35f7DjNKULbuvtGe2Nr1-1565878898 at count: 828000
script duration: 45.63 min
last_id: 0QZBrYHgzPO3fyTpvJYR9WR2OfU2-1578923433 at count: 837000
script duration: 46.07 min
last_id: 0RXDtFN7RNWjEMZT0jyO9K9MRuC3-1564366432 at count: 846000
script duration: 46.42 min
last_id: 0RcPlJ7RG9cHgJuFVN23zDCyLmm2-1582172095 at count: 855000
script duration: 46.92 min
last_id: 0RcPlJ7RG9cHgJuFVN23zDCyLmm2-1591848519 at count: 864000
script duration: 47.46 min
last_id: 0Sde5KABRxQmVBwNv5r33VlRh2D2-1580663508 at count: 873000
script duration: 47.91 min
last_id: 0T9oK8EtOQNjFVkNpP6m2Jfj8ED2-1591877223 at count: 882000
script duration: 48.28 min
last_id: 0U2tvNIi9UgzbWgdO6cyiFfn60u2-1583047490 at count: 891000
script duration: 48.93 min
last_id: 0U2tvNIi9UgzbWgdO6cyiFfn60u2-1585540548 at count: 900000
script duration: 49.6 min
last_id: 0UuRaLI7r3WRN0T8fFV4N7FZG062-1583660445 at count: 909000
script duration: 50.12 min
last_id: 0VBcgyF6fMZCncWVeE5Hz2UC7LK2-1590406178 at count: 918000
script duration: 50.7 min
last_id: 0X24Ip69hufndjIeGwGhf6P9kNd2-1546553161 at count: 927000
script duration: 51.04 min
last_id: 0Xty31waf6QSeNp9V8KmNFq0fdt2-1583597601 at count: 936000
script duration: 51.44 min
last_id: 0Xty31waf6QSeNp9V8KmNFq0fdt2-1584982149 at count: 945000
script duration: 52.13 min
last_id: 0Xty31waf6QSeNp9V8KmNFq0fdt2-1586022368 at count: 954000
script duration: 52.77 min
last_id: 0Xty31waf6QSeNp9V8KmNFq0fdt2-1587491561 at count: 963000
script duration: 53.46 min
last_id: 0Xty31waf6QSeNp9V8KmNFq0fdt2-1590344806 at count: 972000
script duration: 54.15 min
last_id: 0Xty31waf6QSeNp9V8KmNFq0fdt2-1592850617 at count: 981000
script duration: 54.91 min
last_id: 0Xugcm9rowNhGsp2oy7IbRKFhPM2-1568105468 at count: 990000
script duration: 55.4 min
last_id: 0YXsbXkMtqW5Pz4OslUA9eKDIZY2-1569363646 at count: 999000
script duration: 55.72 min
last_id: 0YybFRg49yg8AYqO6X6W2dP36ho1-1582461525 at count: 1008000
script duration: 56.1 min
last_id: 0ZDRBhMvXDM4nlzf8odkGhum72q1-1591359997 at count: 1017000
script duration: 56.69 min
last_id: 0ZwP4f41cBOZa8IIQivrHYziOOo2-1579430489 at count: 1026000
script duration: 57.09 min
last_id: 0aSAuz5ivohvi6vwwddRmPsI4X22-1581165696 at count: 1035000
script duration: 57.43 min
last_id: 0ajgyXUqhvbMhMTiS8BpgWsM3Yg2-1563166341 at count: 1044000
script duration: 57.89 min
last_id: 0ayxYhXO8pcjBD0WBhcXw2HuJp32-1566391076 at count: 1053000
script duration: 58.07 min
last_id: 0c6m9z4rasPXSaMIjOir9iY0y882-1550446468 at count: 1062000
script duration: 58.3 min
last_id: 0dK4b7Kc3VZVwPFqModIQvcxU662-1580484461 at count: 1071000
script duration: 58.56 min
last_id: 0fBg15GTthhb2u5NmsmkW7pnlGy1-1580514210 at count: 1080000
script duration: 58.85 min
last_id: 0fSPuoircgfa4npsi1VGnh7QdzH2-1584521050 at count: 1089000
script duration: 59.48 min
last_id: 0flNIkUmzdZ7XxIGM9ssojtbVoe2-1586232668 at count: 1098000
script duration: 59.88 min
last_id: 0gnFFAcTdvb1AxtUzDb3iDrUJiv2-1577975707 at count: 1107000
script duration: 60.4 min
last_id: 0gqewuP2ZhdDQACn3gCIV3ddWHc2-1586593622 at count: 1116000
script duration: 60.78 min
last_id: 0hik6Joh5HNQQNjmdWcCj3Yf5es2-1578526455 at count: 1125000
script duration: 61.3 min
last_id: 0iP9kfU4eWQ6b9OlSyTmhduUuOr2-1581035544 at count: 1134000
script duration: 61.74 min
last_id: 0j55JrdQT6WMghfGeT7Wf54ACWe2-1575950202 at count: 1143000
script duration: 62.04 min
last_id: 0kLQmYKn8bRL4PgDzNc7oXK6thh2-1552724610 at count: 1152000
script duration: 62.28 min
last_id: 0koaQoKPZGUuJlOIVurOYidLSbz2-1593955908 at count: 1161000
script duration: 62.77 min
last_id: 0lnwJs5ZELYQnwAEFLTrCBHArx03-1582461059 at count: 1170000
script duration: 63.11 min
last_id: 0m3dYRsoqoYWAtEYipq1pz6Cx5n2-1588776290 at count: 1179000
script duration: 63.66 min
last_id: 0mhvlOpS4MTtsx3iX9TpZKeHZ5B3-1573891124 at count: 1188000
script duration: 63.97 min
last_id: 0mhvlOpS4MTtsx3iX9TpZKeHZ5B3-1583803761 at count: 1197000
script duration: 64.55 min
last_id: 0mz8w4jpTAPS8UFvdZ7gjI8bA993-1581995158 at count: 1206000
script duration: 65.03 min
last_id: 0o1n9l9mkaR1muwy4kNgO5odp4h1-1573810756 at count: 1215000
script duration: 65.34 min
last_id: 0o1n9l9mkaR1muwy4kNgO5odp4h1-1580986830 at count: 1224000
script duration: 65.96 min
last_id: 0opE7n7bOfUNxiN0ECGDabtJrCM2-1582558588 at count: 1233000
script duration: 66.36 min
last_id: 0pA7bNvpD9QSbnKh8sBbHpnbBtj1-1566745383 at count: 1242000
script duration: 66.72 min
last_id: 0qfqkJIsltYksGFpFMjVsibNBwj2-1593420895 at count: 1251000
script duration: 67.18 min
last_id: 0s3G5NqpatRyi4HOziYRz1iJW5f1-1583596014 at count: 1260000
script duration: 67.62 min
last_id: 0tZKg4OynjdZCnhDXvD7NlXGUi12-1576420477 at count: 1269000
script duration: 67.94 min
last_id: 0uN8pAgX8NP9uw7qOxo8gYBP8W03-1581989232 at count: 1278000
script duration: 68.44 min
last_id: 0uPeZ3b69pVdUQfvzDoNYy5Y7bf1-1582809580 at count: 1287000
script duration: 68.63 min
last_id: 0uuyzrv92rSlrBsKbED9taJYlao2-1571659643 at count: 1296000
script duration: 68.92 min
last_id: 0vxTJmHAWNZixSLpeqV4XcBixVK2-1568899763 at count: 1305000
script duration: 69.22 min
last_id: 0wCmPeSzRvPKPNnsEnmLqZsjS3E3-1587778656 at count: 1314000
script duration: 69.64 min
last_id: 0xjn1ocSnHbt8G7wqzxXu4rPCAa2-1578497524 at count: 1323000
script duration: 70.1 min
last_id: 0yZ9jstkpBV9py2cXFdo6F0qrqs2-1568816298 at count: 1332000
script duration: 70.33 min
last_id: 0z93G2EJ2NPUJL9fEHx06nEAfzC2-1584351417 at count: 1341000
script duration: 70.72 min
last_id: 0zTwQu8DMKVmvDwTJNnqexdb8oa2-1543767057 at count: 1350000
script duration: 71.25 min
last_id: 10127AE9-A918-4DBF-9942-04B2E7CB2688 at count: 1359000
script duration: 71.76 min
last_id: 102B8658-3B93-487F-B8DE-C0548A4600E7 at count: 1368000
script duration: 72.41 min
last_id: 1044A293-021A-40AF-8FB1-E46AF1ACA22A at count: 1377000
script duration: 73.03 min
last_id: 105E018E-BB51-4854-8D87-85DD3A0830AA at count: 1386000
script duration: 73.59 min
last_id: 10777F98-7168-4A9E-ACE7-5BDA16732303 at count: 1395000
script duration: 74.24 min
last_id: 1091A139-EDC5-4331-A29C-B7C03CBF8CE3 at count: 1404000
script duration: 74.96 min
last_id: 10AB013C-1C3F-4089-B6DA-96F37563419D at count: 1413000
script duration: 75.55 min
last_id: 10C28AC9-7C73-41F0-8DCC-5293EE3C7D7F at count: 1422000
script duration: 76.17 min
last_id: 10DC61C3-44FA-42E2-B574-488D9A3C4C01 at count: 1431000
script duration: 76.82 min
last_id: 10F64E23-E92A-4712-A7C9-960C0A376C39 at count: 1440000
script duration: 77.52 min
last_id: 10b7ZOAJGecyNb2y9FYRenyuWsv2-1582796435 at count: 1449000
script duration: 78.01 min
last_id: 111443CB-7CF3-4CBC-9642-CEFC78321E7C at count: 1458000
script duration: 78.56 min
last_id: 112D650C-A1CC-4814-B7B6-376C1470E61F at count: 1467000
script duration: 79.23 min
last_id: 11464DEF-421E-4E04-A496-3C18D180D105 at count: 1476000
script duration: 79.84 min
last_id: 115FBBA6-6F02-49B5-8F81-CEF72FAF0062 at count: 1485000
script duration: 80.46 min
last_id: 11788FF9-4E48-430E-9C43-27C46B0682BB at count: 1494000
script duration: 81.16 min
last_id: 1191329C-7949-48DB-8CB2-E221B1CEDEB9 at count: 1503000
script duration: 81.86 min
last_id: 11AAEE6F-57B9-434E-B2D1-F931EBB6F27B at count: 1512000
script duration: 82.5 min
last_id: 11C4556D-06EF-4AF6-B049-142EB0DEEF2C at count: 1521000
script duration: 83.15 min
last_id: 11DD7E12-508A-40AD-94C2-D17552945304 at count: 1530000
script duration: 83.78 min
last_id: 11F72B6D-5E05-4A87-B065-E942F6A46165 at count: 1539000
script duration: 84.45 min
last_id: 11KxUN2d3kPK1OuuivaEVb9M42W2-1592972288 at count: 1548000
script duration: 84.88 min
last_id: 120F69CC-EAC4-4575-833A-B7DE387F502C at count: 1557000
script duration: 85.43 min
last_id: 1229737D-0807-4DF6-9E84-6A4C0595EDB7 at count: 1566000
script duration: 86.09 min
last_id: 1242B3AC-F4F5-423C-BC0C-037AA7FB00C4 at count: 1575000
script duration: 86.7 min
last_id: 125BEC2E-741E-4A43-BB84-0CD62976944B at count: 1584000
script duration: 87.32 min
last_id: 127528EA-DD7A-48B8-B9C1-0C02562FA45D at count: 1593000
script duration: 87.95 min
last_id: 128EFFA8-8794-4B41-B6CC-F67405D82E22 at count: 1602000
script duration: 88.59 min
last_id: 12A879C8-8DE4-4D50-BA65-51BEF265B1D6 at count: 1611000
script duration: 89.21 min
last_id: 12C254FE-37FB-450A-90BE-D843AE932049 at count: 1620000
script duration: 89.92 min
last_id: 12DA450B-A819-4186-9404-2F2F7F20C8A9 at count: 1629000
script duration: 90.59 min
last_id: 12F147BF-2E3B-4AD2-9891-1446969B9C81 at count: 1638000
script duration: 91.19 min
last_id: 12KdGQtGy0SQfBcY0DSfeY9awu63-1571703283 at count: 1647000
script duration: 91.62 min
last_id: 12LRJNsDVGNx30Jxia8V8F1XR3d2-1581989089 at count: 1656000
script duration: 92.08 min
last_id: 12QFOrPTEogOkdTY3HXMasZt63J3-1578916234 at count: 1665000
script duration: 92.71 min
last_id: 13024E10-01C7-418A-9861-CA932D328567 at count: 1674000
script duration: 93.18 min
last_id: 13176B24-DFA6-4920-AABC-AE47EDA4D961 at count: 1683000
script duration: 93.73 min
last_id: 1330D990-64F1-4D38-A47D-C7EF2CC932E4 at count: 1692000
script duration: 94.37 min
last_id: 1349A6FD-CEDC-4B70-B4C0-075C3B9026F0 at count: 1701000
script duration: 95.15 min
last_id: 1363510C-0FFE-4DF9-8B10-64B84E5E4FFF at count: 1710000
script duration: 95.9 min
last_id: 137C393A-A114-465D-A368-1F246EEA33FA at count: 1719000
script duration: 96.61 min
last_id: 1396200C-26E3-491C-9EEE-5AB9FDBDD2B1 at count: 1728000
script duration: 97.32 min
last_id: 13AB5B66-106E-4384-9C79-B74AA4157579 at count: 1737000
script duration: 97.99 min
last_id: 13C4F023-2813-4699-B6E9-E5BD18088D0A at count: 1746000
script duration: 98.61 min
last_id: 13DE7B99-35ED-4FCA-894B-B36381F33976 at count: 1755000
script duration: 99.25 min
last_id: 13F77854-675E-4F20-934E-D41CA4A192AC at count: 1764000
script duration: 99.93 min
last_id: 13LsnLadxdTRRu73UhACUCC0y5o1-1564016516 at count: 1773000
script duration: 100.31 min
last_id: 13LsnLadxdTRRu73UhACUCC0y5o1-1581915522 at count: 1782000
script duration: 100.55 min
last_id: 13LsnLadxdTRRu73UhACUCC0y5o1-1592523827 at count: 1791000
script duration: 101.14 min
last_id: 1405938D-02D1-405E-BD97-12B584C8505F at count: 1800000
script duration: 101.65 min
last_id: 141EFB85-E1DF-4592-9E74-BEF1273A5D4B at count: 1809000
script duration: 102.43 min
last_id: 1438C9CB-32EF-4188-999F-9443E4E991D4 at count: 1818000
script duration: 103.12 min
last_id: 1451C97D-7705-4E15-AC7B-3BE5CA5B6908 at count: 1827000
script duration: 103.88 min
last_id: 146AE798-6704-416D-98B9-14AB3877BAF5 at count: 1836000
script duration: 104.75 min
last_id: 14849EAF-C971-44AB-B80B-81230A726163 at count: 1845000
script duration: 105.51 min
last_id: 149E01BC-7E68-452B-A7BA-2C298685FB79 at count: 1854000
script duration: 106.29 min
last_id: 14B675D6-CEDA-4875-84E5-3E7A61F01074 at count: 1863000
script duration: 106.97 min
last_id: 14CF6252-9D76-459E-A00C-7D4FB552D0D1 at count: 1872000
script duration: 107.58 min
last_id: 14E84fPlt8bqUdHgw4WeagGrvnr1-1586624171 at count: 1881000
script duration: 108.2 min
last_id: 14EB42CA-78FE-46F2-82BE-24FC7C16D567 at count: 1890000
script duration: 108.79 min
last_id: 15003ACB-76E9-4A8C-A487-E5A0AB82FBED at count: 1899000
script duration: 109.41 min
last_id: 1519EFCE-A16C-4D7C-A707-D5DE210A29A9 at count: 1908000
script duration: 110.1 min
last_id: 15339E66-4666-426B-8DA6-8A0E9900EC4B at count: 1917000
script duration: 110.87 min
last_id: 154D2C2A-DFC6-4ED9-8314-B9F6C3EADE38 at count: 1926000
script duration: 111.48 min
last_id: 15667F74-14FF-44CE-BC5D-163562000092 at count: 1935000
script duration: 112.17 min
last_id: 157FA76C-A3AB-456D-B9B5-C3AADE78BDAF at count: 1944000
script duration: 112.83 min
last_id: 1598FFCE-FE26-43C7-AE31-5CD0CF4A8455 at count: 1953000
script duration: 113.56 min
last_id: 15B2CD9A-6A86-4BA5-BB09-3CA09F08D1B8 at count: 1962000
script duration: 114.24 min
last_id: 15CC0A1F-DF8E-4FD6-94AA-094C8ED880BF at count: 1971000
script duration: 114.98 min
last_id: 15E54C6A-96CD-4952-B1A6-5604F3D295C1 at count: 1980000
script duration: 115.63 min
last_id: 15FEAFCB-45BF-4527-B2E2-F55FEE7EBD22 at count: 1989000
script duration: 116.35 min
last_id: 160BD009-237A-47A5-993D-231E2B129CA7 at count: 1998000
script duration: 116.83 min
last_id: 1624B663-6ED1-41F1-B148-06B5EF279E7C at count: 2007000
script duration: 117.5 min
last_id: 163E7248-705D-4887-9404-2B0F5CC3EB2E at count: 2016000
script duration: 118.27 min
last_id: 16577C0E-DEED-4CA5-B540-8CF46EA16901 at count: 2025000
script duration: 118.9 min
last_id: 166MB07nYOOQ7l0hvt1D47iqggy2-1579010566 at count: 2034000
script duration: 119.59 min
last_id: 1686F40D-27A5-437F-A964-4319561DA591 at count: 2043000
script duration: 120.26 min
last_id: 16A02E3A-E2F5-4363-9087-0AF0C53A3F7A at count: 2052000
script duration: 121.01 min
last_id: 16B913D1-F2C1-4C9F-AE2F-15964923CF62 at count: 2061000
script duration: 121.72 min
last_id: 16D2F4EE-05E2-4F4D-88A9-F55D0FC2FE56 at count: 2070000
script duration: 122.42 min
last_id: 16EC9BAE-F74D-4270-B2B0-B69A9234CF44 at count: 2079000
script duration: 123.14 min
last_id: 16VgNFmMEOUJ1wPcfNFpjj7rYd62-1574952365 at count: 2088000
script duration: 123.68 min
last_id: 16m8DbehQ3MiuVgS5gNXzErLvt93-1554679174 at count: 2097000
script duration: 124.31 min
last_id: 16zY7w5arGgsSKhJ96XHjoV4WC32-1566294114 at count: 2106000
script duration: 124.5 min
last_id: 1719399A-4C08-4475-B5D0-DB30C6E787CA at count: 2115000
script duration: 125.19 min
last_id: 17327F27-EDF9-456D-B374-9B28E946E02F at count: 2124000
script duration: 125.91 min
last_id: 174BEB98-79BF-4A0E-AAE5-152B07BA618B at count: 2133000
script duration: 126.58 min
last_id: 1765C045-733B-43C4-A469-B75C745D2812 at count: 2142000
script duration: 127.14 min
last_id: 177EF8B7-90C0-4B4D-B50D-66E367C9646D at count: 2151000
script duration: 127.8 min
last_id: 17976E2C-C35D-40D5-B5FE-7BDBA206593E at count: 2160000
script duration: 128.45 min
last_id: 17B08E91-97C5-4093-9958-85AB39CF7E7F at count: 2169000
script duration: 129.07 min
last_id: 17C9ECA1-52DF-4FFA-BA7F-F5860DDAB276 at count: 2178000
script duration: 129.73 min
last_id: 17E35E9B-0BE6-4A60-97E0-C01F017E3232 at count: 2187000
script duration: 130.4 min
last_id: 17FCB184-BC4F-4AE1-977F-0BCBFF2F83E9 at count: 2196000
script duration: 131.07 min
last_id: 180F05DA-963B-461E-B1A9-0859F628B05E at count: 2205000
script duration: 131.63 min
last_id: 18283999-362E-44F0-BCAB-0FE6EFE7CAEF at count: 2214000
script duration: 132.3 min
last_id: 182ZQExNrmYIjxg5Lox3gzzqCki1-1590407285 at count: 2223000
script duration: 132.85 min
last_id: 183358A4-C5A3-4041-A6DD-A1BBBC85CEBF at count: 2232000
script duration: 133.4 min
last_id: 184C11C6-5FFD-4BDA-A829-1810C0655C02 at count: 2241000
script duration: 134.01 min
last_id: 186593D9-8698-4AAC-8556-AE39283F69D8 at count: 2250000
script duration: 134.69 min
last_id: 187EE664-B776-44A5-B430-2E091099D503 at count: 2259000
script duration: 135.35 min
last_id: 1897F282-EA8A-4B8D-A557-395D388AB719 at count: 2268000
script duration: 135.99 min
last_id: 18B17281-9FD9-4D73-AB81-6D5450BA8267 at count: 2277000
script duration: 136.7 min
last_id: 18CB0751-21DB-4D11-B7C4-7801DF18DF89 at count: 2286000
script duration: 137.25 min
last_id: 18E41F09-2412-41E8-B0EF-E662CC16C98C at count: 2295000
script duration: 137.86 min
last_id: 18FE0C91-F476-4ECC-8B40-CE91912EF0CC at count: 2304000
script duration: 138.51 min
last_id: 1906A31B-6A9F-41D4-9939-E43DBEA781D9 at count: 2313000
script duration: 138.9 min
last_id: 191TQEUC5OW3PUnUBUFBYLYYtBi1-1582935657 at count: 2322000
script duration: 139.52 min
last_id: 1938D1AC-9F74-44D2-8E79-25678F6E23EA at count: 2331000
script duration: 140.2 min
last_id: 19523E41-9C73-463C-A8EB-9CE6F8595144 at count: 2340000
script duration: 140.83 min
last_id: 196BE55B-E2C2-4574-BF35-8B940B4E14B1 at count: 2349000
script duration: 141.48 min
last_id: 1985BF3E-89BF-4248-97FA-4208788DE124 at count: 2358000
script duration: 142.16 min
last_id: 199D6C1E-85EB-4ED7-A845-E39C7CE7946E at count: 2367000
script duration: 142.72 min
last_id: 19B6302F-6936-49B7-8E62-367D4BDEC04E at count: 2376000
script duration: 143.35 min
last_id: 19D0249D-8BCB-49E1-8B77-E1A1364144C0 at count: 2385000
script duration: 144.01 min
last_id: 19EA1209-E22D-421E-BF12-BCC423A40A23 at count: 2394000
script duration: 144.56 min
last_id: 19Pqx3b5fzZnxkFTd7mhsLgPzHM2-1587353587 at count: 2403000
script duration: 145.12 min
last_id: 1A0BE5C8-B210-47ED-92E6-C03931D899F1 at count: 2412000
script duration: 145.86 min
last_id: 1A25C2ED-E30C-44FC-BAC8-E71E72FFCB3F at count: 2421000
script duration: 146.5 min
last_id: 1A3F538E-CE60-48ED-96F0-419645F371AA at count: 2430000
script duration: 147.11 min
last_id: 1A587BBA-8473-4E7B-B1A3-BAE1CB9B6108 at count: 2439000
script duration: 147.82 min
last_id: 1A7123B0-94C3-4EC1-BF71-2CA8214675D1 at count: 2448000
script duration: 148.46 min
last_id: 1A8B2DB5-3153-4FD4-838D-EF31900E2BD3 at count: 2457000
script duration: 149.01 min
last_id: 1AA4902A-132A-42F5-8566-DF4240E94C33 at count: 2466000
script duration: 149.63 min
last_id: 1ABE0A6B-D883-43AF-BC05-CAB9D95AEC1B at count: 2475000
script duration: 150.26 min
last_id: 1AD72E6D-B521-486D-BC1D-3CBED5EB94CD at count: 2484000
script duration: 150.87 min
last_id: 1AF039A2-D580-416B-8E46-46597E1A74FB at count: 2493000
script duration: 151.47 min
last_id: 1APZiplJfyY3ylRrTw3bheAlgqC2-1578731749 at count: 2502000
script duration: 151.98 min
last_id: 1B1228B0-C37D-4C67-AC72-F855CBB7054D at count: 2511000
script duration: 152.52 min
last_id: 1B28D87E-2BB0-4C91-B60E-36A7E1B8326F at count: 2520000
script duration: 153.07 min
last_id: 1B416D8F-0CA5-47F1-908E-AE0A3EEB3C15 at count: 2529000
script duration: 153.64 min
last_id: 1B5B20AC-8351-435D-B87B-5056EA328AF8 at count: 2538000
script duration: 154.26 min
last_id: 1B74B3F8-24DF-41A9-99D9-BAB4F181BE25 at count: 2547000
script duration: 154.84 min
last_id: 1B8AB2EA-CC38-4582-A25A-2B3070E167F7 at count: 2556000
script duration: 155.29 min
last_id: 1BA46DC8-6F7B-4A48-BD48-DDEF929AB588 at count: 2565000
script duration: 155.84 min
last_id: 1BBDA30C-2E15-4A3E-8B6F-566D28CD9BCB at count: 2574000
script duration: 156.42 min
last_id: 1BD6E6DE-DEBC-4257-8D79-1A4DB8714A30 at count: 2583000
script duration: 156.96 min
last_id: 1BF02B2E-82C6-4BF9-A2F2-B46CFCA70FCF at count: 2592000
script duration: 157.51 min
last_id: 1BGN6semw0baxdfantTZGib2wEe2-1582888645 at count: 2601000
script duration: 158.07 min
last_id: 1BfegOsTX0cg6yqI2QT5GJ9LutP2-1586264122 at count: 2610000
script duration: 158.4 min
last_id: 1BfegOsTX0cg6yqI2QT5GJ9LutP2-1590327387 at count: 2619000
script duration: 158.87 min
last_id: 1C0E2F9B-99D8-4174-A5F5-4E0177403777 at count: 2628000
script duration: 159.37 min
last_id: 1C22DD68-8054-4C6D-AECC-2F79140BCBB1 at count: 2637000
script duration: 160.01 min
last_id: 1C3C8C83-17C3-465B-AB11-F294F9672971 at count: 2646000
script duration: 160.65 min
last_id: 1C564AFC-260E-4CD5-B590-07D8EEF4191E at count: 2655000
script duration: 161.31 min
last_id: 1C703D50-BF13-4C4F-913A-9693DBC1D8CD at count: 2664000
script duration: 161.97 min
last_id: 1C89C9A2-F5CC-457E-BB45-CA43232DE165 at count: 2673000
script duration: 162.67 min
last_id: 1CA298CB-F591-45C4-B911-2B446BD97BB0 at count: 2682000
script duration: 163.25 min
last_id: 1CBB83E1-3C5A-4DD9-A4E1-80267EFBA53E at count: 2691000
script duration: 163.94 min
last_id: 1CD506A7-6396-48D8-B889-ABA8F371B3B3 at count: 2700000
script duration: 164.64 min
last_id: 1CEEAECF-F81B-41AD-9ABF-656429345688 at count: 2709000
script duration: 165.41 min
last_id: 1D0226F2-3FB0-4D4C-B413-C4D7AC96CC9C at count: 2718000
script duration: 166.0 min
last_id: 1D1B9663-E559-4FC2-A5EA-23784969DB94 at count: 2727000
script duration: 166.67 min
last_id: 1D354A40-D156-4034-AE2F-F8B515FD323C at count: 2736000
script duration: 167.34 min
last_id: 1D4EE319-78AC-419D-88B0-5E9857DFCEFF at count: 2745000
script duration: 167.94 min
last_id: 1D68A23E-CF4C-41DB-8CF3-1E4FDDDE7361 at count: 2754000
script duration: 168.47 min
last_id: 1D823F43-B87F-4B56-9DD6-A6C20C0078AC at count: 2763000
script duration: 169.05 min
last_id: 1D9BFA52-9E75-4885-ABCF-62DC1AF5C95C at count: 2772000
script duration: 169.73 min
last_id: 1DB399CD-737C-4D7A-A960-5972C451FBE0 at count: 2781000
script duration: 170.36 min
last_id: 1DCBD454-2098-4DE9-A17E-F8581F815A27 at count: 2790000
script duration: 170.99 min
last_id: 1DE57527-DCB4-4793-860E-3F6E9CBE3CCB at count: 2799000
script duration: 171.69 min
last_id: 1DFE64A4-E191-44A1-8099-E1A731EEE1C6 at count: 2808000
script duration: 172.34 min
last_id: 1E02C825-89E8-4EA0-BD75-17B31AFCCF1E at count: 2817000
script duration: 172.73 min
last_id: 1E1BF40D-D854-4FFB-815C-C878F6EFC16C at count: 2826000
script duration: 173.44 min
last_id: 1E354FC1-F275-4AAA-BACE-E652797A1978 at count: 2835000
script duration: 174.12 min
last_id: 1E4EF941-7C6C-4C86-A04D-F53AEC8DAAE7 at count: 2844000
script duration: 174.87 min
last_id: 1E68667E-7CD0-4634-9F9D-206D6D5F2709 at count: 2853000
script duration: 175.68 min
last_id: 1E819327-7948-4D54-81B3-A737A5171455 at count: 2862000
script duration: 176.38 min
last_id: 1E97egqaaPhvmeBOuCASN1wcZsK2-1569988747 at count: 2871000
script duration: 177.07 min
last_id: 1EAFC506-4381-4BDA-8512-8F6861B531AB at count: 2880000
script duration: 177.71 min
last_id: 1EC8DA31-F857-4404-A09E-626EFC9BDE27 at count: 2889000
script duration: 178.3 min
last_id: 1EE22036-912E-45BF-8614-FAB94F16F6AA at count: 2898000
script duration: 178.93 min
last_id: 1EFBDC36-04A4-41C4-ACF8-0C308C139CD6 at count: 2907000
script duration: 179.6 min
last_id: 1EYh1RvcCoMht0XO0GIZvF1BHJG2-1591795508 at count: 2916000
script duration: 180.26 min
last_id: 1F085637-9A8E-464D-829C-015E58BF5FB7 at count: 2925000
script duration: 180.81 min
last_id: 1F221A99-036B-4BB1-A93E-5807BCDE71E5 at count: 2934000
script duration: 181.72 min
last_id: 1F3BCCC7-4C1D-4247-88B7-99C9DF15F3FB at count: 2943000
script duration: 182.49 min
last_id: 1F49A86D-350F-44B8-B428-8F94CBBC43F5 at count: 2952000
script duration: 183.16 min
last_id: 1F6319A1-63F6-43E0-9195-9877B2647B78 at count: 2961000
script duration: 183.82 min
last_id: 1F7C83E7-5404-47A1-8D79-F706EBB0CD2C at count: 2970000
script duration: 184.6 min
last_id: 1F9595FB-0902-48C3-89C3-81FDDEA8E256 at count: 2979000
script duration: 185.43 min
last_id: 1FAF2599-49CB-4E53-81EF-52FD674667E0 at count: 2988000
script duration: 186.22 min
last_id: 1FC89602-CE9F-48DF-8936-B04A1DAE165F at count: 2997000
script duration: 186.93 min
last_id: 1FE27462-11F4-4A95-A841-39FB4E1C4D27 at count: 3006000
script duration: 187.89 min
last_id: 1FF99C25-194B-4192-98FC-EDDF7DC353C6 at count: 3015000
script duration: 188.84 min
last_id: 1Fe0CgiL6rPc0tcOnQJp21b7eon1-1579268667 at count: 3024000
script duration: 189.51 min
last_id: 1GW3j33SQvZdpBVTfFOX1O3qBzt1-1571583213 at count: 3033000
script duration: 190.11 min
last_id: 1HKU16F5diWzUAVxxnX1YCQ5oUq2-1583321770 at count: 3042000
script duration: 190.57 min
last_id: 1Hwy8tmhzXP0qQqnmdHNbXPqBZ82-1565506926 at count: 3051000
script duration: 191.13 min
last_id: 1Hwy8tmhzXP0qQqnmdHNbXPqBZ82-1583706363 at count: 3060000
script duration: 191.62 min
last_id: 1JQTsOZXb3TpbCr1dWMnEH5MGAG3-1592406841 at count: 3069000
script duration: 192.04 min
last_id: 1KSfF2JTT5S1v9gn07iedX9W05c2-1550584893 at count: 3078000
script duration: 192.49 min
last_id: 1M4l12xFHVMcBXV8Absekj3yWHc2-1587893566 at count: 3087000
script duration: 192.86 min
last_id: 1M9Qdn50qEVPguYFf8RjqeWVllQ2-1559459861 at count: 3096000
script duration: 193.42 min
last_id: 1NdUAlgYsJcUuRolTeaQiaeofaP2-1564120216 at count: 3105000
script duration: 193.89 min
last_id: 1NtoVMsShsOzKogqQTw9RT9beXD2-1587336442 at count: 3114000
script duration: 194.62 min
last_id: 1NwxSvCwuoVrM0Uql1pXtRahppN2-1576022229 at count: 3123000
script duration: 195.26 min
last_id: 1Oz0S6enLQMC53iOg5JB9OPYYJD2-1585884661 at count: 3132000
script duration: 195.77 min
last_id: 1QOm6phdA3TiYGUSHJOr12YI45p2-1562382298 at count: 3141000
script duration: 196.1 min
last_id: 1QtYBHplChPricErLsDOlRRAwvg2-1573394776 at count: 3150000
script duration: 196.39 min
last_id: 1RHUy2HuYGhKGoRa4BJDbbivDrF2-1590855229 at count: 3159000
script duration: 196.98 min
last_id: 1S1Qc8CfeEZkXroI9K9dW8niIAb2-1556312406 at count: 3168000
script duration: 197.34 min
last_id: 1S1Qc8CfeEZkXroI9K9dW8niIAb2-1579818229 at count: 3177000
script duration: 197.72 min
last_id: 1SXnMuxFgLdAkotHS6nvhxpNXVK2-1547600822 at count: 3186000
script duration: 198.46 min
last_id: 1Ss7nlSflIgBNPkqWTpa4yyVjA22-1584876347 at count: 3195000
script duration: 199.15 min
last_id: 1TbGoChmi6T6lZxsRZEx9OjfGx53-1593043284 at count: 3204000
script duration: 199.57 min
last_id: 1UIrRtdvPRVbSseqKuUxSB489FQ2-1589894805 at count: 3213000
script duration: 199.85 min
last_id: 1WH9uKCUcde8x8tjEPEYodGFoBg1-1579431900 at count: 3222000
script duration: 200.29 min
last_id: 1WtjHlz2WJRnJq6xVCcohDbEIOj2-1582434695 at count: 3231000
script duration: 200.83 min
last_id: 1WvmzSeAZYQ3W3Sbr91q3d9GdMh1-1577893209 at count: 3240000
script duration: 201.44 min
last_id: 1XIsyDJwpthR8x2Os49pZQgOX0L2-1557077479 at count: 3249000
script duration: 201.88 min
last_id: 1Xa2Q4vonPYTCyhm0yG8XQEjqQR2-1589212411 at count: 3258000
script duration: 202.48 min
last_id: 1XeJrC7d5hc8ZMZ8uVJcUGhgTzk1-1588908843 at count: 3267000
script duration: 203.06 min
last_id: 1YVIJRSJfpfvqUqgye5wxClynqB2-1590395632 at count: 3276000
script duration: 203.5 min
last_id: 1Z72vrhKV5MvD1etZGPKwXFoFS53-1578311342 at count: 3285000
script duration: 203.78 min
last_id: 1aPskfImldddOVj05V6s8qXDRR12-1590586051 at count: 3294000
script duration: 204.13 min
last_id: 1aURUFt4ZERfisyXsGkcXKkXH7u2-1580125780 at count: 3303000
script duration: 204.68 min
last_id: 1aURUFt4ZERfisyXsGkcXKkXH7u2-1590110594 at count: 3312000
script duration: 205.31 min
last_id: 1bSfsd15cKaix8QBwd5EIIN4Y1G3-1581242340 at count: 3321000
script duration: 205.71 min
last_id: 1cb8MP2Gv2cM7f1ROhCncfp80U52-1566740225 at count: 3330000
script duration: 206.07 min
last_id: 1dl2XIFuP8fj560eg1Y4HOYXlEk2-1554142043 at count: 3339000
script duration: 206.41 min
last_id: 1eHtIEPwnhhwj5z76krssf3BPWm2-1549457442 at count: 3348000
script duration: 206.89 min
last_id: 1ehTUApH9sQBITXwUBARLGZHvPh2-1580197499 at count: 3357000
script duration: 207.14 min
last_id: 1fAQ7Lz84eURUWFAvuMiTbyCbYx1-1568816299 at count: 3366000
script duration: 207.67 min
last_id: 1flEmS2E6yRQMXA3J2N4LUV4edx2-1587907090 at count: 3375000
script duration: 208.31 min
last_id: 1gqsOBhJl5hswZkqh1omzfZcWpg1-1578915719 at count: 3384000
script duration: 208.62 min
last_id: 1hW8LbaOsQUhHTyuSUcd9VxMvyc2-1593354024 at count: 3393000
script duration: 209.13 min
last_id: 1i6VTBz3jLWeQlwT1ER58h6NLRI2-1566427571 at count: 3402000
script duration: 209.56 min
last_id: 1iF3EptH1nXz6lXB4vnL3etlddH2-1581494664 at count: 3411000
script duration: 209.92 min
last_id: 1iF3EptH1nXz6lXB4vnL3etlddH2-1582196253 at count: 3420000
script duration: 210.47 min
last_id: 1iF3EptH1nXz6lXB4vnL3etlddH2-1582876463 at count: 3429000
script duration: 211.09 min
last_id: 1iF3EptH1nXz6lXB4vnL3etlddH2-1584436963 at count: 3438000
script duration: 211.6 min
last_id: 1iF3EptH1nXz6lXB4vnL3etlddH2-1586265729 at count: 3447000
script duration: 212.15 min
