nohup: ignoring input
assessing overlap based on key: target_sentence
header:  ['id', 'text', 'lessonId', 'lineId', 'uid', 'redWords_score', 'date']
Reference dataset: train_1M
	Overlap dataset: train_1M
	% of Reference intersecting Overlap:1.0

	Overlap dataset: eval2-v2
	% of Reference intersecting Overlap:0.0

	Overlap dataset: eval2-v6
	% of Reference intersecting Overlap:0.037

	Overlap dataset: eval2-v7
	% of Reference intersecting Overlap:0.0

	Overlap dataset: eval2-v3
	% of Reference intersecting Overlap:0.049

	Overlap dataset: eval2-v4
	% of Reference intersecting Overlap:0.024

	Overlap dataset: eval2-v5
	% of Reference intersecting Overlap:0.0

	Overlap dataset: train_7M
	% of Reference intersecting Overlap:1.0

	Overlap dataset: test
	% of Reference intersecting Overlap:0.0

	Overlap dataset: eval2-v1
	% of Reference intersecting Overlap:0.048

Reference dataset: eval2-v2
	Overlap dataset: train_1M
	% of Reference intersecting Overlap:0.0

	Overlap dataset: eval2-v2
	% of Reference intersecting Overlap:1.0

	Overlap dataset: eval2-v6
	% of Reference intersecting Overlap:0.0

	Overlap dataset: eval2-v7
	% of Reference intersecting Overlap:0.01

	Overlap dataset: eval2-v3
	% of Reference intersecting Overlap:0.0

	Overlap dataset: eval2-v4
	% of Reference intersecting Overlap:0.0

	Overlap dataset: eval2-v5
	% of Reference intersecting Overlap:0.07

	Overlap dataset: train_7M
	% of Reference intersecting Overlap:1.0

	Overlap dataset: test
	% of Reference intersecting Overlap:0.003

	Overlap dataset: eval2-v1
	% of Reference intersecting Overlap:0.0

Reference dataset: eval2-v6
	Overlap dataset: train_1M
	% of Reference intersecting Overlap:0.948

	Overlap dataset: eval2-v2
	% of Reference intersecting Overlap:0.0

	Overlap dataset: eval2-v6
	% of Reference intersecting Overlap:1.0

	Overlap dataset: eval2-v7
	% of Reference intersecting Overlap:0.052

	Overlap dataset: eval2-v3
	% of Reference intersecting Overlap:0.254

	Overlap dataset: eval2-v4
	% of Reference intersecting Overlap:0.138

	Overlap dataset: eval2-v5
	% of Reference intersecting Overlap:0.0

	Overlap dataset: train_7M
	% of Reference intersecting Overlap:1.0

	Overlap dataset: test
	% of Reference intersecting Overlap:0.044

	Overlap dataset: eval2-v1
	% of Reference intersecting Overlap:0.219

Reference dataset: eval2-v7
	Overlap dataset: train_1M
	% of Reference intersecting Overlap:0.018

	Overlap dataset: eval2-v2
	% of Reference intersecting Overlap:0.037

	Overlap dataset: eval2-v6
	% of Reference intersecting Overlap:0.257

	Overlap dataset: eval2-v7
	% of Reference intersecting Overlap:1.0

	Overlap dataset: eval2-v3
	% of Reference intersecting Overlap:0.092

	Overlap dataset: eval2-v4
	% of Reference intersecting Overlap:0.055

	Overlap dataset: eval2-v5
	% of Reference intersecting Overlap:0.0

	Overlap dataset: train_7M
	% of Reference intersecting Overlap:1.0

	Overlap dataset: test
	% of Reference intersecting Overlap:0.798

	Overlap dataset: eval2-v1
	% of Reference intersecting Overlap:0.128

Reference dataset: eval2-v3
	Overlap dataset: train_1M
	% of Reference intersecting Overlap:0.986

	Overlap dataset: eval2-v2
	% of Reference intersecting Overlap:0.0

	Overlap dataset: eval2-v6
	% of Reference intersecting Overlap:0.199

	Overlap dataset: eval2-v7
	% of Reference intersecting Overlap:0.014

	Overlap dataset: eval2-v3
	% of Reference intersecting Overlap:1.0

	Overlap dataset: eval2-v4
	% of Reference intersecting Overlap:0.169

	Overlap dataset: eval2-v5
	% of Reference intersecting Overlap:0.0

	Overlap dataset: train_7M
	% of Reference intersecting Overlap:1.0

	Overlap dataset: test
	% of Reference intersecting Overlap:0.009

	Overlap dataset: eval2-v1
	% of Reference intersecting Overlap:0.262

Reference dataset: eval2-v4
	Overlap dataset: train_1M
	% of Reference intersecting Overlap:0.974

	Overlap dataset: eval2-v2
	% of Reference intersecting Overlap:0.0

	Overlap dataset: eval2-v6
	% of Reference intersecting Overlap:0.217

	Overlap dataset: eval2-v7
	% of Reference intersecting Overlap:0.017

	Overlap dataset: eval2-v3
	% of Reference intersecting Overlap:0.339

	Overlap dataset: eval2-v4
	% of Reference intersecting Overlap:1.0

	Overlap dataset: eval2-v5
	% of Reference intersecting Overlap:0.006

	Overlap dataset: train_7M
	% of Reference intersecting Overlap:0.994

	Overlap dataset: test
	% of Reference intersecting Overlap:0.012

	Overlap dataset: eval2-v1
	% of Reference intersecting Overlap:0.249

Reference dataset: eval2-v5
	Overlap dataset: train_1M
	% of Reference intersecting Overlap:0.0

	Overlap dataset: eval2-v2
	% of Reference intersecting Overlap:0.551

	Overlap dataset: eval2-v6
	% of Reference intersecting Overlap:0.0

	Overlap dataset: eval2-v7
	% of Reference intersecting Overlap:0.0

	Overlap dataset: eval2-v3
	% of Reference intersecting Overlap:0.0

	Overlap dataset: eval2-v4
	% of Reference intersecting Overlap:0.041

	Overlap dataset: eval2-v5
	% of Reference intersecting Overlap:1.0

	Overlap dataset: train_7M
	% of Reference intersecting Overlap:0.571

	Overlap dataset: test
	% of Reference intersecting Overlap:0.0

	Overlap dataset: eval2-v1
	% of Reference intersecting Overlap:0.0

Reference dataset: train_7M
	Overlap dataset: train_1M
	% of Reference intersecting Overlap:0.954

	Overlap dataset: eval2-v2
	% of Reference intersecting Overlap:0.026

	Overlap dataset: eval2-v6
	% of Reference intersecting Overlap:0.037

	Overlap dataset: eval2-v7
	% of Reference intersecting Overlap:0.007

	Overlap dataset: eval2-v3
	% of Reference intersecting Overlap:0.047

	Overlap dataset: eval2-v4
	% of Reference intersecting Overlap:0.023

	Overlap dataset: eval2-v5
	% of Reference intersecting Overlap:0.002

	Overlap dataset: train_7M
	% of Reference intersecting Overlap:1.0

	Overlap dataset: test
	% of Reference intersecting Overlap:0.006

	Overlap dataset: eval2-v1
	% of Reference intersecting Overlap:0.046

Reference dataset: test
	Overlap dataset: train_1M
	% of Reference intersecting Overlap:0.0

	Overlap dataset: eval2-v2
	% of Reference intersecting Overlap:0.011

	Overlap dataset: eval2-v6
	% of Reference intersecting Overlap:0.264

	Overlap dataset: eval2-v7
	% of Reference intersecting Overlap:0.956

	Overlap dataset: eval2-v3
	% of Reference intersecting Overlap:0.066

	Overlap dataset: eval2-v4
	% of Reference intersecting Overlap:0.044

	Overlap dataset: eval2-v5
	% of Reference intersecting Overlap:0.0

	Overlap dataset: train_7M
	% of Reference intersecting Overlap:0.978

	Overlap dataset: test
	% of Reference intersecting Overlap:1.0

	Overlap dataset: eval2-v1
	% of Reference intersecting Overlap:0.121

Reference dataset: eval2-v1
	Overlap dataset: train_1M
	% of Reference intersecting Overlap:0.918

	Overlap dataset: eval2-v2
	% of Reference intersecting Overlap:0.0

	Overlap dataset: eval2-v6
	% of Reference intersecting Overlap:0.163

	Overlap dataset: eval2-v7
	% of Reference intersecting Overlap:0.019

	Overlap dataset: eval2-v3
	% of Reference intersecting Overlap:0.248

	Overlap dataset: eval2-v4
	% of Reference intersecting Overlap:0.118

	Overlap dataset: eval2-v5
	% of Reference intersecting Overlap:0.0

	Overlap dataset: train_7M
	% of Reference intersecting Overlap:0.937

	Overlap dataset: test
	% of Reference intersecting Overlap:0.015

	Overlap dataset: eval2-v1
	% of Reference intersecting Overlap:1.0

Fully unique ouputs: 
{'train_1M': {'train_1M': 1.0, 'eval2-v2': 0.0, 'eval2-v6': 0.037, 'eval2-v7': 0.0, 'eval2-v3': 0.049, 'eval2-v4': 0.024, 'eval2-v5': 0.0, 'train_7M': 1.0, 'test': 0.0, 'eval2-v1': 0.048}, 'eval2-v2': {'train_1M': 0.0, 'eval2-v2': 1.0, 'eval2-v6': 0.0, 'eval2-v7': 0.01, 'eval2-v3': 0.0, 'eval2-v4': 0.0, 'eval2-v5': 0.07, 'train_7M': 1.0, 'test': 0.003, 'eval2-v1': 0.0}, 'eval2-v6': {'train_1M': 0.948, 'eval2-v2': 0.0, 'eval2-v6': 1.0, 'eval2-v7': 0.052, 'eval2-v3': 0.254, 'eval2-v4': 0.138, 'eval2-v5': 0.0, 'train_7M': 1.0, 'test': 0.044, 'eval2-v1': 0.219}, 'eval2-v7': {'train_1M': 0.018, 'eval2-v2': 0.037, 'eval2-v6': 0.257, 'eval2-v7': 1.0, 'eval2-v3': 0.092, 'eval2-v4': 0.055, 'eval2-v5': 0.0, 'train_7M': 1.0, 'test': 0.798, 'eval2-v1': 0.128}, 'eval2-v3': {'train_1M': 0.986, 'eval2-v2': 0.0, 'eval2-v6': 0.199, 'eval2-v7': 0.014, 'eval2-v3': 1.0, 'eval2-v4': 0.169, 'eval2-v5': 0.0, 'train_7M': 1.0, 'test': 0.009, 'eval2-v1': 0.262}, 'eval2-v4': {'train_1M': 0.974, 'eval2-v2': 0.0, 'eval2-v6': 0.217, 'eval2-v7': 0.017, 'eval2-v3': 0.339, 'eval2-v4': 1.0, 'eval2-v5': 0.006, 'train_7M': 0.994, 'test': 0.012, 'eval2-v1': 0.249}, 'eval2-v5': {'train_1M': 0.0, 'eval2-v2': 0.551, 'eval2-v6': 0.0, 'eval2-v7': 0.0, 'eval2-v3': 0.0, 'eval2-v4': 0.041, 'eval2-v5': 1.0, 'train_7M': 0.571, 'test': 0.0, 'eval2-v1': 0.0}, 'train_7M': {'train_1M': 0.954, 'eval2-v2': 0.026, 'eval2-v6': 0.037, 'eval2-v7': 0.007, 'eval2-v3': 0.047, 'eval2-v4': 0.023, 'eval2-v5': 0.002, 'train_7M': 1.0, 'test': 0.006, 'eval2-v1': 0.046}, 'test': {'train_1M': 0.0, 'eval2-v2': 0.011, 'eval2-v6': 0.264, 'eval2-v7': 0.956, 'eval2-v3': 0.066, 'eval2-v4': 0.044, 'eval2-v5': 0.0, 'train_7M': 0.978, 'test': 1.0, 'eval2-v1': 0.121}, 'eval2-v1': {'train_1M': 0.918, 'eval2-v2': 0.0, 'eval2-v6': 0.163, 'eval2-v7': 0.019, 'eval2-v3': 0.248, 'eval2-v4': 0.118, 'eval2-v5': 0.0, 'train_7M': 0.937, 'test': 0.015, 'eval2-v1': 1.0}}

+--------------------------------------------------------------------------------------------------------------------------------+
|                                                      Unique intersection                                                       |
+---------------------+----------+----------+----------+----------+----------+----------+----------+-------+----------+----------+
| Intersect\Reference | eval2-v1 | eval2-v2 | eval2-v3 | eval2-v4 | eval2-v5 | eval2-v6 | eval2-v7 |  test | train_1M | train_7M |
+---------------------+----------+----------+----------+----------+----------+----------+----------+-------+----------+----------+
|       eval2-v1      |   1.0    |   0.0    |  0.262   |  0.249   |   0.0    |  0.219   |  0.128   | 0.121 |  0.048   |  0.046   |
|       eval2-v2      |   0.0    |   1.0    |   0.0    |   0.0    |  0.551   |   0.0    |  0.037   | 0.011 |   0.0    |  0.026   |
|       eval2-v3      |  0.248   |   0.0    |   1.0    |  0.339   |   0.0    |  0.254   |  0.092   | 0.066 |  0.049   |  0.047   |
|       eval2-v4      |  0.118   |   0.0    |  0.169   |   1.0    |  0.041   |  0.138   |  0.055   | 0.044 |  0.024   |  0.023   |
|       eval2-v5      |   0.0    |   0.07   |   0.0    |  0.006   |   1.0    |   0.0    |   0.0    |  0.0  |   0.0    |  0.002   |
|       eval2-v6      |  0.163   |   0.0    |  0.199   |  0.217   |   0.0    |   1.0    |  0.257   | 0.264 |  0.037   |  0.037   |
|       eval2-v7      |  0.019   |   0.01   |  0.014   |  0.017   |   0.0    |  0.052   |   1.0    | 0.956 |   0.0    |  0.007   |
|         test        |  0.015   |  0.003   |  0.009   |  0.012   |   0.0    |  0.044   |  0.798   |  1.0  |   0.0    |  0.006   |
|       train_1M      |  0.918   |   0.0    |  0.986   |  0.974   |   0.0    |  0.948   |  0.018   |  0.0  |   1.0    |  0.954   |
|       train_7M      |  0.937   |   1.0    |   1.0    |  0.994   |  0.571   |   1.0    |   1.0    | 0.978 |   1.0    |   1.0    |
+---------------------+----------+----------+----------+----------+----------+----------+----------+-------+----------+----------+
Reference dataset: train_1M
	Overlap dataset: train_1M
	Ratio of total intersect to total records: 1.0

	Overlap dataset: eval2-v2
	Ratio of total intersect to total records: 0.0

	Overlap dataset: eval2-v6
	Ratio of total intersect to total records: 0.069

	Overlap dataset: eval2-v7
	Ratio of total intersect to total records: 0.0

	Overlap dataset: eval2-v3
	Ratio of total intersect to total records: 0.097

	Overlap dataset: eval2-v4
	Ratio of total intersect to total records: 0.046

	Overlap dataset: eval2-v5
	Ratio of total intersect to total records: 0.0

	Overlap dataset: train_7M
	Ratio of total intersect to total records: 1.0

	Overlap dataset: test
	Ratio of total intersect to total records: 0.0

	Overlap dataset: eval2-v1
	Ratio of total intersect to total records: 0.092

Reference dataset: eval2-v2
	Overlap dataset: train_1M
	Ratio of total intersect to total records: 0.0

	Overlap dataset: eval2-v2
	Ratio of total intersect to total records: 1.0

	Overlap dataset: eval2-v6
	Ratio of total intersect to total records: 0.0

	Overlap dataset: eval2-v7
	Ratio of total intersect to total records: 0.008

	Overlap dataset: eval2-v3
	Ratio of total intersect to total records: 0.0

	Overlap dataset: eval2-v4
	Ratio of total intersect to total records: 0.0

	Overlap dataset: eval2-v5
	Ratio of total intersect to total records: 0.089

	Overlap dataset: train_7M
	Ratio of total intersect to total records: 1.0

	Overlap dataset: test
	Ratio of total intersect to total records: 0.002

	Overlap dataset: eval2-v1
	Ratio of total intersect to total records: 0.0

Reference dataset: eval2-v6
	Overlap dataset: train_1M
	Ratio of total intersect to total records: 0.927

	Overlap dataset: eval2-v2
	Ratio of total intersect to total records: 0.0

	Overlap dataset: eval2-v6
	Ratio of total intersect to total records: 1.0

	Overlap dataset: eval2-v7
	Ratio of total intersect to total records: 0.073

	Overlap dataset: eval2-v3
	Ratio of total intersect to total records: 0.362

	Overlap dataset: eval2-v4
	Ratio of total intersect to total records: 0.233

	Overlap dataset: eval2-v5
	Ratio of total intersect to total records: 0.0

	Overlap dataset: train_7M
	Ratio of total intersect to total records: 1.0

	Overlap dataset: test
	Ratio of total intersect to total records: 0.06

	Overlap dataset: eval2-v1
	Ratio of total intersect to total records: 0.305

Reference dataset: eval2-v7
	Overlap dataset: train_1M
	Ratio of total intersect to total records: 0.002

	Overlap dataset: eval2-v2
	Ratio of total intersect to total records: 0.004

	Overlap dataset: eval2-v6
	Ratio of total intersect to total records: 0.292

	Overlap dataset: eval2-v7
	Ratio of total intersect to total records: 1.0

	Overlap dataset: eval2-v3
	Ratio of total intersect to total records: 0.094

	Overlap dataset: eval2-v4
	Ratio of total intersect to total records: 0.066

	Overlap dataset: eval2-v5
	Ratio of total intersect to total records: 0.0

	Overlap dataset: train_7M
	Ratio of total intersect to total records: 1.0

	Overlap dataset: test
	Ratio of total intersect to total records: 0.848

	Overlap dataset: eval2-v1
	Ratio of total intersect to total records: 0.153

Reference dataset: eval2-v3
	Overlap dataset: train_1M
	Ratio of total intersect to total records: 0.988

	Overlap dataset: eval2-v2
	Ratio of total intersect to total records: 0.0

	Overlap dataset: eval2-v6
	Ratio of total intersect to total records: 0.257

	Overlap dataset: eval2-v7
	Ratio of total intersect to total records: 0.012

	Overlap dataset: eval2-v3
	Ratio of total intersect to total records: 1.0

	Overlap dataset: eval2-v4
	Ratio of total intersect to total records: 0.331

	Overlap dataset: eval2-v5
	Ratio of total intersect to total records: 0.0

	Overlap dataset: train_7M
	Ratio of total intersect to total records: 1.0

	Overlap dataset: test
	Ratio of total intersect to total records: 0.006

	Overlap dataset: eval2-v1
	Ratio of total intersect to total records: 0.402

Reference dataset: eval2-v4
	Overlap dataset: train_1M
	Ratio of total intersect to total records: 0.986

	Overlap dataset: eval2-v2
	Ratio of total intersect to total records: 0.0

	Overlap dataset: eval2-v6
	Ratio of total intersect to total records: 0.328

	Overlap dataset: eval2-v7
	Ratio of total intersect to total records: 0.011

	Overlap dataset: eval2-v3
	Ratio of total intersect to total records: 0.534

	Overlap dataset: eval2-v4
	Ratio of total intersect to total records: 1.0

	Overlap dataset: eval2-v5
	Ratio of total intersect to total records: 0.002

	Overlap dataset: train_7M
	Ratio of total intersect to total records: 0.998

	Overlap dataset: test
	Ratio of total intersect to total records: 0.009

	Overlap dataset: eval2-v1
	Ratio of total intersect to total records: 0.38

Reference dataset: eval2-v5
	Overlap dataset: train_1M
	Ratio of total intersect to total records: 0.0

	Overlap dataset: eval2-v2
	Ratio of total intersect to total records: 0.566

	Overlap dataset: eval2-v6
	Ratio of total intersect to total records: 0.0

	Overlap dataset: eval2-v7
	Ratio of total intersect to total records: 0.0

	Overlap dataset: eval2-v3
	Ratio of total intersect to total records: 0.0

	Overlap dataset: eval2-v4
	Ratio of total intersect to total records: 0.038

	Overlap dataset: eval2-v5
	Ratio of total intersect to total records: 1.0

	Overlap dataset: train_7M
	Ratio of total intersect to total records: 0.585

	Overlap dataset: test
	Ratio of total intersect to total records: 0.0

	Overlap dataset: eval2-v1
	Ratio of total intersect to total records: 0.0

Reference dataset: train_7M
	Overlap dataset: train_1M
	Ratio of total intersect to total records: 0.984

	Overlap dataset: eval2-v2
	Ratio of total intersect to total records: 0.0

	Overlap dataset: eval2-v6
	Ratio of total intersect to total records: 0.25

	Overlap dataset: eval2-v7
	Ratio of total intersect to total records: 0.016

	Overlap dataset: eval2-v3
	Ratio of total intersect to total records: 0.422

	Overlap dataset: eval2-v4
	Ratio of total intersect to total records: 0.312

	Overlap dataset: eval2-v5
	Ratio of total intersect to total records: 0.0

	Overlap dataset: train_7M
	Ratio of total intersect to total records: 1.0

	Overlap dataset: test
	Ratio of total intersect to total records: 0.012

	Overlap dataset: eval2-v1
	Ratio of total intersect to total records: 0.385

Reference dataset: test
	Overlap dataset: train_1M
	Ratio of total intersect to total records: 0.0

	Overlap dataset: eval2-v2
	Ratio of total intersect to total records: 0.011

	Overlap dataset: eval2-v6
	Ratio of total intersect to total records: 0.264

	Overlap dataset: eval2-v7
	Ratio of total intersect to total records: 0.956

	Overlap dataset: eval2-v3
	Ratio of total intersect to total records: 0.066

	Overlap dataset: eval2-v4
	Ratio of total intersect to total records: 0.044

	Overlap dataset: eval2-v5
	Ratio of total intersect to total records: 0.0

	Overlap dataset: train_7M
	Ratio of total intersect to total records: 0.978

	Overlap dataset: test
	Ratio of total intersect to total records: 1.0

	Overlap dataset: eval2-v1
	Ratio of total intersect to total records: 0.121

Reference dataset: eval2-v1
	Overlap dataset: train_1M
	Ratio of total intersect to total records: 0.931

	Overlap dataset: eval2-v2
	Ratio of total intersect to total records: 0.0

	Overlap dataset: eval2-v6
	Ratio of total intersect to total records: 0.215

	Overlap dataset: eval2-v7
	Ratio of total intersect to total records: 0.02

	Overlap dataset: eval2-v3
	Ratio of total intersect to total records: 0.354

	Overlap dataset: eval2-v4
	Ratio of total intersect to total records: 0.232

	Overlap dataset: eval2-v5
	Ratio of total intersect to total records: 0.0

	Overlap dataset: train_7M
	Ratio of total intersect to total records: 0.951

	Overlap dataset: test
	Ratio of total intersect to total records: 0.016

	Overlap dataset: eval2-v1
	Ratio of total intersect to total records: 1.0

Total output is:
{'train_1M': {'train_1M': 1.0, 'eval2-v2': 0.0, 'eval2-v6': 0.069, 'eval2-v7': 0.0, 'eval2-v3': 0.097, 'eval2-v4': 0.046, 'eval2-v5': 0.0, 'train_7M': 1.0, 'test': 0.0, 'eval2-v1': 0.092}, 'eval2-v2': {'train_1M': 0.0, 'eval2-v2': 1.0, 'eval2-v6': 0.0, 'eval2-v7': 0.008, 'eval2-v3': 0.0, 'eval2-v4': 0.0, 'eval2-v5': 0.089, 'train_7M': 1.0, 'test': 0.002, 'eval2-v1': 0.0}, 'eval2-v6': {'train_1M': 0.927, 'eval2-v2': 0.0, 'eval2-v6': 1.0, 'eval2-v7': 0.073, 'eval2-v3': 0.362, 'eval2-v4': 0.233, 'eval2-v5': 0.0, 'train_7M': 1.0, 'test': 0.06, 'eval2-v1': 0.305}, 'eval2-v7': {'train_1M': 0.002, 'eval2-v2': 0.004, 'eval2-v6': 0.292, 'eval2-v7': 1.0, 'eval2-v3': 0.094, 'eval2-v4': 0.066, 'eval2-v5': 0.0, 'train_7M': 1.0, 'test': 0.848, 'eval2-v1': 0.153}, 'eval2-v3': {'train_1M': 0.988, 'eval2-v2': 0.0, 'eval2-v6': 0.257, 'eval2-v7': 0.012, 'eval2-v3': 1.0, 'eval2-v4': 0.331, 'eval2-v5': 0.0, 'train_7M': 1.0, 'test': 0.006, 'eval2-v1': 0.402}, 'eval2-v4': {'train_1M': 0.986, 'eval2-v2': 0.0, 'eval2-v6': 0.328, 'eval2-v7': 0.011, 'eval2-v3': 0.534, 'eval2-v4': 1.0, 'eval2-v5': 0.002, 'train_7M': 0.998, 'test': 0.009, 'eval2-v1': 0.38}, 'eval2-v5': {'train_1M': 0.0, 'eval2-v2': 0.566, 'eval2-v6': 0.0, 'eval2-v7': 0.0, 'eval2-v3': 0.0, 'eval2-v4': 0.038, 'eval2-v5': 1.0, 'train_7M': 0.585, 'test': 0.0, 'eval2-v1': 0.0}, 'train_7M': {'train_1M': 0.984, 'eval2-v2': 0.0, 'eval2-v6': 0.25, 'eval2-v7': 0.016, 'eval2-v3': 0.422, 'eval2-v4': 0.312, 'eval2-v5': 0.0, 'train_7M': 1.0, 'test': 0.012, 'eval2-v1': 0.385}, 'test': {'train_1M': 0.0, 'eval2-v2': 0.011, 'eval2-v6': 0.264, 'eval2-v7': 0.956, 'eval2-v3': 0.066, 'eval2-v4': 0.044, 'eval2-v5': 0.0, 'train_7M': 0.978, 'test': 1.0, 'eval2-v1': 0.121}, 'eval2-v1': {'train_1M': 0.931, 'eval2-v2': 0.0, 'eval2-v6': 0.215, 'eval2-v7': 0.02, 'eval2-v3': 0.354, 'eval2-v4': 0.232, 'eval2-v5': 0.0, 'train_7M': 0.951, 'test': 0.016, 'eval2-v1': 1.0}}

+--------------------------------------------------------------------------------------------------------------------------------+
|                                                       Total intersection                                                       |
+---------------------+----------+----------+----------+----------+----------+----------+----------+-------+----------+----------+
| Intersect\Reference | eval2-v1 | eval2-v2 | eval2-v3 | eval2-v4 | eval2-v5 | eval2-v6 | eval2-v7 |  test | train_1M | train_7M |
+---------------------+----------+----------+----------+----------+----------+----------+----------+-------+----------+----------+
|       eval2-v1      |   1.0    |   0.0    |  0.402   |   0.38   |   0.0    |  0.305   |  0.153   | 0.121 |  0.092   |  0.385   |
|       eval2-v2      |   0.0    |   1.0    |   0.0    |   0.0    |  0.566   |   0.0    |  0.004   | 0.011 |   0.0    |   0.0    |
|       eval2-v3      |  0.354   |   0.0    |   1.0    |  0.534   |   0.0    |  0.362   |  0.094   | 0.066 |  0.097   |  0.422   |
|       eval2-v4      |  0.232   |   0.0    |  0.331   |   1.0    |  0.038   |  0.233   |  0.066   | 0.044 |  0.046   |  0.312   |
|       eval2-v5      |   0.0    |  0.089   |   0.0    |  0.002   |   1.0    |   0.0    |   0.0    |  0.0  |   0.0    |   0.0    |
|       eval2-v6      |  0.215   |   0.0    |  0.257   |  0.328   |   0.0    |   1.0    |  0.292   | 0.264 |  0.069   |   0.25   |
|       eval2-v7      |   0.02   |  0.008   |  0.012   |  0.011   |   0.0    |  0.073   |   1.0    | 0.956 |   0.0    |  0.016   |
|         test        |  0.016   |  0.002   |  0.006   |  0.009   |   0.0    |   0.06   |  0.848   |  1.0  |   0.0    |  0.012   |
|       train_1M      |  0.931   |   0.0    |  0.988   |  0.986   |   0.0    |  0.927   |  0.002   |  0.0  |   1.0    |  0.984   |
|       train_7M      |  0.951   |   1.0    |   1.0    |  0.998   |  0.585   |   1.0    |   1.0    | 0.978 |   1.0    |   1.0    |
+---------------------+----------+----------+----------+----------+----------+----------+----------+-------+----------+----------+
